[*] Run ID 0: seed=0, split_index=0
    Starting now: 2024-12-02 23:41:16.198246
[*] Loaded dataset 'ENZYMES' from 'PyG-TUDataset':
  Data(edge_index=[2, 74564], x=[19580, 3], y=[600])
  undirected: True
  num graphs: 600
  avg num_nodes/graph: 32
  num node features: 3
  num edge features: 0
  num classes: 6
Precomputing Positional Encoding statistics: ['LapPE'] for all graphs...
  ...estimated to be undirected: True
Done! Took 00:00:00.26
GraphGymModule(
  (model): GPSModel(
    (encoder): FeatureEncoder(
      (node_encoder): LinearNodeEncoder(
        (encoder): Linear(in_features=3, out_features=96, bias=True)
      )
      (edge_encoder): DummyEdgeEncoder(
        (encoder): Embedding(1, 96)
      )
    )
    (layers): Sequential(
      (0): GPSLayer(
        summary: dim_h=96, local_gnn_type=CustomGatedGCN, global_model_type=Transformer, heads=4
        (local_model): GatedGCNLayer()
        (self_attn): MultiheadAttention(
          (out_proj): NonDynamicallyQuantizableLinear(in_features=96, out_features=96, bias=True)
        )
        (norm1_local): BatchNorm1d(96, eps=1e-05, momentum=0.1, affine=True, track_running_stats=True)
        (norm1_attn): BatchNorm1d(96, eps=1e-05, momentum=0.1, affine=True, track_running_stats=True)
        (dropout_local): Dropout(p=0.2, inplace=False)
        (dropout_attn): Dropout(p=0.2, inplace=False)
        (ff_linear1): Linear(in_features=96, out_features=192, bias=True)
        (ff_linear2): Linear(in_features=192, out_features=96, bias=True)
        (act_fn_ff): ReLU()
        (norm2): BatchNorm1d(96, eps=1e-05, momentum=0.1, affine=True, track_running_stats=True)
        (ff_dropout1): Dropout(p=0.2, inplace=False)
        (ff_dropout2): Dropout(p=0.2, inplace=False)
      )
      (1): GPSLayer(
        summary: dim_h=96, local_gnn_type=CustomGatedGCN, global_model_type=Transformer, heads=4
        (local_model): GatedGCNLayer()
        (self_attn): MultiheadAttention(
          (out_proj): NonDynamicallyQuantizableLinear(in_features=96, out_features=96, bias=True)
        )
        (norm1_local): BatchNorm1d(96, eps=1e-05, momentum=0.1, affine=True, track_running_stats=True)
        (norm1_attn): BatchNorm1d(96, eps=1e-05, momentum=0.1, affine=True, track_running_stats=True)
        (dropout_local): Dropout(p=0.2, inplace=False)
        (dropout_attn): Dropout(p=0.2, inplace=False)
        (ff_linear1): Linear(in_features=96, out_features=192, bias=True)
        (ff_linear2): Linear(in_features=192, out_features=96, bias=True)
        (act_fn_ff): ReLU()
        (norm2): BatchNorm1d(96, eps=1e-05, momentum=0.1, affine=True, track_running_stats=True)
        (ff_dropout1): Dropout(p=0.2, inplace=False)
        (ff_dropout2): Dropout(p=0.2, inplace=False)
      )
      (2): GPSLayer(
        summary: dim_h=96, local_gnn_type=CustomGatedGCN, global_model_type=Transformer, heads=4
        (local_model): GatedGCNLayer()
        (self_attn): MultiheadAttention(
          (out_proj): NonDynamicallyQuantizableLinear(in_features=96, out_features=96, bias=True)
        )
        (norm1_local): BatchNorm1d(96, eps=1e-05, momentum=0.1, affine=True, track_running_stats=True)
        (norm1_attn): BatchNorm1d(96, eps=1e-05, momentum=0.1, affine=True, track_running_stats=True)
        (dropout_local): Dropout(p=0.2, inplace=False)
        (dropout_attn): Dropout(p=0.2, inplace=False)
        (ff_linear1): Linear(in_features=96, out_features=192, bias=True)
        (ff_linear2): Linear(in_features=192, out_features=96, bias=True)
        (act_fn_ff): ReLU()
        (norm2): BatchNorm1d(96, eps=1e-05, momentum=0.1, affine=True, track_running_stats=True)
        (ff_dropout1): Dropout(p=0.2, inplace=False)
        (ff_dropout2): Dropout(p=0.2, inplace=False)
      )
      (3): GPSLayer(
        summary: dim_h=96, local_gnn_type=CustomGatedGCN, global_model_type=Transformer, heads=4
        (local_model): GatedGCNLayer()
        (self_attn): MultiheadAttention(
          (out_proj): NonDynamicallyQuantizableLinear(in_features=96, out_features=96, bias=True)
        )
        (norm1_local): BatchNorm1d(96, eps=1e-05, momentum=0.1, affine=True, track_running_stats=True)
        (norm1_attn): BatchNorm1d(96, eps=1e-05, momentum=0.1, affine=True, track_running_stats=True)
        (dropout_local): Dropout(p=0.2, inplace=False)
        (dropout_attn): Dropout(p=0.2, inplace=False)
        (ff_linear1): Linear(in_features=96, out_features=192, bias=True)
        (ff_linear2): Linear(in_features=192, out_features=96, bias=True)
        (act_fn_ff): ReLU()
        (norm2): BatchNorm1d(96, eps=1e-05, momentum=0.1, affine=True, track_running_stats=True)
        (ff_dropout1): Dropout(p=0.2, inplace=False)
        (ff_dropout2): Dropout(p=0.2, inplace=False)
      )
    )
    (post_mp): GNNGraphHead(
      (layer_post_mp): MLP(
        (model): Sequential(
          (0): Linear(
            (model): Linear(96, 6, bias=True)
          )
        )
      )
    )
  )
)
accelerator: cpu
benchmark: False
bn:
  eps: 1e-05
  mom: 0.1
cfg_dest: config.yaml
custom_metrics: []
dataset:
  cache_load: False
  cache_save: False
  dir: ./datasets
  edge_dim: 128
  edge_encoder: True
  edge_encoder_bn: False
  edge_encoder_name: DummyEdge
  edge_encoder_num_types: 0
  edge_message_ratio: 0.8
  edge_negative_sampling_ratio: 1.0
  edge_train_mode: all
  encoder: True
  encoder_bn: True
  encoder_dim: 128
  encoder_name: db
  format: PyG-TUDataset
  infer_link_label: None
  label_column: none
  label_table: none
  location: local
  name: ENZYMES
  node_encoder: True
  node_encoder_bn: False
  node_encoder_name: LinearNode
  node_encoder_num_types: 0
  remove_feature: False
  resample_disjoint: False
  resample_negative: False
  shuffle_split: True
  slic_compactness: 10
  split: [0.8, 0.1, 0.1]
  split_dir: ./splits
  split_index: 0
  split_mode: random
  task: graph
  task_type: classification
  to_undirected: False
  transductive: False
  transform: none
  tu_simple: True
devices: None
example_arg: example
example_group:
  example_arg: example
gnn:
  act: relu
  agg: add
  att_final_linear: False
  att_final_linear_bn: False
  att_heads: 1
  batchnorm: True
  clear_feature: True
  dim_edge: 96
  dim_inner: 96
  dropout: 0.0
  head: graph
  keep_edge: 0.5
  l2norm: True
  layer_type: generalconv
  layers_mp: 2
  layers_post_mp: 1
  layers_pre_mp: 0
  msg_direction: single
  normalize_adj: False
  residual: False
  self_msg: concat
  skip_every: 1
  stage_type: stack
gpu_mem: False
graphormer:
  attention_dropout: 0.0
  dropout: 0.0
  embed_dim: 80
  input_dropout: 0.0
  mlp_dropout: 0.0
  num_heads: 4
  num_layers: 6
  use_graph_token: True
gt:
  attn_dropout: 0.5
  batch_norm: True
  bigbird:
    add_cross_attention: False
    attention_type: block_sparse
    block_size: 3
    chunk_size_feed_forward: 0
    hidden_act: relu
    is_decoder: False
    layer_norm_eps: 1e-06
    max_position_embeddings: 128
    num_random_blocks: 3
    use_bias: False
  dim_hidden: 96
  dropout: 0.2
  full_graph: True
  gamma: 1e-05
  layer_norm: False
  layer_type: CustomGatedGCN+Transformer
  layers: 4
  n_heads: 4
  pna_degrees: []
  residual: True
mem:
  inplace: False
metric_agg: argmax
metric_best: accuracy
model:
  edge_decoding: dot
  graph_pooling: mean
  loss_fun: cross_entropy
  match_upper: True
  size_average: mean
  thresh: 0.5
  type: GPSModel
name_tag: 
num_threads: 6
num_workers: 0
optim:
  base_lr: 0.0005
  batch_accumulation: 1
  clip_grad_norm: True
  clip_grad_norm_value: 1.0
  lr_decay: 0.1
  max_epoch: 100
  min_lr: 0.0
  momentum: 0.9
  num_warmup_epochs: 10
  optimizer: adamW
  reduce_factor: 0.1
  schedule_patience: 10
  scheduler: cosine_with_warmup
  steps: [30, 60, 90]
  weight_decay: 0.01
out_dir: results/enzyme/enzyme-GPS
posenc_ElstaticSE:
  dim_pe: 16
  enable: False
  kernel:
    times: []
    times_func: range(10)
  layers: 3
  model: none
  n_heads: 4
  pass_as_var: False
  post_layers: 0
  raw_norm_type: none
posenc_EquivStableLapPE:
  eigen:
    eigvec_norm: L2
    laplacian_norm: sym
    max_freqs: 10
  enable: False
  raw_norm_type: none
posenc_GraphormerBias:
  dim_pe: 0
  enable: False
  node_degrees_only: False
  num_in_degrees: None
  num_out_degrees: None
  num_spatial_types: None
posenc_HKdiagSE:
  dim_pe: 16
  enable: False
  kernel:
    times: []
    times_func: 
  layers: 3
  model: none
  n_heads: 4
  pass_as_var: False
  post_layers: 0
  raw_norm_type: none
posenc_LapPE:
  dim_pe: 16
  eigen:
    eigvec_norm: L2
    laplacian_norm: none
    max_freqs: 10
  enable: True
  layers: 2
  model: DeepSet
  n_heads: 4
  pass_as_var: False
  post_layers: 0
  raw_norm_type: none
posenc_RWSE:
  dim_pe: 16
  enable: False
  kernel:
    times: []
    times_func: 
  layers: 3
  model: none
  n_heads: 4
  pass_as_var: False
  post_layers: 0
  raw_norm_type: none
posenc_SignNet:
  dim_pe: 16
  eigen:
    eigvec_norm: L2
    laplacian_norm: sym
    max_freqs: 10
  enable: False
  layers: 3
  model: none
  n_heads: 4
  pass_as_var: False
  phi_hidden_dim: 64
  phi_out_dim: 4
  post_layers: 0
  raw_norm_type: none
pretrained:
  dir: 
  freeze_main: False
  reset_prediction_head: True
print: both
round: 5
run_dir: results/enzyme/enzyme-GPS/0
run_id: 0
run_multiple_splits: []
seed: 0
share:
  dim_in: 3
  dim_out: 6
  num_splits: 3
tensorboard_agg: True
tensorboard_each_run: False
train:
  auto_resume: False
  batch_size: 64
  ckpt_best: False
  ckpt_clean: True
  ckpt_period: 100
  enable_ckpt: True
  epoch_resume: -1
  eval_period: 1
  iter_per_epoch: 32
  mode: custom
  neighbor_sizes: [20, 15, 10, 5]
  node_per_graph: 32
  radius: extend
  sample_node: False
  sampler: full_batch
  skip_train_eval: False
  walk_length: 4
val:
  node_per_graph: 32
  radius: extend
  sample_node: False
  sampler: full_batch
view_emb: False
wandb:
  entity: gtransformers
  name: 
  project: enzyme-GPS
  use: False
Num parameters: 488742
Start from epoch 0
train: {'epoch': 0, 'time_epoch': 3.0791, 'eta': 304.83046, 'eta_hours': 0.08468, 'loss': 1.82528161, 'lr': 0.0, 'params': 488742, 'time_iter': 0.38489, 'accuracy': 0.15417, 'f1': 0.12508, 'auc': 0.50369}
...computing epoch stats took: 0.01s
val: {'epoch': 0, 'time_epoch': 0.14022, 'loss': 1.92494702, 'lr': 0, 'params': 488742, 'time_iter': 0.14022, 'accuracy': 0.18333, 'f1': 0.08121, 'auc': 0.47665}
...computing epoch stats took: 0.00s
test: {'epoch': 0, 'time_epoch': 0.12925, 'loss': 1.82641792, 'lr': 0, 'params': 488742, 'time_iter': 0.12925, 'accuracy': 0.16667, 'f1': 0.0697, 'auc': 0.57067}
...computing epoch stats took: 0.00s
> Epoch 0: took 3.4s (avg 3.4s) | Best so far: epoch 0	train_loss: 1.8253 train_accuracy: 0.1542	val_loss: 1.9249 val_accuracy: 0.1833	test_loss: 1.8264 test_accuracy: 0.1667
train: {'epoch': 1, 'time_epoch': 3.41343, 'eta': 318.13386, 'eta_hours': 0.08837, 'loss': 1.81841486, 'lr': 5e-05, 'params': 488742, 'time_iter': 0.42668, 'accuracy': 0.15208, 'f1': 0.1239, 'auc': 0.50797}
...computing epoch stats took: 0.01s
val: {'epoch': 1, 'time_epoch': 0.15043, 'loss': 1.81957853, 'lr': 0, 'params': 488742, 'time_iter': 0.15043, 'accuracy': 0.13333, 'f1': 0.06843, 'auc': 0.49185}
...computing epoch stats took: 0.00s
test: {'epoch': 1, 'time_epoch': 0.12051, 'loss': 1.84337473, 'lr': 0, 'params': 488742, 'time_iter': 0.12051, 'accuracy': 0.2, 'f1': 0.09694, 'auc': 0.56773}
...computing epoch stats took: 0.00s
> Epoch 1: took 3.7s (avg 3.5s) | Best so far: epoch 0	train_loss: 1.8253 train_accuracy: 0.1542	val_loss: 1.9249 val_accuracy: 0.1833	test_loss: 1.8264 test_accuracy: 0.1667
train: {'epoch': 2, 'time_epoch': 3.4453, 'eta': 321.32317, 'eta_hours': 0.08926, 'loss': 1.77942519, 'lr': 0.0001, 'params': 488742, 'time_iter': 0.43066, 'accuracy': 0.225, 'f1': 0.22324, 'auc': 0.5531}
...computing epoch stats took: 0.01s
val: {'epoch': 2, 'time_epoch': 0.16645, 'loss': 1.79192615, 'lr': 0, 'params': 488742, 'time_iter': 0.16645, 'accuracy': 0.25, 'f1': 0.1381, 'auc': 0.5363}
...computing epoch stats took: 0.01s
test: {'epoch': 2, 'time_epoch': 0.15425, 'loss': 1.85861552, 'lr': 0, 'params': 488742, 'time_iter': 0.15425, 'accuracy': 0.06667, 'f1': 0.066, 'auc': 0.5777}
...computing epoch stats took: 0.01s
> Epoch 2: took 3.8s (avg 3.6s) | Best so far: epoch 2	train_loss: 1.7794 train_accuracy: 0.2250	val_loss: 1.7919 val_accuracy: 0.2500	test_loss: 1.8586 test_accuracy: 0.0667
train: {'epoch': 3, 'time_epoch': 3.37088, 'eta': 319.40911, 'eta_hours': 0.08872, 'loss': 1.73461843, 'lr': 0.00015, 'params': 488742, 'time_iter': 0.42136, 'accuracy': 0.28333, 'f1': 0.26816, 'auc': 0.60578}
val: {'epoch': 3, 'time_epoch': 0.13793, 'loss': 1.77765477, 'lr': 0, 'params': 488742, 'time_iter': 0.13793, 'accuracy': 0.25, 'f1': 0.17377, 'auc': 0.58498}
test: {'epoch': 3, 'time_epoch': 0.14842, 'loss': 1.85154402, 'lr': 0, 'params': 488742, 'time_iter': 0.14842, 'accuracy': 0.06667, 'f1': 0.0587, 'auc': 0.58193}
> Epoch 3: took 3.7s (avg 3.6s) | Best so far: epoch 2	train_loss: 1.7794 train_accuracy: 0.2250	val_loss: 1.7919 val_accuracy: 0.2500	test_loss: 1.8586 test_accuracy: 0.0667
train: {'epoch': 4, 'time_epoch': 3.37621, 'eta': 317.01345, 'eta_hours': 0.08806, 'loss': 1.71284901, 'lr': 0.0002, 'params': 488742, 'time_iter': 0.42203, 'accuracy': 0.27292, 'f1': 0.25633, 'auc': 0.62718}
val: {'epoch': 4, 'time_epoch': 0.12995, 'loss': 1.7764852, 'lr': 0, 'params': 488742, 'time_iter': 0.12995, 'accuracy': 0.21667, 'f1': 0.15356, 'auc': 0.5916}
test: {'epoch': 4, 'time_epoch': 0.15919, 'loss': 1.82316518, 'lr': 0, 'params': 488742, 'time_iter': 0.15919, 'accuracy': 0.13333, 'f1': 0.11418, 'auc': 0.60229}
> Epoch 4: took 3.7s (avg 3.6s) | Best so far: epoch 2	train_loss: 1.7794 train_accuracy: 0.2250	val_loss: 1.7919 val_accuracy: 0.2500	test_loss: 1.8586 test_accuracy: 0.0667
train: {'epoch': 5, 'time_epoch': 3.02466, 'eta': 308.78334, 'eta_hours': 0.08577, 'loss': 1.70171181, 'lr': 0.00025, 'params': 488742, 'time_iter': 0.37808, 'accuracy': 0.27708, 'f1': 0.25421, 'auc': 0.63657}
val: {'epoch': 5, 'time_epoch': 0.14493, 'loss': 1.80363488, 'lr': 0, 'params': 488742, 'time_iter': 0.14493, 'accuracy': 0.26667, 'f1': 0.23382, 'auc': 0.61424}
test: {'epoch': 5, 'time_epoch': 0.13198, 'loss': 1.79102325, 'lr': 0, 'params': 488742, 'time_iter': 0.13198, 'accuracy': 0.23333, 'f1': 0.21436, 'auc': 0.63972}
> Epoch 5: took 3.3s (avg 3.6s) | Best so far: epoch 5	train_loss: 1.7017 train_accuracy: 0.2771	val_loss: 1.8036 val_accuracy: 0.2667	test_loss: 1.7910 test_accuracy: 0.2333
train: {'epoch': 6, 'time_epoch': 3.56021, 'eta': 309.15567, 'eta_hours': 0.08588, 'loss': 1.66807447, 'lr': 0.0003, 'params': 488742, 'time_iter': 0.44503, 'accuracy': 0.29792, 'f1': 0.28026, 'auc': 0.66315}
val: {'epoch': 6, 'time_epoch': 0.12974, 'loss': 1.81991148, 'lr': 0, 'params': 488742, 'time_iter': 0.12974, 'accuracy': 0.28333, 'f1': 0.2566, 'auc': 0.61985}
test: {'epoch': 6, 'time_epoch': 0.11485, 'loss': 1.76232255, 'lr': 0, 'params': 488742, 'time_iter': 0.11485, 'accuracy': 0.28333, 'f1': 0.26107, 'auc': 0.65254}
> Epoch 6: took 3.8s (avg 3.6s) | Best so far: epoch 6	train_loss: 1.6681 train_accuracy: 0.2979	val_loss: 1.8199 val_accuracy: 0.2833	test_loss: 1.7623 test_accuracy: 0.2833
train: {'epoch': 7, 'time_epoch': 3.97841, 'eta': 313.35415, 'eta_hours': 0.08704, 'loss': 1.6662849, 'lr': 0.00035, 'params': 488742, 'time_iter': 0.4973, 'accuracy': 0.29792, 'f1': 0.29382, 'auc': 0.66482}
val: {'epoch': 7, 'time_epoch': 0.13104, 'loss': 1.90461373, 'lr': 0, 'params': 488742, 'time_iter': 0.13104, 'accuracy': 0.33333, 'f1': 0.31998, 'auc': 0.64189}
test: {'epoch': 7, 'time_epoch': 0.16195, 'loss': 1.74622786, 'lr': 0, 'params': 488742, 'time_iter': 0.16195, 'accuracy': 0.33333, 'f1': 0.2793, 'auc': 0.61721}
> Epoch 7: took 4.3s (avg 3.7s) | Best so far: epoch 7	train_loss: 1.6663 train_accuracy: 0.2979	val_loss: 1.9046 val_accuracy: 0.3333	test_loss: 1.7462 test_accuracy: 0.3333
train: {'epoch': 8, 'time_epoch': 3.28656, 'eta': 308.74025, 'eta_hours': 0.08576, 'loss': 1.64897642, 'lr': 0.0004, 'params': 488742, 'time_iter': 0.41082, 'accuracy': 0.32083, 'f1': 0.3113, 'auc': 0.67327}
val: {'epoch': 8, 'time_epoch': 0.1325, 'loss': 1.91712356, 'lr': 0, 'params': 488742, 'time_iter': 0.1325, 'accuracy': 0.31667, 'f1': 0.28256, 'auc': 0.64712}
test: {'epoch': 8, 'time_epoch': 0.14182, 'loss': 1.72446561, 'lr': 0, 'params': 488742, 'time_iter': 0.14182, 'accuracy': 0.36667, 'f1': 0.2666, 'auc': 0.6199}
> Epoch 8: took 3.6s (avg 3.7s) | Best so far: epoch 7	train_loss: 1.6663 train_accuracy: 0.2979	val_loss: 1.9046 val_accuracy: 0.3333	test_loss: 1.7462 test_accuracy: 0.3333
train: {'epoch': 9, 'time_epoch': 3.37987, 'eta': 305.2316, 'eta_hours': 0.08479, 'loss': 1.63114214, 'lr': 0.00045, 'params': 488742, 'time_iter': 0.42248, 'accuracy': 0.32708, 'f1': 0.30145, 'auc': 0.6839}
val: {'epoch': 9, 'time_epoch': 0.14112, 'loss': 1.98636079, 'lr': 0, 'params': 488742, 'time_iter': 0.14112, 'accuracy': 0.26667, 'f1': 0.2295, 'auc': 0.64149}
test: {'epoch': 9, 'time_epoch': 0.11906, 'loss': 1.68656695, 'lr': 0, 'params': 488742, 'time_iter': 0.11906, 'accuracy': 0.38333, 'f1': 0.27832, 'auc': 0.64715}
> Epoch 9: took 3.7s (avg 3.7s) | Best so far: epoch 7	train_loss: 1.6663 train_accuracy: 0.2979	val_loss: 1.9046 val_accuracy: 0.3333	test_loss: 1.7462 test_accuracy: 0.3333
train: {'epoch': 10, 'time_epoch': 3.57952, 'eta': 303.36173, 'eta_hours': 0.08427, 'loss': 1.62560627, 'lr': 0.0005, 'params': 488742, 'time_iter': 0.44744, 'accuracy': 0.31458, 'f1': 0.29551, 'auc': 0.68592}
val: {'epoch': 10, 'time_epoch': 0.1706, 'loss': 1.99899364, 'lr': 0, 'params': 488742, 'time_iter': 0.1706, 'accuracy': 0.25, 'f1': 0.21204, 'auc': 0.65484}
test: {'epoch': 10, 'time_epoch': 0.14974, 'loss': 1.69202733, 'lr': 0, 'params': 488742, 'time_iter': 0.14974, 'accuracy': 0.26667, 'f1': 0.16586, 'auc': 0.64716}
> Epoch 10: took 3.9s (avg 3.7s) | Best so far: epoch 7	train_loss: 1.6663 train_accuracy: 0.2979	val_loss: 1.9046 val_accuracy: 0.3333	test_loss: 1.7462 test_accuracy: 0.3333
train: {'epoch': 11, 'time_epoch': 3.64221, 'eta': 301.66659, 'eta_hours': 0.0838, 'loss': 1.60973093, 'lr': 0.00049985, 'params': 488742, 'time_iter': 0.45528, 'accuracy': 0.32917, 'f1': 0.31552, 'auc': 0.70081}
val: {'epoch': 11, 'time_epoch': 0.14096, 'loss': 2.03423262, 'lr': 0, 'params': 488742, 'time_iter': 0.14096, 'accuracy': 0.31667, 'f1': 0.28862, 'auc': 0.66939}
test: {'epoch': 11, 'time_epoch': 0.11868, 'loss': 1.75984895, 'lr': 0, 'params': 488742, 'time_iter': 0.11868, 'accuracy': 0.36667, 'f1': 0.29314, 'auc': 0.61607}
> Epoch 11: took 3.9s (avg 3.7s) | Best so far: epoch 7	train_loss: 1.6663 train_accuracy: 0.2979	val_loss: 1.9046 val_accuracy: 0.3333	test_loss: 1.7462 test_accuracy: 0.3333
train: {'epoch': 12, 'time_epoch': 3.60461, 'eta': 299.42029, 'eta_hours': 0.08317, 'loss': 1.59550598, 'lr': 0.00049939, 'params': 488742, 'time_iter': 0.45058, 'accuracy': 0.34792, 'f1': 0.3367, 'auc': 0.70335}
val: {'epoch': 12, 'time_epoch': 0.15648, 'loss': 2.09145284, 'lr': 0, 'params': 488742, 'time_iter': 0.15648, 'accuracy': 0.28333, 'f1': 0.25455, 'auc': 0.66671}
test: {'epoch': 12, 'time_epoch': 0.1311, 'loss': 1.75238943, 'lr': 0, 'params': 488742, 'time_iter': 0.1311, 'accuracy': 0.38333, 'f1': 0.34872, 'auc': 0.64401}
> Epoch 12: took 3.9s (avg 3.7s) | Best so far: epoch 7	train_loss: 1.6663 train_accuracy: 0.2979	val_loss: 1.9046 val_accuracy: 0.3333	test_loss: 1.7462 test_accuracy: 0.3333
train: {'epoch': 13, 'time_epoch': 3.47627, 'eta': 296.19159, 'eta_hours': 0.08228, 'loss': 1.55984039, 'lr': 0.00049863, 'params': 488742, 'time_iter': 0.43453, 'accuracy': 0.36042, 'f1': 0.34916, 'auc': 0.72291}
val: {'epoch': 13, 'time_epoch': 0.14267, 'loss': 1.98181295, 'lr': 0, 'params': 488742, 'time_iter': 0.14267, 'accuracy': 0.31667, 'f1': 0.30694, 'auc': 0.67752}
test: {'epoch': 13, 'time_epoch': 0.11392, 'loss': 1.84830868, 'lr': 0, 'params': 488742, 'time_iter': 0.11392, 'accuracy': 0.33333, 'f1': 0.28822, 'auc': 0.63872}
> Epoch 13: took 3.8s (avg 3.7s) | Best so far: epoch 7	train_loss: 1.6663 train_accuracy: 0.2979	val_loss: 1.9046 val_accuracy: 0.3333	test_loss: 1.7462 test_accuracy: 0.3333
train: {'epoch': 14, 'time_epoch': 3.35099, 'eta': 292.21995, 'eta_hours': 0.08117, 'loss': 1.57328525, 'lr': 0.00049757, 'params': 488742, 'time_iter': 0.41887, 'accuracy': 0.3625, 'f1': 0.35225, 'auc': 0.71886}
val: {'epoch': 14, 'time_epoch': 0.14594, 'loss': 1.97775447, 'lr': 0, 'params': 488742, 'time_iter': 0.14594, 'accuracy': 0.33333, 'f1': 0.30728, 'auc': 0.67349}
test: {'epoch': 14, 'time_epoch': 0.14293, 'loss': 1.95784497, 'lr': 0, 'params': 488742, 'time_iter': 0.14293, 'accuracy': 0.3, 'f1': 0.28301, 'auc': 0.58056}
> Epoch 14: took 3.7s (avg 3.7s) | Best so far: epoch 7	train_loss: 1.6663 train_accuracy: 0.2979	val_loss: 1.9046 val_accuracy: 0.3333	test_loss: 1.7462 test_accuracy: 0.3333
train: {'epoch': 15, 'time_epoch': 3.73012, 'eta': 290.31633, 'eta_hours': 0.08064, 'loss': 1.54278639, 'lr': 0.0004962, 'params': 488742, 'time_iter': 0.46627, 'accuracy': 0.37917, 'f1': 0.36445, 'auc': 0.73195}
val: {'epoch': 15, 'time_epoch': 0.1425, 'loss': 1.99961829, 'lr': 0, 'params': 488742, 'time_iter': 0.1425, 'accuracy': 0.33333, 'f1': 0.3162, 'auc': 0.6897}
test: {'epoch': 15, 'time_epoch': 0.14835, 'loss': 1.82401609, 'lr': 0, 'params': 488742, 'time_iter': 0.14835, 'accuracy': 0.35, 'f1': 0.30638, 'auc': 0.63752}
> Epoch 15: took 4.0s (avg 3.8s) | Best so far: epoch 7	train_loss: 1.6663 train_accuracy: 0.2979	val_loss: 1.9046 val_accuracy: 0.3333	test_loss: 1.7462 test_accuracy: 0.3333
train: {'epoch': 16, 'time_epoch': 3.5877, 'eta': 287.50249, 'eta_hours': 0.07986, 'loss': 1.52938274, 'lr': 0.00049454, 'params': 488742, 'time_iter': 0.44846, 'accuracy': 0.37292, 'f1': 0.35289, 'auc': 0.73658}
val: {'epoch': 16, 'time_epoch': 0.13496, 'loss': 1.99723983, 'lr': 0, 'params': 488742, 'time_iter': 0.13496, 'accuracy': 0.31667, 'f1': 0.30703, 'auc': 0.6783}
test: {'epoch': 16, 'time_epoch': 0.13351, 'loss': 1.83015716, 'lr': 0, 'params': 488742, 'time_iter': 0.13351, 'accuracy': 0.28333, 'f1': 0.21023, 'auc': 0.62873}
> Epoch 16: took 3.9s (avg 3.8s) | Best so far: epoch 7	train_loss: 1.6663 train_accuracy: 0.2979	val_loss: 1.9046 val_accuracy: 0.3333	test_loss: 1.7462 test_accuracy: 0.3333
train: {'epoch': 17, 'time_epoch': 3.62839, 'eta': 284.78804, 'eta_hours': 0.07911, 'loss': 1.50705981, 'lr': 0.00049257, 'params': 488742, 'time_iter': 0.45355, 'accuracy': 0.39792, 'f1': 0.38494, 'auc': 0.75227}
val: {'epoch': 17, 'time_epoch': 0.13479, 'loss': 2.02079535, 'lr': 0, 'params': 488742, 'time_iter': 0.13479, 'accuracy': 0.3, 'f1': 0.27888, 'auc': 0.68498}
test: {'epoch': 17, 'time_epoch': 0.1577, 'loss': 1.75079739, 'lr': 0, 'params': 488742, 'time_iter': 0.1577, 'accuracy': 0.36667, 'f1': 0.30058, 'auc': 0.6386}
> Epoch 17: took 3.9s (avg 3.8s) | Best so far: epoch 7	train_loss: 1.6663 train_accuracy: 0.2979	val_loss: 1.9046 val_accuracy: 0.3333	test_loss: 1.7462 test_accuracy: 0.3333
train: {'epoch': 18, 'time_epoch': 3.69507, 'eta': 282.26162, 'eta_hours': 0.07841, 'loss': 1.52695952, 'lr': 0.00049032, 'params': 488742, 'time_iter': 0.46188, 'accuracy': 0.37083, 'f1': 0.36079, 'auc': 0.73752}
val: {'epoch': 18, 'time_epoch': 0.14458, 'loss': 2.05975938, 'lr': 0, 'params': 488742, 'time_iter': 0.14458, 'accuracy': 0.3, 'f1': 0.25289, 'auc': 0.68483}
test: {'epoch': 18, 'time_epoch': 0.16968, 'loss': 1.71143305, 'lr': 0, 'params': 488742, 'time_iter': 0.16968, 'accuracy': 0.41667, 'f1': 0.32172, 'auc': 0.65233}
> Epoch 18: took 4.0s (avg 3.8s) | Best so far: epoch 7	train_loss: 1.6663 train_accuracy: 0.2979	val_loss: 1.9046 val_accuracy: 0.3333	test_loss: 1.7462 test_accuracy: 0.3333
train: {'epoch': 19, 'time_epoch': 3.66534, 'eta': 279.49941, 'eta_hours': 0.07764, 'loss': 1.49202529, 'lr': 0.00048776, 'params': 488742, 'time_iter': 0.45817, 'accuracy': 0.4, 'f1': 0.39053, 'auc': 0.74982}
val: {'epoch': 19, 'time_epoch': 0.13996, 'loss': 2.03486347, 'lr': 0, 'params': 488742, 'time_iter': 0.13996, 'accuracy': 0.35, 'f1': 0.34453, 'auc': 0.68552}
test: {'epoch': 19, 'time_epoch': 0.16106, 'loss': 1.79506421, 'lr': 0, 'params': 488742, 'time_iter': 0.16106, 'accuracy': 0.36667, 'f1': 0.28973, 'auc': 0.62578}
> Epoch 19: took 4.0s (avg 3.8s) | Best so far: epoch 19	train_loss: 1.4920 train_accuracy: 0.4000	val_loss: 2.0349 val_accuracy: 0.3500	test_loss: 1.7951 test_accuracy: 0.3667
train: {'epoch': 20, 'time_epoch': 3.38564, 'eta': 275.59899, 'eta_hours': 0.07656, 'loss': 1.46822459, 'lr': 0.00048492, 'params': 488742, 'time_iter': 0.4232, 'accuracy': 0.40833, 'f1': 0.40165, 'auc': 0.76216}
val: {'epoch': 20, 'time_epoch': 0.13889, 'loss': 1.99526, 'lr': 0, 'params': 488742, 'time_iter': 0.13889, 'accuracy': 0.28333, 'f1': 0.25739, 'auc': 0.68724}
test: {'epoch': 20, 'time_epoch': 0.13078, 'loss': 1.74074769, 'lr': 0, 'params': 488742, 'time_iter': 0.13078, 'accuracy': 0.38333, 'f1': 0.30812, 'auc': 0.64689}
> Epoch 20: took 3.7s (avg 3.8s) | Best so far: epoch 19	train_loss: 1.4920 train_accuracy: 0.4000	val_loss: 2.0349 val_accuracy: 0.3500	test_loss: 1.7951 test_accuracy: 0.3667
train: {'epoch': 21, 'time_epoch': 3.42317, 'eta': 271.87844, 'eta_hours': 0.07552, 'loss': 1.46576861, 'lr': 0.0004818, 'params': 488742, 'time_iter': 0.4279, 'accuracy': 0.41458, 'f1': 0.40605, 'auc': 0.763}
val: {'epoch': 21, 'time_epoch': 0.12184, 'loss': 1.97791171, 'lr': 0, 'params': 488742, 'time_iter': 0.12184, 'accuracy': 0.35, 'f1': 0.34957, 'auc': 0.70236}
test: {'epoch': 21, 'time_epoch': 0.12857, 'loss': 1.82554245, 'lr': 0, 'params': 488742, 'time_iter': 0.12857, 'accuracy': 0.31667, 'f1': 0.25628, 'auc': 0.62124}
> Epoch 21: took 3.7s (avg 3.8s) | Best so far: epoch 19	train_loss: 1.4920 train_accuracy: 0.4000	val_loss: 2.0349 val_accuracy: 0.3500	test_loss: 1.7951 test_accuracy: 0.3667
train: {'epoch': 22, 'time_epoch': 3.47634, 'eta': 268.36175, 'eta_hours': 0.07454, 'loss': 1.44979765, 'lr': 0.00047839, 'params': 488742, 'time_iter': 0.43454, 'accuracy': 0.41042, 'f1': 0.40016, 'auc': 0.76817}
val: {'epoch': 22, 'time_epoch': 0.15001, 'loss': 2.02406836, 'lr': 0, 'params': 488742, 'time_iter': 0.15001, 'accuracy': 0.4, 'f1': 0.37959, 'auc': 0.67424}
test: {'epoch': 22, 'time_epoch': 0.13906, 'loss': 1.92467642, 'lr': 0, 'params': 488742, 'time_iter': 0.13906, 'accuracy': 0.36667, 'f1': 0.34954, 'auc': 0.61919}
> Epoch 22: took 3.8s (avg 3.8s) | Best so far: epoch 22	train_loss: 1.4498 train_accuracy: 0.4104	val_loss: 2.0241 val_accuracy: 0.4000	test_loss: 1.9247 test_accuracy: 0.3667
train: {'epoch': 23, 'time_epoch': 3.56023, 'eta': 265.11406, 'eta_hours': 0.07364, 'loss': 1.42423738, 'lr': 0.0004747, 'params': 488742, 'time_iter': 0.44503, 'accuracy': 0.44375, 'f1': 0.43595, 'auc': 0.77661}
val: {'epoch': 23, 'time_epoch': 0.13696, 'loss': 2.04436398, 'lr': 0, 'params': 488742, 'time_iter': 0.13696, 'accuracy': 0.38333, 'f1': 0.37207, 'auc': 0.67445}
test: {'epoch': 23, 'time_epoch': 0.12969, 'loss': 1.92130065, 'lr': 0, 'params': 488742, 'time_iter': 0.12969, 'accuracy': 0.28333, 'f1': 0.2587, 'auc': 0.59715}
> Epoch 23: took 3.8s (avg 3.8s) | Best so far: epoch 22	train_loss: 1.4498 train_accuracy: 0.4104	val_loss: 2.0241 val_accuracy: 0.4000	test_loss: 1.9247 test_accuracy: 0.3667
train: {'epoch': 24, 'time_epoch': 3.20273, 'eta': 260.7689, 'eta_hours': 0.07244, 'loss': 1.42414165, 'lr': 0.00047074, 'params': 488742, 'time_iter': 0.40034, 'accuracy': 0.41667, 'f1': 0.41107, 'auc': 0.77651}
val: {'epoch': 24, 'time_epoch': 0.15389, 'loss': 2.00592995, 'lr': 0, 'params': 488742, 'time_iter': 0.15389, 'accuracy': 0.35, 'f1': 0.3631, 'auc': 0.68161}
test: {'epoch': 24, 'time_epoch': 0.13101, 'loss': 1.80822003, 'lr': 0, 'params': 488742, 'time_iter': 0.13101, 'accuracy': 0.4, 'f1': 0.35976, 'auc': 0.64043}
> Epoch 24: took 3.5s (avg 3.8s) | Best so far: epoch 22	train_loss: 1.4498 train_accuracy: 0.4104	val_loss: 2.0241 val_accuracy: 0.4000	test_loss: 1.9247 test_accuracy: 0.3667
train: {'epoch': 25, 'time_epoch': 3.78961, 'eta': 258.18194, 'eta_hours': 0.07172, 'loss': 1.39874112, 'lr': 0.00046651, 'params': 488742, 'time_iter': 0.4737, 'accuracy': 0.45417, 'f1': 0.44809, 'auc': 0.78735}
val: {'epoch': 25, 'time_epoch': 0.16105, 'loss': 1.96181154, 'lr': 0, 'params': 488742, 'time_iter': 0.16105, 'accuracy': 0.43333, 'f1': 0.41701, 'auc': 0.70008}
test: {'epoch': 25, 'time_epoch': 0.15619, 'loss': 1.84126019, 'lr': 0, 'params': 488742, 'time_iter': 0.15619, 'accuracy': 0.33333, 'f1': 0.27572, 'auc': 0.64724}
> Epoch 25: took 4.1s (avg 3.8s) | Best so far: epoch 25	train_loss: 1.3987 train_accuracy: 0.4542	val_loss: 1.9618 val_accuracy: 0.4333	test_loss: 1.8413 test_accuracy: 0.3333
train: {'epoch': 26, 'time_epoch': 3.68101, 'eta': 255.21227, 'eta_hours': 0.07089, 'loss': 1.38781929, 'lr': 0.00046201, 'params': 488742, 'time_iter': 0.46013, 'accuracy': 0.44792, 'f1': 0.43788, 'auc': 0.79195}
val: {'epoch': 26, 'time_epoch': 0.14055, 'loss': 2.050699, 'lr': 0, 'params': 488742, 'time_iter': 0.14055, 'accuracy': 0.33333, 'f1': 0.3286, 'auc': 0.6843}
test: {'epoch': 26, 'time_epoch': 0.18876, 'loss': 1.77642322, 'lr': 0, 'params': 488742, 'time_iter': 0.18876, 'accuracy': 0.31667, 'f1': 0.26487, 'auc': 0.66168}
> Epoch 26: took 4.0s (avg 3.8s) | Best so far: epoch 25	train_loss: 1.3987 train_accuracy: 0.4542	val_loss: 1.9618 val_accuracy: 0.4333	test_loss: 1.8413 test_accuracy: 0.3333
train: {'epoch': 27, 'time_epoch': 3.48719, 'eta': 251.69339, 'eta_hours': 0.06991, 'loss': 1.39424011, 'lr': 0.00045726, 'params': 488742, 'time_iter': 0.4359, 'accuracy': 0.44583, 'f1': 0.4381, 'auc': 0.78664}
val: {'epoch': 27, 'time_epoch': 0.12248, 'loss': 2.07865, 'lr': 0, 'params': 488742, 'time_iter': 0.12248, 'accuracy': 0.4, 'f1': 0.38231, 'auc': 0.70373}
test: {'epoch': 27, 'time_epoch': 0.13146, 'loss': 1.78953242, 'lr': 0, 'params': 488742, 'time_iter': 0.13146, 'accuracy': 0.36667, 'f1': 0.32826, 'auc': 0.64169}
> Epoch 27: took 3.8s (avg 3.8s) | Best so far: epoch 25	train_loss: 1.3987 train_accuracy: 0.4542	val_loss: 1.9618 val_accuracy: 0.4333	test_loss: 1.8413 test_accuracy: 0.3333
train: {'epoch': 28, 'time_epoch': 3.37422, 'eta': 247.90013, 'eta_hours': 0.06886, 'loss': 1.38253841, 'lr': 0.00045225, 'params': 488742, 'time_iter': 0.42178, 'accuracy': 0.43125, 'f1': 0.41576, 'auc': 0.79463}
val: {'epoch': 28, 'time_epoch': 0.14421, 'loss': 1.8948406, 'lr': 0, 'params': 488742, 'time_iter': 0.14421, 'accuracy': 0.43333, 'f1': 0.40133, 'auc': 0.69719}
test: {'epoch': 28, 'time_epoch': 0.11226, 'loss': 1.8544333, 'lr': 0, 'params': 488742, 'time_iter': 0.11226, 'accuracy': 0.31667, 'f1': 0.28386, 'auc': 0.64195}
> Epoch 28: took 3.7s (avg 3.8s) | Best so far: epoch 25	train_loss: 1.3987 train_accuracy: 0.4542	val_loss: 1.9618 val_accuracy: 0.4333	test_loss: 1.8413 test_accuracy: 0.3333
train: {'epoch': 29, 'time_epoch': 3.45775, 'eta': 244.32972, 'eta_hours': 0.06787, 'loss': 1.35914176, 'lr': 0.000447, 'params': 488742, 'time_iter': 0.43222, 'accuracy': 0.44792, 'f1': 0.44016, 'auc': 0.80265}
val: {'epoch': 29, 'time_epoch': 0.1509, 'loss': 1.94760144, 'lr': 0, 'params': 488742, 'time_iter': 0.1509, 'accuracy': 0.41667, 'f1': 0.39435, 'auc': 0.68905}
test: {'epoch': 29, 'time_epoch': 0.14661, 'loss': 1.88149917, 'lr': 0, 'params': 488742, 'time_iter': 0.14661, 'accuracy': 0.33333, 'f1': 0.31408, 'auc': 0.62461}
> Epoch 29: took 3.8s (avg 3.8s) | Best so far: epoch 25	train_loss: 1.3987 train_accuracy: 0.4542	val_loss: 1.9618 val_accuracy: 0.4333	test_loss: 1.8413 test_accuracy: 0.3333
train: {'epoch': 30, 'time_epoch': 3.48377, 'eta': 240.82448, 'eta_hours': 0.0669, 'loss': 1.36436806, 'lr': 0.00044151, 'params': 488742, 'time_iter': 0.43547, 'accuracy': 0.45625, 'f1': 0.44586, 'auc': 0.79848}
val: {'epoch': 30, 'time_epoch': 0.14564, 'loss': 1.97678447, 'lr': 0, 'params': 488742, 'time_iter': 0.14564, 'accuracy': 0.45, 'f1': 0.44542, 'auc': 0.69367}
test: {'epoch': 30, 'time_epoch': 0.12435, 'loss': 1.89867425, 'lr': 0, 'params': 488742, 'time_iter': 0.12435, 'accuracy': 0.33333, 'f1': 0.30758, 'auc': 0.63148}
> Epoch 30: took 3.8s (avg 3.8s) | Best so far: epoch 30	train_loss: 1.3644 train_accuracy: 0.4562	val_loss: 1.9768 val_accuracy: 0.4500	test_loss: 1.8987 test_accuracy: 0.3333
train: {'epoch': 31, 'time_epoch': 3.43372, 'eta': 237.21423, 'eta_hours': 0.06589, 'loss': 1.34815041, 'lr': 0.00043579, 'params': 488742, 'time_iter': 0.42921, 'accuracy': 0.49167, 'f1': 0.48663, 'auc': 0.80353}
val: {'epoch': 31, 'time_epoch': 0.14965, 'loss': 2.00626183, 'lr': 0, 'params': 488742, 'time_iter': 0.14965, 'accuracy': 0.41667, 'f1': 0.39683, 'auc': 0.68102}
test: {'epoch': 31, 'time_epoch': 0.13674, 'loss': 1.89508832, 'lr': 0, 'params': 488742, 'time_iter': 0.13674, 'accuracy': 0.43333, 'f1': 0.39434, 'auc': 0.64408}
> Epoch 31: took 3.7s (avg 3.8s) | Best so far: epoch 30	train_loss: 1.3644 train_accuracy: 0.4562	val_loss: 1.9768 val_accuracy: 0.4500	test_loss: 1.8987 test_accuracy: 0.3333
train: {'epoch': 32, 'time_epoch': 3.5701, 'eta': 233.89157, 'eta_hours': 0.06497, 'loss': 1.34420331, 'lr': 0.00042983, 'params': 488742, 'time_iter': 0.44626, 'accuracy': 0.48542, 'f1': 0.47877, 'auc': 0.80565}
val: {'epoch': 32, 'time_epoch': 0.14009, 'loss': 2.07523084, 'lr': 0, 'params': 488742, 'time_iter': 0.14009, 'accuracy': 0.41667, 'f1': 0.40609, 'auc': 0.68208}
test: {'epoch': 32, 'time_epoch': 0.13076, 'loss': 1.95116985, 'lr': 0, 'params': 488742, 'time_iter': 0.13076, 'accuracy': 0.26667, 'f1': 0.26508, 'auc': 0.63314}
> Epoch 32: took 3.9s (avg 3.8s) | Best so far: epoch 30	train_loss: 1.3644 train_accuracy: 0.4562	val_loss: 1.9768 val_accuracy: 0.4500	test_loss: 1.8987 test_accuracy: 0.3333
train: {'epoch': 33, 'time_epoch': 3.54095, 'eta': 230.49778, 'eta_hours': 0.06403, 'loss': 1.33675581, 'lr': 0.00042366, 'params': 488742, 'time_iter': 0.44262, 'accuracy': 0.47083, 'f1': 0.4604, 'auc': 0.80819}
val: {'epoch': 33, 'time_epoch': 0.15118, 'loss': 1.999928, 'lr': 0, 'params': 488742, 'time_iter': 0.15118, 'accuracy': 0.4, 'f1': 0.38051, 'auc': 0.68477}
test: {'epoch': 33, 'time_epoch': 0.1456, 'loss': 1.95029938, 'lr': 0, 'params': 488742, 'time_iter': 0.1456, 'accuracy': 0.28333, 'f1': 0.27846, 'auc': 0.63384}
> Epoch 33: took 3.9s (avg 3.8s) | Best so far: epoch 30	train_loss: 1.3644 train_accuracy: 0.4562	val_loss: 1.9768 val_accuracy: 0.4500	test_loss: 1.8987 test_accuracy: 0.3333
train: {'epoch': 34, 'time_epoch': 3.69233, 'eta': 227.3767, 'eta_hours': 0.06316, 'loss': 1.31432646, 'lr': 0.00041728, 'params': 488742, 'time_iter': 0.46154, 'accuracy': 0.45833, 'f1': 0.45094, 'auc': 0.8181}
val: {'epoch': 34, 'time_epoch': 0.1645, 'loss': 2.02791619, 'lr': 0, 'params': 488742, 'time_iter': 0.1645, 'accuracy': 0.4, 'f1': 0.38081, 'auc': 0.67626}
test: {'epoch': 34, 'time_epoch': 0.13258, 'loss': 1.97736371, 'lr': 0, 'params': 488742, 'time_iter': 0.13258, 'accuracy': 0.28333, 'f1': 0.29435, 'auc': 0.64904}
> Epoch 34: took 4.0s (avg 3.8s) | Best so far: epoch 30	train_loss: 1.3644 train_accuracy: 0.4562	val_loss: 1.9768 val_accuracy: 0.4500	test_loss: 1.8987 test_accuracy: 0.3333
train: {'epoch': 35, 'time_epoch': 3.41661, 'eta': 223.73372, 'eta_hours': 0.06215, 'loss': 1.31176764, 'lr': 0.0004107, 'params': 488742, 'time_iter': 0.42708, 'accuracy': 0.45833, 'f1': 0.45038, 'auc': 0.81438}
val: {'epoch': 35, 'time_epoch': 0.13522, 'loss': 1.9823128, 'lr': 0, 'params': 488742, 'time_iter': 0.13522, 'accuracy': 0.4, 'f1': 0.36354, 'auc': 0.68895}
test: {'epoch': 35, 'time_epoch': 0.12963, 'loss': 1.89667654, 'lr': 0, 'params': 488742, 'time_iter': 0.12963, 'accuracy': 0.3, 'f1': 0.28579, 'auc': 0.63121}
> Epoch 35: took 3.7s (avg 3.8s) | Best so far: epoch 30	train_loss: 1.3644 train_accuracy: 0.4562	val_loss: 1.9768 val_accuracy: 0.4500	test_loss: 1.8987 test_accuracy: 0.3333
train: {'epoch': 36, 'time_epoch': 3.6232, 'eta': 220.45474, 'eta_hours': 0.06124, 'loss': 1.32650014, 'lr': 0.00040392, 'params': 488742, 'time_iter': 0.4529, 'accuracy': 0.44167, 'f1': 0.43397, 'auc': 0.81196}
val: {'epoch': 36, 'time_epoch': 0.15205, 'loss': 2.03551602, 'lr': 0, 'params': 488742, 'time_iter': 0.15205, 'accuracy': 0.4, 'f1': 0.39245, 'auc': 0.67903}
test: {'epoch': 36, 'time_epoch': 0.15759, 'loss': 2.03633475, 'lr': 0, 'params': 488742, 'time_iter': 0.15759, 'accuracy': 0.38333, 'f1': 0.36931, 'auc': 0.61057}
> Epoch 36: took 4.0s (avg 3.8s) | Best so far: epoch 30	train_loss: 1.3644 train_accuracy: 0.4562	val_loss: 1.9768 val_accuracy: 0.4500	test_loss: 1.8987 test_accuracy: 0.3333
train: {'epoch': 37, 'time_epoch': 3.60711, 'eta': 217.1314, 'eta_hours': 0.06031, 'loss': 1.28509132, 'lr': 0.00039695, 'params': 488742, 'time_iter': 0.45089, 'accuracy': 0.49583, 'f1': 0.48777, 'auc': 0.82353}
val: {'epoch': 37, 'time_epoch': 0.12206, 'loss': 2.0597353, 'lr': 0, 'params': 488742, 'time_iter': 0.12206, 'accuracy': 0.35, 'f1': 0.34848, 'auc': 0.67497}
test: {'epoch': 37, 'time_epoch': 0.14086, 'loss': 2.07326341, 'lr': 0, 'params': 488742, 'time_iter': 0.14086, 'accuracy': 0.33333, 'f1': 0.31708, 'auc': 0.62026}
> Epoch 37: took 3.9s (avg 3.8s) | Best so far: epoch 30	train_loss: 1.3644 train_accuracy: 0.4562	val_loss: 1.9768 val_accuracy: 0.4500	test_loss: 1.8987 test_accuracy: 0.3333
train: {'epoch': 38, 'time_epoch': 3.75427, 'eta': 214.02366, 'eta_hours': 0.05945, 'loss': 1.28765165, 'lr': 0.0003898, 'params': 488742, 'time_iter': 0.46928, 'accuracy': 0.47292, 'f1': 0.46733, 'auc': 0.82314}
val: {'epoch': 38, 'time_epoch': 0.14725, 'loss': 2.04222918, 'lr': 0, 'params': 488742, 'time_iter': 0.14725, 'accuracy': 0.38333, 'f1': 0.36011, 'auc': 0.70057}
test: {'epoch': 38, 'time_epoch': 0.16906, 'loss': 2.05863833, 'lr': 0, 'params': 488742, 'time_iter': 0.16906, 'accuracy': 0.3, 'f1': 0.30605, 'auc': 0.64434}
> Epoch 38: took 4.1s (avg 3.8s) | Best so far: epoch 30	train_loss: 1.3644 train_accuracy: 0.4562	val_loss: 1.9768 val_accuracy: 0.4500	test_loss: 1.8987 test_accuracy: 0.3333
train: {'epoch': 39, 'time_epoch': 3.51867, 'eta': 210.53021, 'eta_hours': 0.05848, 'loss': 1.28321845, 'lr': 0.00038248, 'params': 488742, 'time_iter': 0.43983, 'accuracy': 0.48125, 'f1': 0.47652, 'auc': 0.82579}
val: {'epoch': 39, 'time_epoch': 0.137, 'loss': 2.0056529, 'lr': 0, 'params': 488742, 'time_iter': 0.137, 'accuracy': 0.4, 'f1': 0.38605, 'auc': 0.68222}
test: {'epoch': 39, 'time_epoch': 0.13618, 'loss': 1.98591113, 'lr': 0, 'params': 488742, 'time_iter': 0.13618, 'accuracy': 0.31667, 'f1': 0.30408, 'auc': 0.64874}
> Epoch 39: took 3.8s (avg 3.8s) | Best so far: epoch 30	train_loss: 1.3644 train_accuracy: 0.4562	val_loss: 1.9768 val_accuracy: 0.4500	test_loss: 1.8987 test_accuracy: 0.3333
train: {'epoch': 40, 'time_epoch': 3.45282, 'eta': 206.94076, 'eta_hours': 0.05748, 'loss': 1.27297578, 'lr': 0.000375, 'params': 488742, 'time_iter': 0.4316, 'accuracy': 0.49583, 'f1': 0.49174, 'auc': 0.82766}
val: {'epoch': 40, 'time_epoch': 0.15151, 'loss': 2.05013633, 'lr': 0, 'params': 488742, 'time_iter': 0.15151, 'accuracy': 0.4, 'f1': 0.37042, 'auc': 0.69918}
test: {'epoch': 40, 'time_epoch': 0.16362, 'loss': 2.01079297, 'lr': 0, 'params': 488742, 'time_iter': 0.16362, 'accuracy': 0.26667, 'f1': 0.24393, 'auc': 0.68349}
> Epoch 40: took 3.8s (avg 3.8s) | Best so far: epoch 30	train_loss: 1.3644 train_accuracy: 0.4562	val_loss: 1.9768 val_accuracy: 0.4500	test_loss: 1.8987 test_accuracy: 0.3333
train: {'epoch': 41, 'time_epoch': 4.29877, 'eta': 204.52604, 'eta_hours': 0.05681, 'loss': 1.26415876, 'lr': 0.00036737, 'params': 488742, 'time_iter': 0.53735, 'accuracy': 0.5, 'f1': 0.49815, 'auc': 0.83329}
val: {'epoch': 41, 'time_epoch': 0.19007, 'loss': 2.02805591, 'lr': 0, 'params': 488742, 'time_iter': 0.19007, 'accuracy': 0.43333, 'f1': 0.42044, 'auc': 0.68384}
test: {'epoch': 41, 'time_epoch': 0.15789, 'loss': 1.92977083, 'lr': 0, 'params': 488742, 'time_iter': 0.15789, 'accuracy': 0.35, 'f1': 0.33519, 'auc': 0.65677}
> Epoch 41: took 4.7s (avg 3.8s) | Best so far: epoch 30	train_loss: 1.3644 train_accuracy: 0.4562	val_loss: 1.9768 val_accuracy: 0.4500	test_loss: 1.8987 test_accuracy: 0.3333
train: {'epoch': 42, 'time_epoch': 4.15172, 'eta': 201.82876, 'eta_hours': 0.05606, 'loss': 1.27608895, 'lr': 0.00035959, 'params': 488742, 'time_iter': 0.51896, 'accuracy': 0.50833, 'f1': 0.50305, 'auc': 0.8265}
val: {'epoch': 42, 'time_epoch': 0.1712, 'loss': 2.04832101, 'lr': 0, 'params': 488742, 'time_iter': 0.1712, 'accuracy': 0.45, 'f1': 0.44789, 'auc': 0.69468}
test: {'epoch': 42, 'time_epoch': 0.1346, 'loss': 1.99332857, 'lr': 0, 'params': 488742, 'time_iter': 0.1346, 'accuracy': 0.33333, 'f1': 0.3132, 'auc': 0.64154}
> Epoch 42: took 4.5s (avg 3.8s) | Best so far: epoch 30	train_loss: 1.3644 train_accuracy: 0.4562	val_loss: 1.9768 val_accuracy: 0.4500	test_loss: 1.8987 test_accuracy: 0.3333
train: {'epoch': 43, 'time_epoch': 3.57082, 'eta': 198.32603, 'eta_hours': 0.05509, 'loss': 1.24685548, 'lr': 0.00035168, 'params': 488742, 'time_iter': 0.44635, 'accuracy': 0.49167, 'f1': 0.48498, 'auc': 0.83653}
val: {'epoch': 43, 'time_epoch': 0.15161, 'loss': 1.93572474, 'lr': 0, 'params': 488742, 'time_iter': 0.15161, 'accuracy': 0.43333, 'f1': 0.40914, 'auc': 0.70909}
test: {'epoch': 43, 'time_epoch': 0.154, 'loss': 1.87761235, 'lr': 0, 'params': 488742, 'time_iter': 0.154, 'accuracy': 0.33333, 'f1': 0.30305, 'auc': 0.66512}
> Epoch 43: took 3.9s (avg 3.8s) | Best so far: epoch 30	train_loss: 1.3644 train_accuracy: 0.4562	val_loss: 1.9768 val_accuracy: 0.4500	test_loss: 1.8987 test_accuracy: 0.3333
train: {'epoch': 44, 'time_epoch': 4.33561, 'eta': 195.75503, 'eta_hours': 0.05438, 'loss': 1.23095742, 'lr': 0.00034365, 'params': 488742, 'time_iter': 0.54195, 'accuracy': 0.51667, 'f1': 0.51081, 'auc': 0.84174}
val: {'epoch': 44, 'time_epoch': 0.14498, 'loss': 1.95717442, 'lr': 0, 'params': 488742, 'time_iter': 0.14498, 'accuracy': 0.41667, 'f1': 0.40908, 'auc': 0.70056}
test: {'epoch': 44, 'time_epoch': 0.12538, 'loss': 1.84731221, 'lr': 0, 'params': 488742, 'time_iter': 0.12538, 'accuracy': 0.35, 'f1': 0.32459, 'auc': 0.67369}
> Epoch 44: took 4.6s (avg 3.9s) | Best so far: epoch 30	train_loss: 1.3644 train_accuracy: 0.4562	val_loss: 1.9768 val_accuracy: 0.4500	test_loss: 1.8987 test_accuracy: 0.3333
train: {'epoch': 45, 'time_epoch': 5.65854, 'eta': 194.66031, 'eta_hours': 0.05407, 'loss': 1.21916517, 'lr': 0.00033551, 'params': 488742, 'time_iter': 0.70732, 'accuracy': 0.52083, 'f1': 0.51591, 'auc': 0.84713}
val: {'epoch': 45, 'time_epoch': 0.14364, 'loss': 1.95812476, 'lr': 0, 'params': 488742, 'time_iter': 0.14364, 'accuracy': 0.4, 'f1': 0.39698, 'auc': 0.70134}
test: {'epoch': 45, 'time_epoch': 0.143, 'loss': 1.90035498, 'lr': 0, 'params': 488742, 'time_iter': 0.143, 'accuracy': 0.36667, 'f1': 0.34334, 'auc': 0.6475}
> Epoch 45: took 6.0s (avg 3.9s) | Best so far: epoch 30	train_loss: 1.3644 train_accuracy: 0.4562	val_loss: 1.9768 val_accuracy: 0.4500	test_loss: 1.8987 test_accuracy: 0.3333
train: {'epoch': 46, 'time_epoch': 3.51789, 'eta': 190.95746, 'eta_hours': 0.05304, 'loss': 1.21284179, 'lr': 0.00032725, 'params': 488742, 'time_iter': 0.43974, 'accuracy': 0.51042, 'f1': 0.50601, 'auc': 0.84616}
val: {'epoch': 46, 'time_epoch': 0.13645, 'loss': 1.99591458, 'lr': 0, 'params': 488742, 'time_iter': 0.13645, 'accuracy': 0.36667, 'f1': 0.36994, 'auc': 0.69675}
test: {'epoch': 46, 'time_epoch': 0.17109, 'loss': 1.83560407, 'lr': 0, 'params': 488742, 'time_iter': 0.17109, 'accuracy': 0.35, 'f1': 0.32167, 'auc': 0.64485}
> Epoch 46: took 3.8s (avg 3.9s) | Best so far: epoch 30	train_loss: 1.3644 train_accuracy: 0.4562	val_loss: 1.9768 val_accuracy: 0.4500	test_loss: 1.8987 test_accuracy: 0.3333
train: {'epoch': 47, 'time_epoch': 4.47433, 'eta': 188.29846, 'eta_hours': 0.05231, 'loss': 1.18303451, 'lr': 0.00031891, 'params': 488742, 'time_iter': 0.55929, 'accuracy': 0.52917, 'f1': 0.52488, 'auc': 0.85735}
val: {'epoch': 47, 'time_epoch': 0.14107, 'loss': 2.06339478, 'lr': 0, 'params': 488742, 'time_iter': 0.14107, 'accuracy': 0.36667, 'f1': 0.36257, 'auc': 0.68577}
test: {'epoch': 47, 'time_epoch': 0.15815, 'loss': 1.88210547, 'lr': 0, 'params': 488742, 'time_iter': 0.15815, 'accuracy': 0.36667, 'f1': 0.33833, 'auc': 0.65733}
> Epoch 47: took 4.8s (avg 3.9s) | Best so far: epoch 30	train_loss: 1.3644 train_accuracy: 0.4562	val_loss: 1.9768 val_accuracy: 0.4500	test_loss: 1.8987 test_accuracy: 0.3333
train: {'epoch': 48, 'time_epoch': 3.98886, 'eta': 185.06009, 'eta_hours': 0.05141, 'loss': 1.20426044, 'lr': 0.00031048, 'params': 488742, 'time_iter': 0.49861, 'accuracy': 0.52917, 'f1': 0.52531, 'auc': 0.84996}
val: {'epoch': 48, 'time_epoch': 0.14887, 'loss': 1.98772395, 'lr': 0, 'params': 488742, 'time_iter': 0.14887, 'accuracy': 0.43333, 'f1': 0.42776, 'auc': 0.69376}
test: {'epoch': 48, 'time_epoch': 0.15859, 'loss': 1.89812219, 'lr': 0, 'params': 488742, 'time_iter': 0.15859, 'accuracy': 0.33333, 'f1': 0.3143, 'auc': 0.66761}
> Epoch 48: took 4.3s (avg 3.9s) | Best so far: epoch 30	train_loss: 1.3644 train_accuracy: 0.4562	val_loss: 1.9768 val_accuracy: 0.4500	test_loss: 1.8987 test_accuracy: 0.3333
train: {'epoch': 49, 'time_epoch': 3.40216, 'eta': 181.20499, 'eta_hours': 0.05033, 'loss': 1.18698123, 'lr': 0.00030198, 'params': 488742, 'time_iter': 0.42527, 'accuracy': 0.53958, 'f1': 0.5381, 'auc': 0.8538}
val: {'epoch': 49, 'time_epoch': 0.13287, 'loss': 2.06288624, 'lr': 0, 'params': 488742, 'time_iter': 0.13287, 'accuracy': 0.43333, 'f1': 0.41587, 'auc': 0.69829}
test: {'epoch': 49, 'time_epoch': 0.15349, 'loss': 1.90533173, 'lr': 0, 'params': 488742, 'time_iter': 0.15349, 'accuracy': 0.33333, 'f1': 0.31661, 'auc': 0.67296}
> Epoch 49: took 3.7s (avg 3.9s) | Best so far: epoch 30	train_loss: 1.3644 train_accuracy: 0.4562	val_loss: 1.9768 val_accuracy: 0.4500	test_loss: 1.8987 test_accuracy: 0.3333
train: {'epoch': 50, 'time_epoch': 3.39812, 'eta': 177.36378, 'eta_hours': 0.04927, 'loss': 1.18143411, 'lr': 0.00029341, 'params': 488742, 'time_iter': 0.42477, 'accuracy': 0.53333, 'f1': 0.52751, 'auc': 0.85697}
val: {'epoch': 50, 'time_epoch': 0.15582, 'loss': 2.10733986, 'lr': 0, 'params': 488742, 'time_iter': 0.15582, 'accuracy': 0.46667, 'f1': 0.46128, 'auc': 0.6728}
test: {'epoch': 50, 'time_epoch': 0.11332, 'loss': 1.97500396, 'lr': 0, 'params': 488742, 'time_iter': 0.11332, 'accuracy': 0.33333, 'f1': 0.31269, 'auc': 0.66262}
> Epoch 50: took 3.7s (avg 3.9s) | Best so far: epoch 50	train_loss: 1.1814 train_accuracy: 0.5333	val_loss: 2.1073 val_accuracy: 0.4667	test_loss: 1.9750 test_accuracy: 0.3333
train: {'epoch': 51, 'time_epoch': 3.75914, 'eta': 173.87285, 'eta_hours': 0.0483, 'loss': 1.17803902, 'lr': 0.00028479, 'params': 488742, 'time_iter': 0.46989, 'accuracy': 0.52917, 'f1': 0.5284, 'auc': 0.85694}
val: {'epoch': 51, 'time_epoch': 0.15525, 'loss': 1.98354256, 'lr': 0, 'params': 488742, 'time_iter': 0.15525, 'accuracy': 0.45, 'f1': 0.45359, 'auc': 0.70798}
test: {'epoch': 51, 'time_epoch': 0.16379, 'loss': 1.89637029, 'lr': 0, 'params': 488742, 'time_iter': 0.16379, 'accuracy': 0.3, 'f1': 0.26273, 'auc': 0.71588}
> Epoch 51: took 4.1s (avg 3.9s) | Best so far: epoch 50	train_loss: 1.1814 train_accuracy: 0.5333	val_loss: 2.1073 val_accuracy: 0.4667	test_loss: 1.9750 test_accuracy: 0.3333
train: {'epoch': 52, 'time_epoch': 3.6693, 'eta': 170.29213, 'eta_hours': 0.0473, 'loss': 1.18134886, 'lr': 0.00027613, 'params': 488742, 'time_iter': 0.45866, 'accuracy': 0.53542, 'f1': 0.53192, 'auc': 0.85251}
val: {'epoch': 52, 'time_epoch': 0.12163, 'loss': 2.02580857, 'lr': 0, 'params': 488742, 'time_iter': 0.12163, 'accuracy': 0.45, 'f1': 0.44712, 'auc': 0.69804}
test: {'epoch': 52, 'time_epoch': 0.14412, 'loss': 2.03704977, 'lr': 0, 'params': 488742, 'time_iter': 0.14412, 'accuracy': 0.33333, 'f1': 0.31917, 'auc': 0.69527}
> Epoch 52: took 4.0s (avg 3.9s) | Best so far: epoch 50	train_loss: 1.1814 train_accuracy: 0.5333	val_loss: 2.1073 val_accuracy: 0.4667	test_loss: 1.9750 test_accuracy: 0.3333
train: {'epoch': 53, 'time_epoch': 3.63366, 'eta': 166.67776, 'eta_hours': 0.0463, 'loss': 1.14868139, 'lr': 0.00026744, 'params': 488742, 'time_iter': 0.45421, 'accuracy': 0.52708, 'f1': 0.52804, 'auc': 0.86433}
val: {'epoch': 53, 'time_epoch': 0.13322, 'loss': 1.97448933, 'lr': 0, 'params': 488742, 'time_iter': 0.13322, 'accuracy': 0.41667, 'f1': 0.41001, 'auc': 0.70492}
test: {'epoch': 53, 'time_epoch': 0.16525, 'loss': 1.97675049, 'lr': 0, 'params': 488742, 'time_iter': 0.16525, 'accuracy': 0.28333, 'f1': 0.26441, 'auc': 0.6882}
> Epoch 53: took 4.0s (avg 3.9s) | Best so far: epoch 50	train_loss: 1.1814 train_accuracy: 0.5333	val_loss: 2.1073 val_accuracy: 0.4667	test_loss: 1.9750 test_accuracy: 0.3333
train: {'epoch': 54, 'time_epoch': 3.46334, 'eta': 162.92335, 'eta_hours': 0.04526, 'loss': 1.16749791, 'lr': 0.00025872, 'params': 488742, 'time_iter': 0.43292, 'accuracy': 0.54167, 'f1': 0.53925, 'auc': 0.85688}
val: {'epoch': 54, 'time_epoch': 0.12705, 'loss': 1.99543452, 'lr': 0, 'params': 488742, 'time_iter': 0.12705, 'accuracy': 0.45, 'f1': 0.43195, 'auc': 0.69284}
test: {'epoch': 54, 'time_epoch': 0.15062, 'loss': 2.05131197, 'lr': 0, 'params': 488742, 'time_iter': 0.15062, 'accuracy': 0.26667, 'f1': 0.26559, 'auc': 0.6708}
> Epoch 54: took 3.8s (avg 3.9s) | Best so far: epoch 50	train_loss: 1.1814 train_accuracy: 0.5333	val_loss: 2.1073 val_accuracy: 0.4667	test_loss: 1.9750 test_accuracy: 0.3333
train: {'epoch': 55, 'time_epoch': 3.50462, 'eta': 159.21177, 'eta_hours': 0.04423, 'loss': 1.14202416, 'lr': 0.00025, 'params': 488742, 'time_iter': 0.43808, 'accuracy': 0.55, 'f1': 0.54711, 'auc': 0.86609}
val: {'epoch': 55, 'time_epoch': 0.15878, 'loss': 2.05173898, 'lr': 0, 'params': 488742, 'time_iter': 0.15878, 'accuracy': 0.43333, 'f1': 0.41812, 'auc': 0.67946}
test: {'epoch': 55, 'time_epoch': 0.16269, 'loss': 2.06975675, 'lr': 0, 'params': 488742, 'time_iter': 0.16269, 'accuracy': 0.33333, 'f1': 0.31381, 'auc': 0.67634}
> Epoch 55: took 3.9s (avg 3.9s) | Best so far: epoch 50	train_loss: 1.1814 train_accuracy: 0.5333	val_loss: 2.1073 val_accuracy: 0.4667	test_loss: 1.9750 test_accuracy: 0.3333
train: {'epoch': 56, 'time_epoch': 3.64117, 'eta': 155.61046, 'eta_hours': 0.04323, 'loss': 1.14617066, 'lr': 0.00024128, 'params': 488742, 'time_iter': 0.45515, 'accuracy': 0.56042, 'f1': 0.56092, 'auc': 0.86288}
val: {'epoch': 56, 'time_epoch': 0.12452, 'loss': 2.04818439, 'lr': 0, 'params': 488742, 'time_iter': 0.12452, 'accuracy': 0.43333, 'f1': 0.42608, 'auc': 0.69206}
test: {'epoch': 56, 'time_epoch': 0.13101, 'loss': 2.04523516, 'lr': 0, 'params': 488742, 'time_iter': 0.13101, 'accuracy': 0.31667, 'f1': 0.28196, 'auc': 0.69493}
> Epoch 56: took 3.9s (avg 3.9s) | Best so far: epoch 50	train_loss: 1.1814 train_accuracy: 0.5333	val_loss: 2.1073 val_accuracy: 0.4667	test_loss: 1.9750 test_accuracy: 0.3333
train: {'epoch': 57, 'time_epoch': 3.49702, 'eta': 151.9034, 'eta_hours': 0.0422, 'loss': 1.14623981, 'lr': 0.00023256, 'params': 488742, 'time_iter': 0.43713, 'accuracy': 0.53125, 'f1': 0.5298, 'auc': 0.86341}
val: {'epoch': 57, 'time_epoch': 0.13741, 'loss': 2.08655095, 'lr': 0, 'params': 488742, 'time_iter': 0.13741, 'accuracy': 0.43333, 'f1': 0.43799, 'auc': 0.68212}
test: {'epoch': 57, 'time_epoch': 0.15801, 'loss': 2.10976911, 'lr': 0, 'params': 488742, 'time_iter': 0.15801, 'accuracy': 0.28333, 'f1': 0.27897, 'auc': 0.66442}
> Epoch 57: took 3.8s (avg 3.9s) | Best so far: epoch 50	train_loss: 1.1814 train_accuracy: 0.5333	val_loss: 2.1073 val_accuracy: 0.4667	test_loss: 1.9750 test_accuracy: 0.3333
train: {'epoch': 58, 'time_epoch': 3.46307, 'eta': 148.17985, 'eta_hours': 0.04116, 'loss': 1.14110857, 'lr': 0.00022387, 'params': 488742, 'time_iter': 0.43288, 'accuracy': 0.55625, 'f1': 0.55441, 'auc': 0.86806}
val: {'epoch': 58, 'time_epoch': 0.14587, 'loss': 2.01408458, 'lr': 0, 'params': 488742, 'time_iter': 0.14587, 'accuracy': 0.46667, 'f1': 0.46596, 'auc': 0.69767}
test: {'epoch': 58, 'time_epoch': 0.15199, 'loss': 2.04417968, 'lr': 0, 'params': 488742, 'time_iter': 0.15199, 'accuracy': 0.31667, 'f1': 0.30792, 'auc': 0.68647}
> Epoch 58: took 3.8s (avg 3.9s) | Best so far: epoch 50	train_loss: 1.1814 train_accuracy: 0.5333	val_loss: 2.1073 val_accuracy: 0.4667	test_loss: 1.9750 test_accuracy: 0.3333
train: {'epoch': 59, 'time_epoch': 3.35475, 'eta': 144.39279, 'eta_hours': 0.04011, 'loss': 1.16977013, 'lr': 0.00021521, 'params': 488742, 'time_iter': 0.41934, 'accuracy': 0.55417, 'f1': 0.55374, 'auc': 0.86039}
val: {'epoch': 59, 'time_epoch': 0.12617, 'loss': 2.03617406, 'lr': 0, 'params': 488742, 'time_iter': 0.12617, 'accuracy': 0.46667, 'f1': 0.45622, 'auc': 0.68572}
test: {'epoch': 59, 'time_epoch': 0.13553, 'loss': 2.11661673, 'lr': 0, 'params': 488742, 'time_iter': 0.13553, 'accuracy': 0.33333, 'f1': 0.32071, 'auc': 0.66266}
> Epoch 59: took 3.6s (avg 3.9s) | Best so far: epoch 50	train_loss: 1.1814 train_accuracy: 0.5333	val_loss: 2.1073 val_accuracy: 0.4667	test_loss: 1.9750 test_accuracy: 0.3333
train: {'epoch': 60, 'time_epoch': 3.26005, 'eta': 140.55934, 'eta_hours': 0.03904, 'loss': 1.10805488, 'lr': 0.00020659, 'params': 488742, 'time_iter': 0.40751, 'accuracy': 0.57083, 'f1': 0.56854, 'auc': 0.87318}
val: {'epoch': 60, 'time_epoch': 0.13387, 'loss': 2.03871393, 'lr': 0, 'params': 488742, 'time_iter': 0.13387, 'accuracy': 0.45, 'f1': 0.45397, 'auc': 0.68964}
test: {'epoch': 60, 'time_epoch': 0.16384, 'loss': 2.05430579, 'lr': 0, 'params': 488742, 'time_iter': 0.16384, 'accuracy': 0.3, 'f1': 0.2846, 'auc': 0.66964}
> Epoch 60: took 3.6s (avg 3.9s) | Best so far: epoch 50	train_loss: 1.1814 train_accuracy: 0.5333	val_loss: 2.1073 val_accuracy: 0.4667	test_loss: 1.9750 test_accuracy: 0.3333
train: {'epoch': 61, 'time_epoch': 3.57378, 'eta': 136.93668, 'eta_hours': 0.03804, 'loss': 1.10609232, 'lr': 0.00019802, 'params': 488742, 'time_iter': 0.44672, 'accuracy': 0.56875, 'f1': 0.56871, 'auc': 0.87628}
val: {'epoch': 61, 'time_epoch': 0.13819, 'loss': 2.05365229, 'lr': 0, 'params': 488742, 'time_iter': 0.13819, 'accuracy': 0.41667, 'f1': 0.41855, 'auc': 0.6897}
test: {'epoch': 61, 'time_epoch': 0.1704, 'loss': 2.01740217, 'lr': 0, 'params': 488742, 'time_iter': 0.1704, 'accuracy': 0.35, 'f1': 0.33184, 'auc': 0.6727}
> Epoch 61: took 3.9s (avg 3.9s) | Best so far: epoch 50	train_loss: 1.1814 train_accuracy: 0.5333	val_loss: 2.1073 val_accuracy: 0.4667	test_loss: 1.9750 test_accuracy: 0.3333
train: {'epoch': 62, 'time_epoch': 3.60193, 'eta': 133.33211, 'eta_hours': 0.03704, 'loss': 1.13310842, 'lr': 0.00018952, 'params': 488742, 'time_iter': 0.45024, 'accuracy': 0.56458, 'f1': 0.56286, 'auc': 0.86664}
val: {'epoch': 62, 'time_epoch': 0.14102, 'loss': 2.02747917, 'lr': 0, 'params': 488742, 'time_iter': 0.14102, 'accuracy': 0.45, 'f1': 0.44372, 'auc': 0.68732}
test: {'epoch': 62, 'time_epoch': 0.11941, 'loss': 2.0677135, 'lr': 0, 'params': 488742, 'time_iter': 0.11941, 'accuracy': 0.3, 'f1': 0.29584, 'auc': 0.67668}
> Epoch 62: took 3.9s (avg 3.9s) | Best so far: epoch 50	train_loss: 1.1814 train_accuracy: 0.5333	val_loss: 2.1073 val_accuracy: 0.4667	test_loss: 1.9750 test_accuracy: 0.3333
train: {'epoch': 63, 'time_epoch': 3.53592, 'eta': 129.69048, 'eta_hours': 0.03603, 'loss': 1.10837135, 'lr': 0.00018109, 'params': 488742, 'time_iter': 0.44199, 'accuracy': 0.5625, 'f1': 0.56168, 'auc': 0.87161}
val: {'epoch': 63, 'time_epoch': 0.14183, 'loss': 2.02062774, 'lr': 0, 'params': 488742, 'time_iter': 0.14183, 'accuracy': 0.45, 'f1': 0.45124, 'auc': 0.6949}
test: {'epoch': 63, 'time_epoch': 0.13754, 'loss': 2.02070785, 'lr': 0, 'params': 488742, 'time_iter': 0.13754, 'accuracy': 0.33333, 'f1': 0.31976, 'auc': 0.68459}
> Epoch 63: took 3.8s (avg 3.9s) | Best so far: epoch 50	train_loss: 1.1814 train_accuracy: 0.5333	val_loss: 2.1073 val_accuracy: 0.4667	test_loss: 1.9750 test_accuracy: 0.3333
train: {'epoch': 64, 'time_epoch': 4.17099, 'eta': 126.39407, 'eta_hours': 0.03511, 'loss': 1.07821412, 'lr': 0.00017275, 'params': 488742, 'time_iter': 0.52137, 'accuracy': 0.58333, 'f1': 0.5841, 'auc': 0.882}
val: {'epoch': 64, 'time_epoch': 0.1525, 'loss': 2.06937456, 'lr': 0, 'params': 488742, 'time_iter': 0.1525, 'accuracy': 0.45, 'f1': 0.45079, 'auc': 0.68203}
test: {'epoch': 64, 'time_epoch': 0.17805, 'loss': 2.06564164, 'lr': 0, 'params': 488742, 'time_iter': 0.17805, 'accuracy': 0.31667, 'f1': 0.31067, 'auc': 0.68211}
> Epoch 64: took 4.5s (avg 3.9s) | Best so far: epoch 50	train_loss: 1.1814 train_accuracy: 0.5333	val_loss: 2.1073 val_accuracy: 0.4667	test_loss: 1.9750 test_accuracy: 0.3333
train: {'epoch': 65, 'time_epoch': 3.51726, 'eta': 122.73439, 'eta_hours': 0.03409, 'loss': 1.13477978, 'lr': 0.00016449, 'params': 488742, 'time_iter': 0.43966, 'accuracy': 0.58333, 'f1': 0.58332, 'auc': 0.86297}
val: {'epoch': 65, 'time_epoch': 0.12691, 'loss': 2.08567071, 'lr': 0, 'params': 488742, 'time_iter': 0.12691, 'accuracy': 0.45, 'f1': 0.44704, 'auc': 0.68705}
test: {'epoch': 65, 'time_epoch': 0.11985, 'loss': 2.03521895, 'lr': 0, 'params': 488742, 'time_iter': 0.11985, 'accuracy': 0.3, 'f1': 0.27305, 'auc': 0.70102}
> Epoch 65: took 3.8s (avg 3.9s) | Best so far: epoch 50	train_loss: 1.1814 train_accuracy: 0.5333	val_loss: 2.1073 val_accuracy: 0.4667	test_loss: 1.9750 test_accuracy: 0.3333
train: {'epoch': 66, 'time_epoch': 3.524, 'eta': 119.08228, 'eta_hours': 0.03308, 'loss': 1.11193979, 'lr': 0.00015635, 'params': 488742, 'time_iter': 0.4405, 'accuracy': 0.57083, 'f1': 0.57031, 'auc': 0.87237}
val: {'epoch': 66, 'time_epoch': 0.13905, 'loss': 2.15134501, 'lr': 0, 'params': 488742, 'time_iter': 0.13905, 'accuracy': 0.43333, 'f1': 0.42699, 'auc': 0.6817}
test: {'epoch': 66, 'time_epoch': 0.14632, 'loss': 2.13398147, 'lr': 0, 'params': 488742, 'time_iter': 0.14632, 'accuracy': 0.31667, 'f1': 0.29552, 'auc': 0.6766}
> Epoch 66: took 3.8s (avg 3.9s) | Best so far: epoch 50	train_loss: 1.1814 train_accuracy: 0.5333	val_loss: 2.1073 val_accuracy: 0.4667	test_loss: 1.9750 test_accuracy: 0.3333
train: {'epoch': 67, 'time_epoch': 3.44155, 'eta': 115.39514, 'eta_hours': 0.03205, 'loss': 1.07054732, 'lr': 0.00014832, 'params': 488742, 'time_iter': 0.43019, 'accuracy': 0.59583, 'f1': 0.59411, 'auc': 0.88471}
val: {'epoch': 67, 'time_epoch': 0.1272, 'loss': 2.07841134, 'lr': 0, 'params': 488742, 'time_iter': 0.1272, 'accuracy': 0.46667, 'f1': 0.45596, 'auc': 0.69021}
test: {'epoch': 67, 'time_epoch': 0.12752, 'loss': 2.0009346, 'lr': 0, 'params': 488742, 'time_iter': 0.12752, 'accuracy': 0.31667, 'f1': 0.3114, 'auc': 0.68624}
> Epoch 67: took 3.7s (avg 3.9s) | Best so far: epoch 50	train_loss: 1.1814 train_accuracy: 0.5333	val_loss: 2.1073 val_accuracy: 0.4667	test_loss: 1.9750 test_accuracy: 0.3333
train: {'epoch': 68, 'time_epoch': 3.15037, 'eta': 111.58429, 'eta_hours': 0.031, 'loss': 1.10058177, 'lr': 0.00014041, 'params': 488742, 'time_iter': 0.3938, 'accuracy': 0.575, 'f1': 0.57438, 'auc': 0.87568}
val: {'epoch': 68, 'time_epoch': 0.13807, 'loss': 2.10671473, 'lr': 0, 'params': 488742, 'time_iter': 0.13807, 'accuracy': 0.46667, 'f1': 0.46689, 'auc': 0.68666}
test: {'epoch': 68, 'time_epoch': 0.16208, 'loss': 2.06813812, 'lr': 0, 'params': 488742, 'time_iter': 0.16208, 'accuracy': 0.28333, 'f1': 0.26281, 'auc': 0.6787}
> Epoch 68: took 3.5s (avg 3.9s) | Best so far: epoch 50	train_loss: 1.1814 train_accuracy: 0.5333	val_loss: 2.1073 val_accuracy: 0.4667	test_loss: 1.9750 test_accuracy: 0.3333
train: {'epoch': 69, 'time_epoch': 3.41039, 'eta': 107.90376, 'eta_hours': 0.02997, 'loss': 1.07074051, 'lr': 0.00013263, 'params': 488742, 'time_iter': 0.4263, 'accuracy': 0.60208, 'f1': 0.60145, 'auc': 0.88461}
val: {'epoch': 69, 'time_epoch': 0.13516, 'loss': 2.06435108, 'lr': 0, 'params': 488742, 'time_iter': 0.13516, 'accuracy': 0.48333, 'f1': 0.4891, 'auc': 0.69621}
test: {'epoch': 69, 'time_epoch': 0.15256, 'loss': 2.04458714, 'lr': 0, 'params': 488742, 'time_iter': 0.15256, 'accuracy': 0.3, 'f1': 0.27032, 'auc': 0.69902}
> Epoch 69: took 3.7s (avg 3.9s) | Best so far: epoch 69	train_loss: 1.0707 train_accuracy: 0.6021	val_loss: 2.0644 val_accuracy: 0.4833	test_loss: 2.0446 test_accuracy: 0.3000
train: {'epoch': 70, 'time_epoch': 3.10727, 'eta': 104.10702, 'eta_hours': 0.02892, 'loss': 1.06359286, 'lr': 0.000125, 'params': 488742, 'time_iter': 0.38841, 'accuracy': 0.57708, 'f1': 0.57812, 'auc': 0.88741}
val: {'epoch': 70, 'time_epoch': 0.14354, 'loss': 2.017941, 'lr': 0, 'params': 488742, 'time_iter': 0.14354, 'accuracy': 0.46667, 'f1': 0.46019, 'auc': 0.69826}
test: {'epoch': 70, 'time_epoch': 0.1172, 'loss': 2.0547564, 'lr': 0, 'params': 488742, 'time_iter': 0.1172, 'accuracy': 0.3, 'f1': 0.27287, 'auc': 0.69403}
> Epoch 70: took 3.4s (avg 3.9s) | Best so far: epoch 69	train_loss: 1.0707 train_accuracy: 0.6021	val_loss: 2.0644 val_accuracy: 0.4833	test_loss: 2.0446 test_accuracy: 0.3000
train: {'epoch': 71, 'time_epoch': 3.47985, 'eta': 100.47432, 'eta_hours': 0.02791, 'loss': 1.06872476, 'lr': 0.00011752, 'params': 488742, 'time_iter': 0.43498, 'accuracy': 0.6125, 'f1': 0.61098, 'auc': 0.88514}
val: {'epoch': 71, 'time_epoch': 0.1687, 'loss': 2.05777407, 'lr': 0, 'params': 488742, 'time_iter': 0.1687, 'accuracy': 0.46667, 'f1': 0.46669, 'auc': 0.69773}
test: {'epoch': 71, 'time_epoch': 0.15538, 'loss': 2.10829592, 'lr': 0, 'params': 488742, 'time_iter': 0.15538, 'accuracy': 0.31667, 'f1': 0.30514, 'auc': 0.69545}
> Epoch 71: took 3.8s (avg 3.9s) | Best so far: epoch 69	train_loss: 1.0707 train_accuracy: 0.6021	val_loss: 2.0644 val_accuracy: 0.4833	test_loss: 2.0446 test_accuracy: 0.3000
train: {'epoch': 72, 'time_epoch': 3.73973, 'eta': 96.94194, 'eta_hours': 0.02693, 'loss': 1.03657396, 'lr': 0.0001102, 'params': 488742, 'time_iter': 0.46747, 'accuracy': 0.59375, 'f1': 0.59439, 'auc': 0.89504}
val: {'epoch': 72, 'time_epoch': 0.14535, 'loss': 2.03708148, 'lr': 0, 'params': 488742, 'time_iter': 0.14535, 'accuracy': 0.46667, 'f1': 0.46669, 'auc': 0.69875}
test: {'epoch': 72, 'time_epoch': 0.11635, 'loss': 2.14454365, 'lr': 0, 'params': 488742, 'time_iter': 0.11635, 'accuracy': 0.28333, 'f1': 0.2552, 'auc': 0.68883}
> Epoch 72: took 4.0s (avg 3.9s) | Best so far: epoch 69	train_loss: 1.0707 train_accuracy: 0.6021	val_loss: 2.0644 val_accuracy: 0.4833	test_loss: 2.0446 test_accuracy: 0.3000
train: {'epoch': 73, 'time_epoch': 3.51655, 'eta': 93.32553, 'eta_hours': 0.02592, 'loss': 1.05433902, 'lr': 0.00010305, 'params': 488742, 'time_iter': 0.43957, 'accuracy': 0.60417, 'f1': 0.60374, 'auc': 0.89102}
val: {'epoch': 73, 'time_epoch': 0.17453, 'loss': 2.06518292, 'lr': 0, 'params': 488742, 'time_iter': 0.17453, 'accuracy': 0.46667, 'f1': 0.46669, 'auc': 0.68966}
test: {'epoch': 73, 'time_epoch': 0.13431, 'loss': 2.12285352, 'lr': 0, 'params': 488742, 'time_iter': 0.13431, 'accuracy': 0.31667, 'f1': 0.28768, 'auc': 0.68676}
> Epoch 73: took 3.9s (avg 3.9s) | Best so far: epoch 69	train_loss: 1.0707 train_accuracy: 0.6021	val_loss: 2.0644 val_accuracy: 0.4833	test_loss: 2.0446 test_accuracy: 0.3000
train: {'epoch': 74, 'time_epoch': 3.23226, 'eta': 89.61703, 'eta_hours': 0.02489, 'loss': 1.06846909, 'lr': 9.608e-05, 'params': 488742, 'time_iter': 0.40403, 'accuracy': 0.59375, 'f1': 0.59254, 'auc': 0.88468}
val: {'epoch': 74, 'time_epoch': 0.1594, 'loss': 2.0675447, 'lr': 0, 'params': 488742, 'time_iter': 0.1594, 'accuracy': 0.46667, 'f1': 0.46096, 'auc': 0.69421}
test: {'epoch': 74, 'time_epoch': 0.12472, 'loss': 2.08035111, 'lr': 0, 'params': 488742, 'time_iter': 0.12472, 'accuracy': 0.38333, 'f1': 0.36601, 'auc': 0.69031}
> Epoch 74: took 3.5s (avg 3.9s) | Best so far: epoch 69	train_loss: 1.0707 train_accuracy: 0.6021	val_loss: 2.0644 val_accuracy: 0.4833	test_loss: 2.0446 test_accuracy: 0.3000
train: {'epoch': 75, 'time_epoch': 3.66061, 'eta': 86.05632, 'eta_hours': 0.0239, 'loss': 1.07197113, 'lr': 8.93e-05, 'params': 488742, 'time_iter': 0.45758, 'accuracy': 0.60208, 'f1': 0.60232, 'auc': 0.88243}
val: {'epoch': 75, 'time_epoch': 0.12567, 'loss': 2.02216363, 'lr': 0, 'params': 488742, 'time_iter': 0.12567, 'accuracy': 0.46667, 'f1': 0.45617, 'auc': 0.69764}
test: {'epoch': 75, 'time_epoch': 0.13329, 'loss': 2.00777698, 'lr': 0, 'params': 488742, 'time_iter': 0.13329, 'accuracy': 0.36667, 'f1': 0.34198, 'auc': 0.69801}
> Epoch 75: took 3.9s (avg 3.9s) | Best so far: epoch 69	train_loss: 1.0707 train_accuracy: 0.6021	val_loss: 2.0644 val_accuracy: 0.4833	test_loss: 2.0446 test_accuracy: 0.3000
train: {'epoch': 76, 'time_epoch': 3.36424, 'eta': 82.4045, 'eta_hours': 0.02289, 'loss': 1.07643006, 'lr': 8.272e-05, 'params': 488742, 'time_iter': 0.42053, 'accuracy': 0.57083, 'f1': 0.5729, 'auc': 0.88185}
val: {'epoch': 76, 'time_epoch': 0.16368, 'loss': 2.07854867, 'lr': 0, 'params': 488742, 'time_iter': 0.16368, 'accuracy': 0.48333, 'f1': 0.48167, 'auc': 0.69639}
test: {'epoch': 76, 'time_epoch': 0.11593, 'loss': 2.0416193, 'lr': 0, 'params': 488742, 'time_iter': 0.11593, 'accuracy': 0.35, 'f1': 0.33788, 'auc': 0.69649}
> Epoch 76: took 3.7s (avg 3.9s) | Best so far: epoch 69	train_loss: 1.0707 train_accuracy: 0.6021	val_loss: 2.0644 val_accuracy: 0.4833	test_loss: 2.0446 test_accuracy: 0.3000
train: {'epoch': 77, 'time_epoch': 3.23019, 'eta': 78.72224, 'eta_hours': 0.02187, 'loss': 1.0657824, 'lr': 7.634e-05, 'params': 488742, 'time_iter': 0.40377, 'accuracy': 0.58333, 'f1': 0.58283, 'auc': 0.88392}
val: {'epoch': 77, 'time_epoch': 0.12564, 'loss': 2.10697746, 'lr': 0, 'params': 488742, 'time_iter': 0.12564, 'accuracy': 0.46667, 'f1': 0.46669, 'auc': 0.69705}
test: {'epoch': 77, 'time_epoch': 0.13953, 'loss': 2.08042479, 'lr': 0, 'params': 488742, 'time_iter': 0.13953, 'accuracy': 0.33333, 'f1': 0.32458, 'auc': 0.69067}
> Epoch 77: took 3.5s (avg 3.9s) | Best so far: epoch 69	train_loss: 1.0707 train_accuracy: 0.6021	val_loss: 2.0644 val_accuracy: 0.4833	test_loss: 2.0446 test_accuracy: 0.3000
train: {'epoch': 78, 'time_epoch': 3.6005, 'eta': 75.14986, 'eta_hours': 0.02087, 'loss': 1.0494438, 'lr': 7.017e-05, 'params': 488742, 'time_iter': 0.45006, 'accuracy': 0.59792, 'f1': 0.59514, 'auc': 0.88791}
val: {'epoch': 78, 'time_epoch': 0.137, 'loss': 2.08891273, 'lr': 0, 'params': 488742, 'time_iter': 0.137, 'accuracy': 0.46667, 'f1': 0.46669, 'auc': 0.69947}
test: {'epoch': 78, 'time_epoch': 0.13111, 'loss': 2.10050702, 'lr': 0, 'params': 488742, 'time_iter': 0.13111, 'accuracy': 0.33333, 'f1': 0.32065, 'auc': 0.69816}
> Epoch 78: took 3.9s (avg 3.9s) | Best so far: epoch 69	train_loss: 1.0707 train_accuracy: 0.6021	val_loss: 2.0644 val_accuracy: 0.4833	test_loss: 2.0446 test_accuracy: 0.3000
train: {'epoch': 79, 'time_epoch': 3.4034, 'eta': 71.5275, 'eta_hours': 0.01987, 'loss': 1.03777878, 'lr': 6.421e-05, 'params': 488742, 'time_iter': 0.42542, 'accuracy': 0.60417, 'f1': 0.60416, 'auc': 0.89092}
val: {'epoch': 79, 'time_epoch': 0.14177, 'loss': 2.09805322, 'lr': 0, 'params': 488742, 'time_iter': 0.14177, 'accuracy': 0.46667, 'f1': 0.46669, 'auc': 0.69867}
test: {'epoch': 79, 'time_epoch': 0.1792, 'loss': 2.05895925, 'lr': 0, 'params': 488742, 'time_iter': 0.1792, 'accuracy': 0.33333, 'f1': 0.32769, 'auc': 0.69888}
> Epoch 79: took 3.7s (avg 3.9s) | Best so far: epoch 69	train_loss: 1.0707 train_accuracy: 0.6021	val_loss: 2.0644 val_accuracy: 0.4833	test_loss: 2.0446 test_accuracy: 0.3000
train: {'epoch': 80, 'time_epoch': 3.66723, 'eta': 67.97244, 'eta_hours': 0.01888, 'loss': 1.02816893, 'lr': 5.849e-05, 'params': 488742, 'time_iter': 0.4584, 'accuracy': 0.60625, 'f1': 0.60842, 'auc': 0.89393}
val: {'epoch': 80, 'time_epoch': 0.12642, 'loss': 2.07333446, 'lr': 0, 'params': 488742, 'time_iter': 0.12642, 'accuracy': 0.46667, 'f1': 0.46669, 'auc': 0.69672}
test: {'epoch': 80, 'time_epoch': 0.21248, 'loss': 2.07498717, 'lr': 0, 'params': 488742, 'time_iter': 0.21248, 'accuracy': 0.33333, 'f1': 0.32766, 'auc': 0.70109}
> Epoch 80: took 4.0s (avg 3.9s) | Best so far: epoch 69	train_loss: 1.0707 train_accuracy: 0.6021	val_loss: 2.0644 val_accuracy: 0.4833	test_loss: 2.0446 test_accuracy: 0.3000
train: {'epoch': 81, 'time_epoch': 3.78281, 'eta': 64.44001, 'eta_hours': 0.0179, 'loss': 1.06104519, 'lr': 5.3e-05, 'params': 488742, 'time_iter': 0.47285, 'accuracy': 0.57083, 'f1': 0.56926, 'auc': 0.88343}
val: {'epoch': 81, 'time_epoch': 0.16799, 'loss': 2.06404972, 'lr': 0, 'params': 488742, 'time_iter': 0.16799, 'accuracy': 0.45, 'f1': 0.44574, 'auc': 0.69746}
test: {'epoch': 81, 'time_epoch': 0.1874, 'loss': 2.0970757, 'lr': 0, 'params': 488742, 'time_iter': 0.1874, 'accuracy': 0.31667, 'f1': 0.28623, 'auc': 0.70194}
> Epoch 81: took 4.2s (avg 3.9s) | Best so far: epoch 69	train_loss: 1.0707 train_accuracy: 0.6021	val_loss: 2.0644 val_accuracy: 0.4833	test_loss: 2.0446 test_accuracy: 0.3000
train: {'epoch': 82, 'time_epoch': 3.92876, 'eta': 60.93144, 'eta_hours': 0.01693, 'loss': 1.04431282, 'lr': 4.775e-05, 'params': 488742, 'time_iter': 0.4911, 'accuracy': 0.5875, 'f1': 0.58896, 'auc': 0.89008}
val: {'epoch': 82, 'time_epoch': 0.14457, 'loss': 2.07600975, 'lr': 0, 'params': 488742, 'time_iter': 0.14457, 'accuracy': 0.45, 'f1': 0.44617, 'auc': 0.70155}
test: {'epoch': 82, 'time_epoch': 0.13557, 'loss': 2.09521818, 'lr': 0, 'params': 488742, 'time_iter': 0.13557, 'accuracy': 0.3, 'f1': 0.27043, 'auc': 0.69903}
> Epoch 82: took 4.2s (avg 3.9s) | Best so far: epoch 69	train_loss: 1.0707 train_accuracy: 0.6021	val_loss: 2.0644 val_accuracy: 0.4833	test_loss: 2.0446 test_accuracy: 0.3000
train: {'epoch': 83, 'time_epoch': 3.64458, 'eta': 57.35874, 'eta_hours': 0.01593, 'loss': 1.05346099, 'lr': 4.274e-05, 'params': 488742, 'time_iter': 0.45557, 'accuracy': 0.60417, 'f1': 0.6031, 'auc': 0.88821}
val: {'epoch': 83, 'time_epoch': 0.15548, 'loss': 2.09034038, 'lr': 0, 'params': 488742, 'time_iter': 0.15548, 'accuracy': 0.48333, 'f1': 0.48318, 'auc': 0.70161}
test: {'epoch': 83, 'time_epoch': 0.13382, 'loss': 2.10036969, 'lr': 0, 'params': 488742, 'time_iter': 0.13382, 'accuracy': 0.33333, 'f1': 0.32242, 'auc': 0.69361}
> Epoch 83: took 4.0s (avg 3.9s) | Best so far: epoch 69	train_loss: 1.0707 train_accuracy: 0.6021	val_loss: 2.0644 val_accuracy: 0.4833	test_loss: 2.0446 test_accuracy: 0.3000
train: {'epoch': 84, 'time_epoch': 3.45496, 'eta': 53.75089, 'eta_hours': 0.01493, 'loss': 1.02074401, 'lr': 3.799e-05, 'params': 488742, 'time_iter': 0.43187, 'accuracy': 0.60625, 'f1': 0.60713, 'auc': 0.89494}
val: {'epoch': 84, 'time_epoch': 0.12575, 'loss': 2.11134839, 'lr': 0, 'params': 488742, 'time_iter': 0.12575, 'accuracy': 0.45, 'f1': 0.44617, 'auc': 0.69886}
test: {'epoch': 84, 'time_epoch': 0.13486, 'loss': 2.10908604, 'lr': 0, 'params': 488742, 'time_iter': 0.13486, 'accuracy': 0.36667, 'f1': 0.35105, 'auc': 0.68878}
> Epoch 84: took 3.7s (avg 3.9s) | Best so far: epoch 69	train_loss: 1.0707 train_accuracy: 0.6021	val_loss: 2.0644 val_accuracy: 0.4833	test_loss: 2.0446 test_accuracy: 0.3000
train: {'epoch': 85, 'time_epoch': 3.17195, 'eta': 50.10052, 'eta_hours': 0.01392, 'loss': 1.03043064, 'lr': 3.349e-05, 'params': 488742, 'time_iter': 0.39649, 'accuracy': 0.61667, 'f1': 0.61585, 'auc': 0.89269}
val: {'epoch': 85, 'time_epoch': 0.16421, 'loss': 2.10054493, 'lr': 0, 'params': 488742, 'time_iter': 0.16421, 'accuracy': 0.46667, 'f1': 0.46591, 'auc': 0.70084}
test: {'epoch': 85, 'time_epoch': 0.12276, 'loss': 2.08033419, 'lr': 0, 'params': 488742, 'time_iter': 0.12276, 'accuracy': 0.35, 'f1': 0.34206, 'auc': 0.70199}
> Epoch 85: took 3.5s (avg 3.9s) | Best so far: epoch 69	train_loss: 1.0707 train_accuracy: 0.6021	val_loss: 2.0644 val_accuracy: 0.4833	test_loss: 2.0446 test_accuracy: 0.3000
train: {'epoch': 86, 'time_epoch': 3.20353, 'eta': 46.46586, 'eta_hours': 0.01291, 'loss': 1.05763105, 'lr': 2.926e-05, 'params': 488742, 'time_iter': 0.40044, 'accuracy': 0.59792, 'f1': 0.59818, 'auc': 0.88556}
val: {'epoch': 86, 'time_epoch': 0.12308, 'loss': 2.08795524, 'lr': 0, 'params': 488742, 'time_iter': 0.12308, 'accuracy': 0.45, 'f1': 0.44441, 'auc': 0.70196}
test: {'epoch': 86, 'time_epoch': 0.12914, 'loss': 2.05959988, 'lr': 0, 'params': 488742, 'time_iter': 0.12914, 'accuracy': 0.31667, 'f1': 0.28965, 'auc': 0.70787}
> Epoch 86: took 3.5s (avg 3.9s) | Best so far: epoch 69	train_loss: 1.0707 train_accuracy: 0.6021	val_loss: 2.0644 val_accuracy: 0.4833	test_loss: 2.0446 test_accuracy: 0.3000
train: {'epoch': 87, 'time_epoch': 3.61034, 'eta': 42.89648, 'eta_hours': 0.01192, 'loss': 1.0279809, 'lr': 2.53e-05, 'params': 488742, 'time_iter': 0.45129, 'accuracy': 0.6125, 'f1': 0.61354, 'auc': 0.8945}
val: {'epoch': 87, 'time_epoch': 0.14544, 'loss': 2.06839967, 'lr': 0, 'params': 488742, 'time_iter': 0.14544, 'accuracy': 0.46667, 'f1': 0.46558, 'auc': 0.70302}
test: {'epoch': 87, 'time_epoch': 0.15026, 'loss': 2.05388856, 'lr': 0, 'params': 488742, 'time_iter': 0.15026, 'accuracy': 0.33333, 'f1': 0.30354, 'auc': 0.70636}
> Epoch 87: took 3.9s (avg 3.9s) | Best so far: epoch 69	train_loss: 1.0707 train_accuracy: 0.6021	val_loss: 2.0644 val_accuracy: 0.4833	test_loss: 2.0446 test_accuracy: 0.3000
train: {'epoch': 88, 'time_epoch': 3.30525, 'eta': 39.28847, 'eta_hours': 0.01091, 'loss': 1.01361134, 'lr': 2.161e-05, 'params': 488742, 'time_iter': 0.41316, 'accuracy': 0.61875, 'f1': 0.61835, 'auc': 0.89752}
val: {'epoch': 88, 'time_epoch': 0.13189, 'loss': 2.07092977, 'lr': 0, 'params': 488742, 'time_iter': 0.13189, 'accuracy': 0.45, 'f1': 0.44486, 'auc': 0.70219}
test: {'epoch': 88, 'time_epoch': 0.12987, 'loss': 2.08108878, 'lr': 0, 'params': 488742, 'time_iter': 0.12987, 'accuracy': 0.33333, 'f1': 0.30302, 'auc': 0.70478}
> Epoch 88: took 3.6s (avg 3.9s) | Best so far: epoch 69	train_loss: 1.0707 train_accuracy: 0.6021	val_loss: 2.0644 val_accuracy: 0.4833	test_loss: 2.0446 test_accuracy: 0.3000
train: {'epoch': 89, 'time_epoch': 3.38371, 'eta': 35.69591, 'eta_hours': 0.00992, 'loss': 1.03294993, 'lr': 1.82e-05, 'params': 488742, 'time_iter': 0.42296, 'accuracy': 0.61458, 'f1': 0.61388, 'auc': 0.89242}
val: {'epoch': 89, 'time_epoch': 0.13745, 'loss': 2.09134221, 'lr': 0, 'params': 488742, 'time_iter': 0.13745, 'accuracy': 0.45, 'f1': 0.44574, 'auc': 0.69774}
test: {'epoch': 89, 'time_epoch': 0.1187, 'loss': 2.10460615, 'lr': 0, 'params': 488742, 'time_iter': 0.1187, 'accuracy': 0.31667, 'f1': 0.29081, 'auc': 0.70148}
> Epoch 89: took 3.7s (avg 3.9s) | Best so far: epoch 69	train_loss: 1.0707 train_accuracy: 0.6021	val_loss: 2.0644 val_accuracy: 0.4833	test_loss: 2.0446 test_accuracy: 0.3000
train: {'epoch': 90, 'time_epoch': 3.76725, 'eta': 32.14586, 'eta_hours': 0.00893, 'loss': 1.04213428, 'lr': 1.508e-05, 'params': 488742, 'time_iter': 0.47091, 'accuracy': 0.59583, 'f1': 0.59479, 'auc': 0.88863}
val: {'epoch': 90, 'time_epoch': 0.17301, 'loss': 2.10000753, 'lr': 0, 'params': 488742, 'time_iter': 0.17301, 'accuracy': 0.46667, 'f1': 0.46638, 'auc': 0.69697}
test: {'epoch': 90, 'time_epoch': 0.11892, 'loss': 2.08606982, 'lr': 0, 'params': 488742, 'time_iter': 0.11892, 'accuracy': 0.31667, 'f1': 0.29081, 'auc': 0.70837}
> Epoch 90: took 4.1s (avg 3.9s) | Best so far: epoch 69	train_loss: 1.0707 train_accuracy: 0.6021	val_loss: 2.0644 val_accuracy: 0.4833	test_loss: 2.0446 test_accuracy: 0.3000
train: {'epoch': 91, 'time_epoch': 2.9727, 'eta': 28.52201, 'eta_hours': 0.00792, 'loss': 1.01990107, 'lr': 1.224e-05, 'params': 488742, 'time_iter': 0.37159, 'accuracy': 0.64583, 'f1': 0.64529, 'auc': 0.89692}
val: {'epoch': 91, 'time_epoch': 0.12739, 'loss': 2.08164763, 'lr': 0, 'params': 488742, 'time_iter': 0.12739, 'accuracy': 0.46667, 'f1': 0.46591, 'auc': 0.69749}
test: {'epoch': 91, 'time_epoch': 0.13417, 'loss': 2.07526875, 'lr': 0, 'params': 488742, 'time_iter': 0.13417, 'accuracy': 0.33333, 'f1': 0.3285, 'auc': 0.70712}
> Epoch 91: took 3.3s (avg 3.9s) | Best so far: epoch 69	train_loss: 1.0707 train_accuracy: 0.6021	val_loss: 2.0644 val_accuracy: 0.4833	test_loss: 2.0446 test_accuracy: 0.3000
train: {'epoch': 92, 'time_epoch': 3.597, 'eta': 24.95915, 'eta_hours': 0.00693, 'loss': 1.02778825, 'lr': 9.68e-06, 'params': 488742, 'time_iter': 0.44963, 'accuracy': 0.61667, 'f1': 0.61721, 'auc': 0.89498}
val: {'epoch': 92, 'time_epoch': 0.12789, 'loss': 2.09093785, 'lr': 0, 'params': 488742, 'time_iter': 0.12789, 'accuracy': 0.46667, 'f1': 0.46591, 'auc': 0.69834}
test: {'epoch': 92, 'time_epoch': 0.14563, 'loss': 2.07447457, 'lr': 0, 'params': 488742, 'time_iter': 0.14563, 'accuracy': 0.31667, 'f1': 0.29081, 'auc': 0.70835}
> Epoch 92: took 3.9s (avg 3.9s) | Best so far: epoch 69	train_loss: 1.0707 train_accuracy: 0.6021	val_loss: 2.0644 val_accuracy: 0.4833	test_loss: 2.0446 test_accuracy: 0.3000
train: {'epoch': 93, 'time_epoch': 3.41829, 'eta': 21.38415, 'eta_hours': 0.00594, 'loss': 1.06286069, 'lr': 7.43e-06, 'params': 488742, 'time_iter': 0.42729, 'accuracy': 0.58333, 'f1': 0.58248, 'auc': 0.8839}
val: {'epoch': 93, 'time_epoch': 0.12842, 'loss': 2.08258104, 'lr': 0, 'params': 488742, 'time_iter': 0.12842, 'accuracy': 0.46667, 'f1': 0.46591, 'auc': 0.69818}
test: {'epoch': 93, 'time_epoch': 0.12945, 'loss': 2.08179879, 'lr': 0, 'params': 488742, 'time_iter': 0.12945, 'accuracy': 0.31667, 'f1': 0.29081, 'auc': 0.71143}
> Epoch 93: took 3.7s (avg 3.9s) | Best so far: epoch 69	train_loss: 1.0707 train_accuracy: 0.6021	val_loss: 2.0644 val_accuracy: 0.4833	test_loss: 2.0446 test_accuracy: 0.3000
train: {'epoch': 94, 'time_epoch': 3.48788, 'eta': 17.81612, 'eta_hours': 0.00495, 'loss': 1.00713581, 'lr': 5.46e-06, 'params': 488742, 'time_iter': 0.43598, 'accuracy': 0.60417, 'f1': 0.60475, 'auc': 0.89939}
val: {'epoch': 94, 'time_epoch': 0.13642, 'loss': 2.09244967, 'lr': 0, 'params': 488742, 'time_iter': 0.13642, 'accuracy': 0.45, 'f1': 0.44574, 'auc': 0.69876}
test: {'epoch': 94, 'time_epoch': 0.12556, 'loss': 2.11473274, 'lr': 0, 'params': 488742, 'time_iter': 0.12556, 'accuracy': 0.31667, 'f1': 0.2915, 'auc': 0.70504}
> Epoch 94: took 3.8s (avg 3.9s) | Best so far: epoch 69	train_loss: 1.0707 train_accuracy: 0.6021	val_loss: 2.0644 val_accuracy: 0.4833	test_loss: 2.0446 test_accuracy: 0.3000
train: {'epoch': 95, 'time_epoch': 3.68814, 'eta': 14.2581, 'eta_hours': 0.00396, 'loss': 1.03001623, 'lr': 3.8e-06, 'params': 488742, 'time_iter': 0.46102, 'accuracy': 0.63958, 'f1': 0.63891, 'auc': 0.89017}
val: {'epoch': 95, 'time_epoch': 0.1428, 'loss': 2.08208728, 'lr': 0, 'params': 488742, 'time_iter': 0.1428, 'accuracy': 0.46667, 'f1': 0.46096, 'auc': 0.6988}
test: {'epoch': 95, 'time_epoch': 0.15081, 'loss': 2.10895181, 'lr': 0, 'params': 488742, 'time_iter': 0.15081, 'accuracy': 0.31667, 'f1': 0.28915, 'auc': 0.70166}
> Epoch 95: took 4.0s (avg 3.9s) | Best so far: epoch 69	train_loss: 1.0707 train_accuracy: 0.6021	val_loss: 2.0644 val_accuracy: 0.4833	test_loss: 2.0446 test_accuracy: 0.3000
train: {'epoch': 96, 'time_epoch': 3.10265, 'eta': 10.67929, 'eta_hours': 0.00297, 'loss': 1.01168233, 'lr': 2.43e-06, 'params': 488742, 'time_iter': 0.38783, 'accuracy': 0.62708, 'f1': 0.62659, 'auc': 0.8988}
val: {'epoch': 96, 'time_epoch': 0.13532, 'loss': 2.06755447, 'lr': 0, 'params': 488742, 'time_iter': 0.13532, 'accuracy': 0.45, 'f1': 0.44002, 'auc': 0.69912}
test: {'epoch': 96, 'time_epoch': 0.11546, 'loss': 2.10081291, 'lr': 0, 'params': 488742, 'time_iter': 0.11546, 'accuracy': 0.31667, 'f1': 0.28393, 'auc': 0.70161}
> Epoch 96: took 3.4s (avg 3.9s) | Best so far: epoch 69	train_loss: 1.0707 train_accuracy: 0.6021	val_loss: 2.0644 val_accuracy: 0.4833	test_loss: 2.0446 test_accuracy: 0.3000
train: {'epoch': 97, 'time_epoch': 3.37382, 'eta': 7.11573, 'eta_hours': 0.00198, 'loss': 1.03267538, 'lr': 1.37e-06, 'params': 488742, 'time_iter': 0.42173, 'accuracy': 0.59167, 'f1': 0.59239, 'auc': 0.89206}
val: {'epoch': 97, 'time_epoch': 0.11854, 'loss': 2.07411695, 'lr': 0, 'params': 488742, 'time_iter': 0.11854, 'accuracy': 0.46667, 'f1': 0.46096, 'auc': 0.6992}
test: {'epoch': 97, 'time_epoch': 0.1333, 'loss': 2.08049369, 'lr': 0, 'params': 488742, 'time_iter': 0.1333, 'accuracy': 0.31667, 'f1': 0.28821, 'auc': 0.70342}
> Epoch 97: took 3.6s (avg 3.9s) | Best so far: epoch 69	train_loss: 1.0707 train_accuracy: 0.6021	val_loss: 2.0644 val_accuracy: 0.4833	test_loss: 2.0446 test_accuracy: 0.3000
train: {'epoch': 98, 'time_epoch': 3.31303, 'eta': 3.55539, 'eta_hours': 0.00099, 'loss': 1.01765153, 'lr': 6.1e-07, 'params': 488742, 'time_iter': 0.41413, 'accuracy': 0.61875, 'f1': 0.61854, 'auc': 0.89612}
val: {'epoch': 98, 'time_epoch': 0.13859, 'loss': 2.06087542, 'lr': 0, 'params': 488742, 'time_iter': 0.13859, 'accuracy': 0.46667, 'f1': 0.46591, 'auc': 0.70192}
test: {'epoch': 98, 'time_epoch': 0.13002, 'loss': 2.04449654, 'lr': 0, 'params': 488742, 'time_iter': 0.13002, 'accuracy': 0.33333, 'f1': 0.32187, 'auc': 0.7142}
> Epoch 98: took 3.6s (avg 3.9s) | Best so far: epoch 69	train_loss: 1.0707 train_accuracy: 0.6021	val_loss: 2.0644 val_accuracy: 0.4833	test_loss: 2.0446 test_accuracy: 0.3000
train: {'epoch': 99, 'time_epoch': 3.28534, 'eta': 0.0, 'eta_hours': 0.0, 'loss': 1.05045057, 'lr': 1.5e-07, 'params': 488742, 'time_iter': 0.41067, 'accuracy': 0.59167, 'f1': 0.58993, 'auc': 0.88775}
val: {'epoch': 99, 'time_epoch': 0.15854, 'loss': 2.07509708, 'lr': 0, 'params': 488742, 'time_iter': 0.15854, 'accuracy': 0.46667, 'f1': 0.46669, 'auc': 0.70049}
test: {'epoch': 99, 'time_epoch': 0.12023, 'loss': 2.06376219, 'lr': 0, 'params': 488742, 'time_iter': 0.12023, 'accuracy': 0.33333, 'f1': 0.32393, 'auc': 0.71323}
> Epoch 99: took 3.6s (avg 3.9s) | Best so far: epoch 69	train_loss: 1.0707 train_accuracy: 0.6021	val_loss: 2.0644 val_accuracy: 0.4833	test_loss: 2.0446 test_accuracy: 0.3000
Avg time per epoch: 3.86s
Total train loop time: 0.11h
Task done, results saved in results/enzyme/enzyme-GPS/0
Results aggregated across runs saved in results/enzyme/enzyme-GPS/agg
[*] All done: 2024-12-02 23:47:43.191289
