[*] Run ID 42: seed=42, split_index=0
    Starting now: 2024-11-12 15:56:38.764746
[*] Loaded dataset 'peptides-structural' from 'OGB':
  Data(edge_index=[2, 4773974], edge_attr=[4773974, 3], x=[2344859, 9], y=[15535, 11])
  undirected: True
  num graphs: 15535
  avg num_nodes/graph: 150
  num node features: 9
  num edge features: 3
  num classes: 11
Precomputing Positional Encoding statistics: ['LapPE'] for all graphs...
  ...estimated to be undirected: True
Done! Took 00:01:38.41
GraphGymModule(
  (model): GPSModel(
    (encoder): FeatureEncoder(
      (node_encoder): Concat2NodeEncoder(
        (encoder1): AtomEncoder(
          (atom_embedding_list): ModuleList(
            (0): Embedding(119, 80)
            (1): Embedding(5, 80)
            (2-3): 2 x Embedding(12, 80)
            (4): Embedding(10, 80)
            (5-6): 2 x Embedding(6, 80)
            (7-8): 2 x Embedding(2, 80)
          )
        )
        (encoder2): LapPENodeEncoder(
          (linear_A): Linear(in_features=2, out_features=32, bias=True)
          (pe_encoder): Sequential(
            (0): ReLU()
            (1): Linear(in_features=32, out_features=16, bias=True)
            (2): ReLU()
          )
        )
      )
      (edge_encoder): BondEncoder(
        (bond_embedding_list): ModuleList(
          (0): Embedding(5, 96)
          (1): Embedding(6, 96)
          (2): Embedding(2, 96)
        )
      )
    )
    (layers): Sequential(
      (0): GPSLayer(
        summary: dim_h=96, local_gnn_type=CustomGatedGCN, global_model_type=Transformer, heads=4
        (local_model): GatedGCNLayer()
        (self_attn): MultiheadAttention(
          (out_proj): NonDynamicallyQuantizableLinear(in_features=96, out_features=96, bias=True)
        )
        (norm1_local): BatchNorm1d(96, eps=1e-05, momentum=0.1, affine=True, track_running_stats=True)
        (norm1_attn): BatchNorm1d(96, eps=1e-05, momentum=0.1, affine=True, track_running_stats=True)
        (dropout_local): Dropout(p=0.0, inplace=False)
        (dropout_attn): Dropout(p=0.0, inplace=False)
        (ff_linear1): Linear(in_features=96, out_features=192, bias=True)
        (ff_linear2): Linear(in_features=192, out_features=96, bias=True)
        (act_fn_ff): ReLU()
        (norm2): BatchNorm1d(96, eps=1e-05, momentum=0.1, affine=True, track_running_stats=True)
        (ff_dropout1): Dropout(p=0.0, inplace=False)
        (ff_dropout2): Dropout(p=0.0, inplace=False)
      )
      (1): GPSLayer(
        summary: dim_h=96, local_gnn_type=CustomGatedGCN, global_model_type=Transformer, heads=4
        (local_model): GatedGCNLayer()
        (self_attn): MultiheadAttention(
          (out_proj): NonDynamicallyQuantizableLinear(in_features=96, out_features=96, bias=True)
        )
        (norm1_local): BatchNorm1d(96, eps=1e-05, momentum=0.1, affine=True, track_running_stats=True)
        (norm1_attn): BatchNorm1d(96, eps=1e-05, momentum=0.1, affine=True, track_running_stats=True)
        (dropout_local): Dropout(p=0.0, inplace=False)
        (dropout_attn): Dropout(p=0.0, inplace=False)
        (ff_linear1): Linear(in_features=96, out_features=192, bias=True)
        (ff_linear2): Linear(in_features=192, out_features=96, bias=True)
        (act_fn_ff): ReLU()
        (norm2): BatchNorm1d(96, eps=1e-05, momentum=0.1, affine=True, track_running_stats=True)
        (ff_dropout1): Dropout(p=0.0, inplace=False)
        (ff_dropout2): Dropout(p=0.0, inplace=False)
      )
      (2): GPSLayer(
        summary: dim_h=96, local_gnn_type=CustomGatedGCN, global_model_type=Transformer, heads=4
        (local_model): GatedGCNLayer()
        (self_attn): MultiheadAttention(
          (out_proj): NonDynamicallyQuantizableLinear(in_features=96, out_features=96, bias=True)
        )
        (norm1_local): BatchNorm1d(96, eps=1e-05, momentum=0.1, affine=True, track_running_stats=True)
        (norm1_attn): BatchNorm1d(96, eps=1e-05, momentum=0.1, affine=True, track_running_stats=True)
        (dropout_local): Dropout(p=0.0, inplace=False)
        (dropout_attn): Dropout(p=0.0, inplace=False)
        (ff_linear1): Linear(in_features=96, out_features=192, bias=True)
        (ff_linear2): Linear(in_features=192, out_features=96, bias=True)
        (act_fn_ff): ReLU()
        (norm2): BatchNorm1d(96, eps=1e-05, momentum=0.1, affine=True, track_running_stats=True)
        (ff_dropout1): Dropout(p=0.0, inplace=False)
        (ff_dropout2): Dropout(p=0.0, inplace=False)
      )
      (3): GPSLayer(
        summary: dim_h=96, local_gnn_type=CustomGatedGCN, global_model_type=Transformer, heads=4
        (local_model): GatedGCNLayer()
        (self_attn): MultiheadAttention(
          (out_proj): NonDynamicallyQuantizableLinear(in_features=96, out_features=96, bias=True)
        )
        (norm1_local): BatchNorm1d(96, eps=1e-05, momentum=0.1, affine=True, track_running_stats=True)
        (norm1_attn): BatchNorm1d(96, eps=1e-05, momentum=0.1, affine=True, track_running_stats=True)
        (dropout_local): Dropout(p=0.0, inplace=False)
        (dropout_attn): Dropout(p=0.0, inplace=False)
        (ff_linear1): Linear(in_features=96, out_features=192, bias=True)
        (ff_linear2): Linear(in_features=192, out_features=96, bias=True)
        (act_fn_ff): ReLU()
        (norm2): BatchNorm1d(96, eps=1e-05, momentum=0.1, affine=True, track_running_stats=True)
        (ff_dropout1): Dropout(p=0.0, inplace=False)
        (ff_dropout2): Dropout(p=0.0, inplace=False)
      )
    )
    (post_mp): GNNGraphHead(
      (layer_post_mp): MLP(
        (model): Sequential(
          (0): Linear(
            (model): Linear(96, 11, bias=True)
          )
        )
      )
    )
  )
)
accelerator: cpu
benchmark: False
bn:
  eps: 1e-05
  mom: 0.1
cfg_dest: config.yaml
custom_metrics: []
dataset:
  cache_load: False
  cache_save: False
  dir: ./datasets
  edge_dim: 128
  edge_encoder: True
  edge_encoder_bn: False
  edge_encoder_name: Bond
  edge_encoder_num_types: 0
  edge_message_ratio: 0.8
  edge_negative_sampling_ratio: 1.0
  edge_train_mode: all
  encoder: True
  encoder_bn: True
  encoder_dim: 128
  encoder_name: db
  format: OGB
  infer_link_label: None
  label_column: none
  label_table: none
  location: local
  name: peptides-structural
  node_encoder: True
  node_encoder_bn: False
  node_encoder_name: Atom+LapPE
  node_encoder_num_types: 0
  remove_feature: False
  resample_disjoint: False
  resample_negative: False
  shuffle_split: True
  slic_compactness: 10
  split: [0.8, 0.1, 0.1]
  split_dir: ./splits
  split_index: 0
  split_mode: standard
  task: graph
  task_type: regression
  to_undirected: False
  transductive: False
  transform: none
  tu_simple: True
devices: None
example_arg: example
example_group:
  example_arg: example
gnn:
  act: relu
  agg: add
  att_final_linear: False
  att_final_linear_bn: False
  att_heads: 1
  batchnorm: True
  clear_feature: True
  dim_edge: 96
  dim_inner: 96
  dropout: 0.0
  head: graph
  keep_edge: 0.5
  l2norm: True
  layer_type: generalconv
  layers_mp: 2
  layers_post_mp: 1
  layers_pre_mp: 0
  msg_direction: single
  normalize_adj: False
  residual: False
  self_msg: concat
  skip_every: 1
  stage_type: stack
gpu_mem: False
graphormer:
  attention_dropout: 0.0
  dropout: 0.0
  embed_dim: 80
  input_dropout: 0.0
  mlp_dropout: 0.0
  num_heads: 4
  num_layers: 6
  use_graph_token: True
gt:
  attn_dropout: 0.5
  batch_norm: True
  bigbird:
    add_cross_attention: False
    attention_type: block_sparse
    block_size: 3
    chunk_size_feed_forward: 0
    hidden_act: relu
    is_decoder: False
    layer_norm_eps: 1e-06
    max_position_embeddings: 128
    num_random_blocks: 3
    use_bias: False
  dim_hidden: 96
  dropout: 0.0
  full_graph: True
  gamma: 1e-05
  layer_norm: False
  layer_type: CustomGatedGCN+Transformer
  layers: 4
  n_heads: 4
  pna_degrees: []
  residual: True
mem:
  inplace: False
metric_agg: argmin
metric_best: mae
model:
  edge_decoding: dot
  graph_pooling: mean
  loss_fun: l1
  match_upper: True
  size_average: mean
  thresh: 0.5
  type: GPSModel
name_tag: 
num_threads: 6
num_workers: 0
optim:
  base_lr: 0.0003
  batch_accumulation: 1
  clip_grad_norm: True
  clip_grad_norm_value: 1.0
  lr_decay: 0.1
  max_epoch: 200
  min_lr: 0.0
  momentum: 0.9
  num_warmup_epochs: 10
  optimizer: adamW
  reduce_factor: 0.1
  schedule_patience: 10
  scheduler: cosine_with_warmup
  steps: [30, 60, 90]
  weight_decay: 0.0
out_dir: results/peptides-struct-GPS
posenc_ElstaticSE:
  dim_pe: 16
  enable: False
  kernel:
    times: []
    times_func: range(10)
  layers: 3
  model: none
  n_heads: 4
  pass_as_var: False
  post_layers: 0
  raw_norm_type: none
posenc_EquivStableLapPE:
  eigen:
    eigvec_norm: L2
    laplacian_norm: sym
    max_freqs: 10
  enable: False
  raw_norm_type: none
posenc_GraphormerBias:
  dim_pe: 0
  enable: False
  node_degrees_only: False
  num_in_degrees: None
  num_out_degrees: None
  num_spatial_types: None
posenc_HKdiagSE:
  dim_pe: 16
  enable: False
  kernel:
    times: []
    times_func: 
  layers: 3
  model: none
  n_heads: 4
  pass_as_var: False
  post_layers: 0
  raw_norm_type: none
posenc_LapPE:
  dim_pe: 16
  eigen:
    eigvec_norm: L2
    laplacian_norm: none
    max_freqs: 10
  enable: True
  layers: 2
  model: DeepSet
  n_heads: 4
  pass_as_var: False
  post_layers: 0
  raw_norm_type: none
posenc_RWSE:
  dim_pe: 16
  enable: False
  kernel:
    times: []
    times_func: 
  layers: 3
  model: none
  n_heads: 4
  pass_as_var: False
  post_layers: 0
  raw_norm_type: none
posenc_SignNet:
  dim_pe: 16
  eigen:
    eigvec_norm: L2
    laplacian_norm: sym
    max_freqs: 10
  enable: False
  layers: 3
  model: none
  n_heads: 4
  pass_as_var: False
  phi_hidden_dim: 64
  phi_out_dim: 4
  post_layers: 0
  raw_norm_type: none
pretrained:
  dir: 
  freeze_main: False
  reset_prediction_head: True
print: both
round: 5
run_dir: results/peptides-struct-GPS/42
run_id: 42
run_multiple_splits: []
seed: 42
share:
  dim_in: 9
  dim_out: 11
  num_splits: 3
tensorboard_agg: True
tensorboard_each_run: False
train:
  auto_resume: False
  batch_size: 128
  ckpt_best: False
  ckpt_clean: True
  ckpt_period: 100
  enable_ckpt: True
  epoch_resume: -1
  eval_period: 1
  iter_per_epoch: 32
  mode: custom
  neighbor_sizes: [20, 15, 10, 5]
  node_per_graph: 32
  radius: extend
  sample_node: False
  sampler: full_batch
  skip_train_eval: False
  walk_length: 4
val:
  node_per_graph: 32
  radius: extend
  sample_node: False
  sampler: full_batch
view_emb: False
wandb:
  entity: gtransformers
  name: 
  project: peptides-struct
  use: False
Num parameters: 504539
Start from epoch 0
train: {'epoch': 0, 'time_epoch': 677.16228, 'eta': 134755.29307, 'eta_hours': 37.43203, 'loss': 0.6863737, 'lr': 0.0, 'params': 504539, 'time_iter': 7.96662, 'mae': 0.68637, 'r2': -0.03917, 'spearmanr': 0.02577, 'mse': 1.05052, 'rmse': 1.01999}
...computing epoch stats took: 0.10s
val: {'epoch': 0, 'time_epoch': 33.84163, 'loss': 0.67550854, 'lr': 0, 'params': 504539, 'time_iter': 1.78114, 'mae': 0.67551, 'r2': -0.04769, 'spearmanr': 0.03218, 'mse': 0.98041, 'rmse': 0.98463}
...computing epoch stats took: 0.04s
test: {'epoch': 0, 'time_epoch': 34.08609, 'loss': 0.69345309, 'lr': 0, 'params': 504539, 'time_iter': 1.794, 'mae': 0.69345, 'r2': -0.03291, 'spearmanr': 0.04236, 'mse': 1.04545, 'rmse': 1.01701}
...computing epoch stats took: 0.05s
> Epoch 0: took 745.3s (avg 745.3s) | Best so far: epoch 0	train_loss: 0.6864 train_mae: 0.6864	val_loss: 0.6755 val_mae: 0.6755	test_loss: 0.6935 test_mae: 0.6935
train: {'epoch': 1, 'time_epoch': 702.2323, 'eta': 136560.0632, 'eta_hours': 37.93335, 'loss': 0.55098829, 'lr': 3e-05, 'params': 504539, 'time_iter': 8.26156, 'mae': 0.55099, 'r2': 0.18919, 'spearmanr': 0.60367, 'mse': 0.81991, 'rmse': 0.90124}
...computing epoch stats took: 0.09s
val: {'epoch': 1, 'time_epoch': 32.45644, 'loss': 0.45775474, 'lr': 0, 'params': 504539, 'time_iter': 1.70823, 'mae': 0.45775, 'r2': 0.30953, 'spearmanr': 0.81017, 'mse': 0.64294, 'rmse': 0.79757}
...computing epoch stats took: 0.04s
test: {'epoch': 1, 'time_epoch': 33.59183, 'loss': 0.47542906, 'lr': 0, 'params': 504539, 'time_iter': 1.76799, 'mae': 0.47543, 'r2': 0.29659, 'spearmanr': 0.81472, 'mse': 0.71407, 'rmse': 0.83877}
...computing epoch stats took: 0.03s
> Epoch 1: took 768.4s (avg 756.9s) | Best so far: epoch 1	train_loss: 0.5510 train_mae: 0.5510	val_loss: 0.4578 val_mae: 0.4577	test_loss: 0.4754 test_mae: 0.4754
train: {'epoch': 2, 'time_epoch': 655.5251, 'eta': 133626.39216, 'eta_hours': 37.11844, 'loss': 0.4220871, 'lr': 6e-05, 'params': 504539, 'time_iter': 7.71206, 'mae': 0.42209, 'r2': 0.37757, 'spearmanr': 0.83984, 'mse': 0.62943, 'rmse': 0.78691}
...computing epoch stats took: 0.10s
val: {'epoch': 2, 'time_epoch': 32.55378, 'loss': 0.38890124, 'lr': 0, 'params': 504539, 'time_iter': 1.71336, 'mae': 0.3889, 'r2': 0.42143, 'spearmanr': 0.86547, 'mse': 0.53937, 'rmse': 0.73037}
...computing epoch stats took: 0.03s
test: {'epoch': 2, 'time_epoch': 35.00603, 'loss': 0.40513723, 'lr': 0, 'params': 504539, 'time_iter': 1.84242, 'mae': 0.40514, 'r2': 0.41098, 'spearmanr': 0.86756, 'mse': 0.59777, 'rmse': 0.76763}
...computing epoch stats took: 0.03s
> Epoch 2: took 723.3s (avg 745.7s) | Best so far: epoch 2	train_loss: 0.4221 train_mae: 0.4221	val_loss: 0.3889 val_mae: 0.3889	test_loss: 0.4051 test_mae: 0.4051
train: {'epoch': 3, 'time_epoch': 644.58322, 'eta': 131295.64195, 'eta_hours': 36.47101, 'loss': 0.37623574, 'lr': 9e-05, 'params': 504539, 'time_iter': 7.58333, 'mae': 0.37624, 'r2': 0.45774, 'spearmanr': 0.87186, 'mse': 0.54828, 'rmse': 0.73447}
val: {'epoch': 3, 'time_epoch': 32.73339, 'loss': 0.38437534, 'lr': 0, 'params': 504539, 'time_iter': 1.72281, 'mae': 0.38438, 'r2': 0.44882, 'spearmanr': 0.87433, 'mse': 0.51391, 'rmse': 0.71251}
test: {'epoch': 3, 'time_epoch': 33.21948, 'loss': 0.39888099, 'lr': 0, 'params': 504539, 'time_iter': 1.74839, 'mae': 0.39888, 'r2': 0.44142, 'spearmanr': 0.87401, 'mse': 0.567, 'rmse': 0.74718}
> Epoch 3: took 710.7s (avg 736.9s) | Best so far: epoch 3	train_loss: 0.3762 train_mae: 0.3762	val_loss: 0.3844 val_mae: 0.3844	test_loss: 0.3989 test_mae: 0.3989
train: {'epoch': 4, 'time_epoch': 651.22904, 'eta': 129898.54552, 'eta_hours': 36.08293, 'loss': 0.36208217, 'lr': 0.00012, 'params': 504539, 'time_iter': 7.66152, 'mae': 0.36208, 'r2': 0.49213, 'spearmanr': 0.87898, 'mse': 0.51345, 'rmse': 0.71033}
val: {'epoch': 4, 'time_epoch': 31.62656, 'loss': 0.33216028, 'lr': 0, 'params': 504539, 'time_iter': 1.66456, 'mae': 0.33216, 'r2': 0.56814, 'spearmanr': 0.88508, 'mse': 0.40369, 'rmse': 0.6276}
test: {'epoch': 4, 'time_epoch': 33.1721, 'loss': 0.34486082, 'lr': 0, 'params': 504539, 'time_iter': 1.7459, 'mae': 0.34486, 'r2': 0.56138, 'spearmanr': 0.88667, 'mse': 0.44484, 'rmse': 0.65859}
> Epoch 4: took 713.0s (avg 732.1s) | Best so far: epoch 4	train_loss: 0.3621 train_mae: 0.3621	val_loss: 0.3322 val_mae: 0.3322	test_loss: 0.3449 test_mae: 0.3449
train: {'epoch': 5, 'time_epoch': 621.84884, 'eta': 127800.11174, 'eta_hours': 35.50003, 'loss': 0.34951168, 'lr': 0.00015, 'params': 504539, 'time_iter': 7.31587, 'mae': 0.34951, 'r2': 0.5191, 'spearmanr': 0.88277, 'mse': 0.48618, 'rmse': 0.69048}
val: {'epoch': 5, 'time_epoch': 32.04039, 'loss': 0.31934255, 'lr': 0, 'params': 504539, 'time_iter': 1.68634, 'mae': 0.31934, 'r2': 0.6208, 'spearmanr': 0.88759, 'mse': 0.35509, 'rmse': 0.58529}
test: {'epoch': 5, 'time_epoch': 32.6202, 'loss': 0.33088466, 'lr': 0, 'params': 504539, 'time_iter': 1.71685, 'mae': 0.33088, 'r2': 0.61565, 'spearmanr': 0.88869, 'mse': 0.38972, 'rmse': 0.61356}
> Epoch 5: took 686.7s (avg 724.6s) | Best so far: epoch 5	train_loss: 0.3495 train_mae: 0.3495	val_loss: 0.3193 val_mae: 0.3193	test_loss: 0.3309 test_mae: 0.3309
train: {'epoch': 6, 'time_epoch': 631.45381, 'eta': 126388.38226, 'eta_hours': 35.10788, 'loss': 0.33833405, 'lr': 0.00018, 'params': 504539, 'time_iter': 7.42887, 'mae': 0.33833, 'r2': 0.55097, 'spearmanr': 0.88385, 'mse': 0.45393, 'rmse': 0.66607}
val: {'epoch': 6, 'time_epoch': 34.25319, 'loss': 0.30355121, 'lr': 0, 'params': 504539, 'time_iter': 1.8028, 'mae': 0.30355, 'r2': 0.62401, 'spearmanr': 0.8927, 'mse': 0.35154, 'rmse': 0.58339}
test: {'epoch': 6, 'time_epoch': 36.73333, 'loss': 0.31691487, 'lr': 0, 'params': 504539, 'time_iter': 1.93333, 'mae': 0.31692, 'r2': 0.61815, 'spearmanr': 0.89238, 'mse': 0.38748, 'rmse': 0.61258}
> Epoch 6: took 702.6s (avg 721.4s) | Best so far: epoch 6	train_loss: 0.3383 train_mae: 0.3383	val_loss: 0.3036 val_mae: 0.3035	test_loss: 0.3169 test_mae: 0.3169
train: {'epoch': 7, 'time_epoch': 654.13169, 'eta': 125715.99072, 'eta_hours': 34.92111, 'loss': 0.32553626, 'lr': 0.00021, 'params': 504539, 'time_iter': 7.69567, 'mae': 0.32554, 'r2': 0.58084, 'spearmanr': 0.88681, 'mse': 0.42369, 'rmse': 0.64198}
val: {'epoch': 7, 'time_epoch': 32.48072, 'loss': 0.29822736, 'lr': 0, 'params': 504539, 'time_iter': 1.70951, 'mae': 0.29823, 'r2': 0.67055, 'spearmanr': 0.8914, 'mse': 0.30889, 'rmse': 0.54209}
test: {'epoch': 7, 'time_epoch': 32.7895, 'loss': 0.30791913, 'lr': 0, 'params': 504539, 'time_iter': 1.72576, 'mae': 0.30792, 'r2': 0.67243, 'spearmanr': 0.89088, 'mse': 0.33217, 'rmse': 0.56276}
> Epoch 7: took 719.6s (avg 721.2s) | Best so far: epoch 7	train_loss: 0.3255 train_mae: 0.3255	val_loss: 0.2982 val_mae: 0.2982	test_loss: 0.3079 test_mae: 0.3079
train: {'epoch': 8, 'time_epoch': 659.53685, 'eta': 125162.36639, 'eta_hours': 34.76732, 'loss': 0.3163818, 'lr': 0.00024, 'params': 504539, 'time_iter': 7.75926, 'mae': 0.31638, 'r2': 0.60785, 'spearmanr': 0.8873, 'mse': 0.39635, 'rmse': 0.61889}
val: {'epoch': 8, 'time_epoch': 33.68461, 'loss': 0.28967351, 'lr': 0, 'params': 504539, 'time_iter': 1.77287, 'mae': 0.28967, 'r2': 0.68632, 'spearmanr': 0.8947, 'mse': 0.2939, 'rmse': 0.52767}
test: {'epoch': 8, 'time_epoch': 36.21707, 'loss': 0.29953128, 'lr': 0, 'params': 504539, 'time_iter': 1.90616, 'mae': 0.29953, 'r2': 0.68944, 'spearmanr': 0.89374, 'mse': 0.31519, 'rmse': 0.54639}
> Epoch 8: took 729.6s (avg 722.1s) | Best so far: epoch 8	train_loss: 0.3164 train_mae: 0.3164	val_loss: 0.2897 val_mae: 0.2897	test_loss: 0.2995 test_mae: 0.2995
train: {'epoch': 9, 'time_epoch': 629.62724, 'eta': 124019.27693, 'eta_hours': 34.4498, 'loss': 0.30525648, 'lr': 0.00027, 'params': 504539, 'time_iter': 7.40738, 'mae': 0.30526, 'r2': 0.63436, 'spearmanr': 0.88813, 'mse': 0.3695, 'rmse': 0.59545}
val: {'epoch': 9, 'time_epoch': 31.79897, 'loss': 0.29632674, 'lr': 0, 'params': 504539, 'time_iter': 1.67363, 'mae': 0.29633, 'r2': 0.64647, 'spearmanr': 0.89713, 'mse': 0.32999, 'rmse': 0.56093}
test: {'epoch': 9, 'time_epoch': 31.76666, 'loss': 0.30662063, 'lr': 0, 'params': 504539, 'time_iter': 1.67193, 'mae': 0.30662, 'r2': 0.64904, 'spearmanr': 0.89665, 'mse': 0.35681, 'rmse': 0.58316}
> Epoch 9: took 693.4s (avg 719.3s) | Best so far: epoch 8	train_loss: 0.3164 train_mae: 0.3164	val_loss: 0.2897 val_mae: 0.2897	test_loss: 0.2995 test_mae: 0.2995
train: {'epoch': 10, 'time_epoch': 638.74756, 'eta': 123126.24792, 'eta_hours': 34.20174, 'loss': 0.29727283, 'lr': 0.0003, 'params': 504539, 'time_iter': 7.51468, 'mae': 0.29727, 'r2': 0.65923, 'spearmanr': 0.88959, 'mse': 0.34429, 'rmse': 0.57213}
val: {'epoch': 10, 'time_epoch': 35.59657, 'loss': 0.27540746, 'lr': 0, 'params': 504539, 'time_iter': 1.8735, 'mae': 0.27541, 'r2': 0.69339, 'spearmanr': 0.89904, 'mse': 0.28701, 'rmse': 0.51877}
test: {'epoch': 10, 'time_epoch': 34.95951, 'loss': 0.28471817, 'lr': 0, 'params': 504539, 'time_iter': 1.83997, 'mae': 0.28472, 'r2': 0.69998, 'spearmanr': 0.897, 'mse': 0.30483, 'rmse': 0.53454}
> Epoch 10: took 709.5s (avg 718.4s) | Best so far: epoch 10	train_loss: 0.2973 train_mae: 0.2973	val_loss: 0.2754 val_mae: 0.2754	test_loss: 0.2847 test_mae: 0.2847
train: {'epoch': 11, 'time_epoch': 704.7971, 'eta': 123310.37525, 'eta_hours': 34.25288, 'loss': 0.2915276, 'lr': 0.00029998, 'params': 504539, 'time_iter': 8.29173, 'mae': 0.29153, 'r2': 0.67772, 'spearmanr': 0.89091, 'mse': 0.32554, 'rmse': 0.55561}
val: {'epoch': 11, 'time_epoch': 35.43977, 'loss': 0.28599471, 'lr': 0, 'params': 504539, 'time_iter': 1.86525, 'mae': 0.28599, 'r2': 0.68312, 'spearmanr': 0.89895, 'mse': 0.29703, 'rmse': 0.53313}
test: {'epoch': 11, 'time_epoch': 35.4313, 'loss': 0.29381172, 'lr': 0, 'params': 504539, 'time_iter': 1.86481, 'mae': 0.29381, 'r2': 0.69199, 'spearmanr': 0.89842, 'mse': 0.31214, 'rmse': 0.54692}
> Epoch 11: took 775.9s (avg 723.2s) | Best so far: epoch 10	train_loss: 0.2973 train_mae: 0.2973	val_loss: 0.2754 val_mae: 0.2754	test_loss: 0.2847 test_mae: 0.2847
train: {'epoch': 12, 'time_epoch': 713.31248, 'eta': 123480.23545, 'eta_hours': 34.30007, 'loss': 0.28584066, 'lr': 0.00029992, 'params': 504539, 'time_iter': 8.39191, 'mae': 0.28584, 'r2': 0.68745, 'spearmanr': 0.89286, 'mse': 0.31568, 'rmse': 0.54572}
val: {'epoch': 12, 'time_epoch': 37.18533, 'loss': 0.32427255, 'lr': 0, 'params': 504539, 'time_iter': 1.95712, 'mae': 0.32427, 'r2': 0.61252, 'spearmanr': 0.89464, 'mse': 0.36162, 'rmse': 0.57777}
test: {'epoch': 12, 'time_epoch': 34.73908, 'loss': 0.33143132, 'lr': 0, 'params': 504539, 'time_iter': 1.82837, 'mae': 0.33143, 'r2': 0.64681, 'spearmanr': 0.89355, 'mse': 0.35964, 'rmse': 0.57564}
> Epoch 12: took 785.4s (avg 728.0s) | Best so far: epoch 10	train_loss: 0.2973 train_mae: 0.2973	val_loss: 0.2754 val_mae: 0.2754	test_loss: 0.2847 test_mae: 0.2847
train: {'epoch': 13, 'time_epoch': 672.26144, 'eta': 122978.53584, 'eta_hours': 34.1607, 'loss': 0.28613519, 'lr': 0.00029982, 'params': 504539, 'time_iter': 7.90896, 'mae': 0.28614, 'r2': 0.69109, 'spearmanr': 0.89249, 'mse': 0.31198, 'rmse': 0.54217}
val: {'epoch': 13, 'time_epoch': 31.46603, 'loss': 0.31974716, 'lr': 0, 'params': 504539, 'time_iter': 1.65611, 'mae': 0.31975, 'r2': 0.66613, 'spearmanr': 0.90038, 'mse': 0.31264, 'rmse': 0.54956}
test: {'epoch': 13, 'time_epoch': 32.6858, 'loss': 0.3283495, 'lr': 0, 'params': 504539, 'time_iter': 1.72031, 'mae': 0.32835, 'r2': 0.68659, 'spearmanr': 0.9003, 'mse': 0.31728, 'rmse': 0.55413}
> Epoch 13: took 736.6s (avg 728.6s) | Best so far: epoch 10	train_loss: 0.2973 train_mae: 0.2973	val_loss: 0.2754 val_mae: 0.2754	test_loss: 0.2847 test_mae: 0.2847
train: {'epoch': 14, 'time_epoch': 616.98672, 'eta': 121772.37308, 'eta_hours': 33.82566, 'loss': 0.28205687, 'lr': 0.00029967, 'params': 504539, 'time_iter': 7.25867, 'mae': 0.28206, 'r2': 0.69725, 'spearmanr': 0.89513, 'mse': 0.30575, 'rmse': 0.53713}
val: {'epoch': 14, 'time_epoch': 33.11454, 'loss': 0.27908362, 'lr': 0, 'params': 504539, 'time_iter': 1.74287, 'mae': 0.27908, 'r2': 0.71638, 'spearmanr': 0.89969, 'mse': 0.26639, 'rmse': 0.49804}
test: {'epoch': 14, 'time_epoch': 32.68099, 'loss': 0.28665547, 'lr': 0, 'params': 504539, 'time_iter': 1.72005, 'mae': 0.28666, 'r2': 0.73211, 'spearmanr': 0.8986, 'mse': 0.27184, 'rmse': 0.50293}
> Epoch 14: took 683.0s (avg 725.5s) | Best so far: epoch 10	train_loss: 0.2973 train_mae: 0.2973	val_loss: 0.2754 val_mae: 0.2754	test_loss: 0.2847 test_mae: 0.2847
train: {'epoch': 15, 'time_epoch': 634.53697, 'eta': 120841.68514, 'eta_hours': 33.56713, 'loss': 0.27801431, 'lr': 0.00029949, 'params': 504539, 'time_iter': 7.46514, 'mae': 0.27801, 'r2': 0.70648, 'spearmanr': 0.89625, 'mse': 0.2964, 'rmse': 0.52774}
val: {'epoch': 15, 'time_epoch': 33.8744, 'loss': 0.34376853, 'lr': 0, 'params': 504539, 'time_iter': 1.78286, 'mae': 0.34377, 'r2': 0.59542, 'spearmanr': 0.90121, 'mse': 0.37712, 'rmse': 0.60612}
test: {'epoch': 15, 'time_epoch': 33.039, 'loss': 0.35497149, 'lr': 0, 'params': 504539, 'time_iter': 1.73889, 'mae': 0.35497, 'r2': 0.61932, 'spearmanr': 0.90023, 'mse': 0.38507, 'rmse': 0.61292}
> Epoch 15: took 701.6s (avg 724.0s) | Best so far: epoch 10	train_loss: 0.2973 train_mae: 0.2973	val_loss: 0.2754 val_mae: 0.2754	test_loss: 0.2847 test_mae: 0.2847
train: {'epoch': 16, 'time_epoch': 667.43143, 'eta': 120299.93768, 'eta_hours': 33.41665, 'loss': 0.28048549, 'lr': 0.00029926, 'params': 504539, 'time_iter': 7.85213, 'mae': 0.28049, 'r2': 0.70789, 'spearmanr': 0.89528, 'mse': 0.29496, 'rmse': 0.52664}
val: {'epoch': 16, 'time_epoch': 33.49749, 'loss': 0.29151045, 'lr': 0, 'params': 504539, 'time_iter': 1.76303, 'mae': 0.29151, 'r2': 0.69956, 'spearmanr': 0.90205, 'mse': 0.28175, 'rmse': 0.51323}
test: {'epoch': 16, 'time_epoch': 41.03008, 'loss': 0.29698374, 'lr': 0, 'params': 504539, 'time_iter': 2.15948, 'mae': 0.29698, 'r2': 0.72257, 'spearmanr': 0.90151, 'mse': 0.28132, 'rmse': 0.51308}
> Epoch 16: took 742.1s (avg 725.1s) | Best so far: epoch 10	train_loss: 0.2973 train_mae: 0.2973	val_loss: 0.2754 val_mae: 0.2754	test_loss: 0.2847 test_mae: 0.2847
train: {'epoch': 17, 'time_epoch': 702.36604, 'eta': 120097.45308, 'eta_hours': 33.3604, 'loss': 0.27819181, 'lr': 0.000299, 'params': 504539, 'time_iter': 8.26313, 'mae': 0.27819, 'r2': 0.71095, 'spearmanr': 0.89577, 'mse': 0.29186, 'rmse': 0.52401}
val: {'epoch': 17, 'time_epoch': 31.87087, 'loss': 0.28613321, 'lr': 0, 'params': 504539, 'time_iter': 1.67741, 'mae': 0.28613, 'r2': 0.68645, 'spearmanr': 0.89396, 'mse': 0.29399, 'rmse': 0.53246}
test: {'epoch': 17, 'time_epoch': 34.86822, 'loss': 0.29175329, 'lr': 0, 'params': 504539, 'time_iter': 1.83517, 'mae': 0.29175, 'r2': 0.69832, 'spearmanr': 0.89344, 'mse': 0.30524, 'rmse': 0.54258}
> Epoch 17: took 769.3s (avg 727.6s) | Best so far: epoch 10	train_loss: 0.2973 train_mae: 0.2973	val_loss: 0.2754 val_mae: 0.2754	test_loss: 0.2847 test_mae: 0.2847
train: {'epoch': 18, 'time_epoch': 658.68289, 'eta': 119426.20994, 'eta_hours': 33.17395, 'loss': 0.27400968, 'lr': 0.00029869, 'params': 504539, 'time_iter': 7.74921, 'mae': 0.27401, 'r2': 0.71853, 'spearmanr': 0.8983, 'mse': 0.28418, 'rmse': 0.51645}
val: {'epoch': 18, 'time_epoch': 34.2116, 'loss': 0.26322493, 'lr': 0, 'params': 504539, 'time_iter': 1.80061, 'mae': 0.26322, 'r2': 0.72624, 'spearmanr': 0.9023, 'mse': 0.25669, 'rmse': 0.48731}
test: {'epoch': 18, 'time_epoch': 37.3706, 'loss': 0.26770783, 'lr': 0, 'params': 504539, 'time_iter': 1.96687, 'mae': 0.26771, 'r2': 0.73747, 'spearmanr': 0.90281, 'mse': 0.26673, 'rmse': 0.49728}
> Epoch 18: took 730.4s (avg 727.7s) | Best so far: epoch 18	train_loss: 0.2740 train_mae: 0.2740	val_loss: 0.2632 val_mae: 0.2632	test_loss: 0.2677 test_mae: 0.2677
train: {'epoch': 19, 'time_epoch': 648.81189, 'eta': 118667.38378, 'eta_hours': 32.96316, 'loss': 0.27733853, 'lr': 0.00029834, 'params': 504539, 'time_iter': 7.63308, 'mae': 0.27734, 'r2': 0.71247, 'spearmanr': 0.89694, 'mse': 0.29033, 'rmse': 0.52253}
val: {'epoch': 19, 'time_epoch': 36.48083, 'loss': 0.26291098, 'lr': 0, 'params': 504539, 'time_iter': 1.92004, 'mae': 0.26291, 'r2': 0.72492, 'spearmanr': 0.90305, 'mse': 0.258, 'rmse': 0.48912}
test: {'epoch': 19, 'time_epoch': 33.60957, 'loss': 0.26840215, 'lr': 0, 'params': 504539, 'time_iter': 1.76892, 'mae': 0.2684, 'r2': 0.73728, 'spearmanr': 0.90268, 'mse': 0.26684, 'rmse': 0.49715}
> Epoch 19: took 719.1s (avg 727.3s) | Best so far: epoch 19	train_loss: 0.2773 train_mae: 0.2773	val_loss: 0.2629 val_mae: 0.2629	test_loss: 0.2684 test_mae: 0.2684
train: {'epoch': 20, 'time_epoch': 650.28976, 'eta': 117931.63225, 'eta_hours': 32.75879, 'loss': 0.27274759, 'lr': 0.00029795, 'params': 504539, 'time_iter': 7.65047, 'mae': 0.27275, 'r2': 0.72099, 'spearmanr': 0.89863, 'mse': 0.28169, 'rmse': 0.51424}
val: {'epoch': 20, 'time_epoch': 31.73605, 'loss': 0.26710431, 'lr': 0, 'params': 504539, 'time_iter': 1.67032, 'mae': 0.2671, 'r2': 0.73381, 'spearmanr': 0.90347, 'mse': 0.24997, 'rmse': 0.48316}
test: {'epoch': 20, 'time_epoch': 36.94087, 'loss': 0.270343, 'lr': 0, 'params': 504539, 'time_iter': 1.94426, 'mae': 0.27034, 'r2': 0.75311, 'spearmanr': 0.90287, 'mse': 0.25033, 'rmse': 0.48318}
> Epoch 20: took 719.2s (avg 726.9s) | Best so far: epoch 19	train_loss: 0.2773 train_mae: 0.2773	val_loss: 0.2629 val_mae: 0.2629	test_loss: 0.2684 test_mae: 0.2684
train: {'epoch': 21, 'time_epoch': 632.44922, 'eta': 117059.30384, 'eta_hours': 32.51647, 'loss': 0.27354479, 'lr': 0.00029753, 'params': 504539, 'time_iter': 7.44058, 'mae': 0.27354, 'r2': 0.72327, 'spearmanr': 0.89853, 'mse': 0.27938, 'rmse': 0.51247}
val: {'epoch': 21, 'time_epoch': 31.97622, 'loss': 0.34613141, 'lr': 0, 'params': 504539, 'time_iter': 1.68296, 'mae': 0.34613, 'r2': 0.59216, 'spearmanr': 0.9018, 'mse': 0.37922, 'rmse': 0.60275}
test: {'epoch': 21, 'time_epoch': 32.92738, 'loss': 0.35492025, 'lr': 0, 'params': 504539, 'time_iter': 1.73302, 'mae': 0.35492, 'r2': 0.62172, 'spearmanr': 0.90233, 'mse': 0.38447, 'rmse': 0.60729}
> Epoch 21: took 697.5s (avg 725.6s) | Best so far: epoch 19	train_loss: 0.2773 train_mae: 0.2773	val_loss: 0.2629 val_mae: 0.2629	test_loss: 0.2684 test_mae: 0.2684
train: {'epoch': 22, 'time_epoch': 621.6945, 'eta': 116125.06985, 'eta_hours': 32.25696, 'loss': 0.27549815, 'lr': 0.00029706, 'params': 504539, 'time_iter': 7.31405, 'mae': 0.2755, 'r2': 0.72393, 'spearmanr': 0.8987, 'mse': 0.27871, 'rmse': 0.51219}
val: {'epoch': 22, 'time_epoch': 31.07053, 'loss': 0.26795094, 'lr': 0, 'params': 504539, 'time_iter': 1.63529, 'mae': 0.26795, 'r2': 0.73664, 'spearmanr': 0.90317, 'mse': 0.24763, 'rmse': 0.47949}
test: {'epoch': 22, 'time_epoch': 32.53137, 'loss': 0.27071733, 'lr': 0, 'params': 504539, 'time_iter': 1.71218, 'mae': 0.27072, 'r2': 0.75843, 'spearmanr': 0.90327, 'mse': 0.24488, 'rmse': 0.47626}
> Epoch 22: took 685.5s (avg 723.8s) | Best so far: epoch 19	train_loss: 0.2773 train_mae: 0.2773	val_loss: 0.2629 val_mae: 0.2629	test_loss: 0.2684 test_mae: 0.2684
train: {'epoch': 23, 'time_epoch': 647.16494, 'eta': 115403.66407, 'eta_hours': 32.05657, 'loss': 0.27280589, 'lr': 0.00029655, 'params': 504539, 'time_iter': 7.61371, 'mae': 0.27281, 'r2': 0.72465, 'spearmanr': 0.89952, 'mse': 0.27799, 'rmse': 0.51113}
val: {'epoch': 23, 'time_epoch': 35.65802, 'loss': 0.26830917, 'lr': 0, 'params': 504539, 'time_iter': 1.87674, 'mae': 0.26831, 'r2': 0.71617, 'spearmanr': 0.90358, 'mse': 0.2658, 'rmse': 0.49841}
test: {'epoch': 23, 'time_epoch': 35.17527, 'loss': 0.27500338, 'lr': 0, 'params': 504539, 'time_iter': 1.85133, 'mae': 0.275, 'r2': 0.71804, 'spearmanr': 0.90273, 'mse': 0.2867, 'rmse': 0.51672}
> Epoch 23: took 718.2s (avg 723.6s) | Best so far: epoch 19	train_loss: 0.2773 train_mae: 0.2773	val_loss: 0.2629 val_mae: 0.2629	test_loss: 0.2684 test_mae: 0.2684
train: {'epoch': 24, 'time_epoch': 698.29608, 'eta': 115046.11557, 'eta_hours': 31.95725, 'loss': 0.27191699, 'lr': 0.000296, 'params': 504539, 'time_iter': 8.21525, 'mae': 0.27192, 'r2': 0.7222, 'spearmanr': 0.90024, 'mse': 0.28049, 'rmse': 0.51357}
val: {'epoch': 24, 'time_epoch': 33.37998, 'loss': 0.27564111, 'lr': 0, 'params': 504539, 'time_iter': 1.75684, 'mae': 0.27564, 'r2': 0.71408, 'spearmanr': 0.90321, 'mse': 0.26766, 'rmse': 0.49885}
test: {'epoch': 24, 'time_epoch': 34.94957, 'loss': 0.28076982, 'lr': 0, 'params': 504539, 'time_iter': 1.83945, 'mae': 0.28077, 'r2': 0.71895, 'spearmanr': 0.90338, 'mse': 0.28584, 'rmse': 0.51464}
> Epoch 24: took 766.8s (avg 725.3s) | Best so far: epoch 19	train_loss: 0.2773 train_mae: 0.2773	val_loss: 0.2629 val_mae: 0.2629	test_loss: 0.2684 test_mae: 0.2684
train: {'epoch': 25, 'time_epoch': 681.18994, 'eta': 114547.87612, 'eta_hours': 31.81885, 'loss': 0.27212253, 'lr': 0.00029541, 'params': 504539, 'time_iter': 8.014, 'mae': 0.27212, 'r2': 0.72682, 'spearmanr': 0.8996, 'mse': 0.2758, 'rmse': 0.50943}
val: {'epoch': 25, 'time_epoch': 35.37289, 'loss': 0.27876518, 'lr': 0, 'params': 504539, 'time_iter': 1.86173, 'mae': 0.27877, 'r2': 0.70683, 'spearmanr': 0.90345, 'mse': 0.27483, 'rmse': 0.51224}
test: {'epoch': 25, 'time_epoch': 45.03644, 'loss': 0.28458119, 'lr': 0, 'params': 504539, 'time_iter': 2.37034, 'mae': 0.28458, 'r2': 0.70975, 'spearmanr': 0.90263, 'mse': 0.29419, 'rmse': 0.53026}
> Epoch 25: took 761.8s (avg 726.7s) | Best so far: epoch 19	train_loss: 0.2773 train_mae: 0.2773	val_loss: 0.2629 val_mae: 0.2629	test_loss: 0.2684 test_mae: 0.2684
train: {'epoch': 26, 'time_epoch': 706.08295, 'eta': 114195.58447, 'eta_hours': 31.721, 'loss': 0.2693365, 'lr': 0.00029478, 'params': 504539, 'time_iter': 8.30686, 'mae': 0.26934, 'r2': 0.7316, 'spearmanr': 0.90127, 'mse': 0.27096, 'rmse': 0.50451}
val: {'epoch': 26, 'time_epoch': 33.70929, 'loss': 0.2933885, 'lr': 0, 'params': 504539, 'time_iter': 1.77417, 'mae': 0.29339, 'r2': 0.67498, 'spearmanr': 0.90367, 'mse': 0.30357, 'rmse': 0.53795}
test: {'epoch': 26, 'time_epoch': 35.43088, 'loss': 0.30085349, 'lr': 0, 'params': 504539, 'time_iter': 1.86478, 'mae': 0.30085, 'r2': 0.67494, 'spearmanr': 0.90207, 'mse': 0.33036, 'rmse': 0.56055}
> Epoch 26: took 775.4s (avg 728.5s) | Best so far: epoch 19	train_loss: 0.2773 train_mae: 0.2773	val_loss: 0.2629 val_mae: 0.2629	test_loss: 0.2684 test_mae: 0.2684
train: {'epoch': 27, 'time_epoch': 733.85056, 'eta': 113988.59444, 'eta_hours': 31.6635, 'loss': 0.27122165, 'lr': 0.00029411, 'params': 504539, 'time_iter': 8.63354, 'mae': 0.27122, 'r2': 0.73327, 'spearmanr': 0.89951, 'mse': 0.26926, 'rmse': 0.50294}
val: {'epoch': 27, 'time_epoch': 36.52627, 'loss': 0.2656845, 'lr': 0, 'params': 504539, 'time_iter': 1.92244, 'mae': 0.26568, 'r2': 0.74529, 'spearmanr': 0.9044, 'mse': 0.23973, 'rmse': 0.47217}
test: {'epoch': 27, 'time_epoch': 35.76876, 'loss': 0.26963703, 'lr': 0, 'params': 504539, 'time_iter': 1.88257, 'mae': 0.26964, 'r2': 0.75185, 'spearmanr': 0.90359, 'mse': 0.25155, 'rmse': 0.48439}
> Epoch 27: took 806.3s (avg 731.3s) | Best so far: epoch 19	train_loss: 0.2773 train_mae: 0.2773	val_loss: 0.2629 val_mae: 0.2629	test_loss: 0.2684 test_mae: 0.2684
train: {'epoch': 28, 'time_epoch': 721.58714, 'eta': 113672.95731, 'eta_hours': 31.57582, 'loss': 0.27091529, 'lr': 0.00029341, 'params': 504539, 'time_iter': 8.48926, 'mae': 0.27092, 'r2': 0.73289, 'spearmanr': 0.90041, 'mse': 0.26964, 'rmse': 0.50329}
val: {'epoch': 28, 'time_epoch': 33.69849, 'loss': 0.32403647, 'lr': 0, 'params': 504539, 'time_iter': 1.7736, 'mae': 0.32404, 'r2': 0.64292, 'spearmanr': 0.90268, 'mse': 0.33424, 'rmse': 0.57087}
test: {'epoch': 28, 'time_epoch': 33.86611, 'loss': 0.3331819, 'lr': 0, 'params': 504539, 'time_iter': 1.78243, 'mae': 0.33318, 'r2': 0.65549, 'spearmanr': 0.90295, 'mse': 0.34808, 'rmse': 0.58283}
> Epoch 28: took 789.4s (avg 733.3s) | Best so far: epoch 19	train_loss: 0.2773 train_mae: 0.2773	val_loss: 0.2629 val_mae: 0.2629	test_loss: 0.2684 test_mae: 0.2684
train: {'epoch': 29, 'time_epoch': 668.44819, 'eta': 113029.13614, 'eta_hours': 31.39698, 'loss': 0.2698935, 'lr': 0.00029266, 'params': 504539, 'time_iter': 7.8641, 'mae': 0.26989, 'r2': 0.73288, 'spearmanr': 0.90121, 'mse': 0.26967, 'rmse': 0.50355}
val: {'epoch': 29, 'time_epoch': 32.93714, 'loss': 0.26911467, 'lr': 0, 'params': 504539, 'time_iter': 1.73353, 'mae': 0.26911, 'r2': 0.72648, 'spearmanr': 0.9057, 'mse': 0.25667, 'rmse': 0.49087}
test: {'epoch': 29, 'time_epoch': 33.13584, 'loss': 0.27537173, 'lr': 0, 'params': 504539, 'time_iter': 1.74399, 'mae': 0.27537, 'r2': 0.72832, 'spearmanr': 0.90489, 'mse': 0.27583, 'rmse': 0.50916}
> Epoch 29: took 734.7s (avg 733.3s) | Best so far: epoch 19	train_loss: 0.2773 train_mae: 0.2773	val_loss: 0.2629 val_mae: 0.2629	test_loss: 0.2684 test_mae: 0.2684
train: {'epoch': 30, 'time_epoch': 602.7049, 'eta': 112025.31917, 'eta_hours': 31.11814, 'loss': 0.26708244, 'lr': 0.00029187, 'params': 504539, 'time_iter': 7.09065, 'mae': 0.26708, 'r2': 0.74054, 'spearmanr': 0.90146, 'mse': 0.26189, 'rmse': 0.49572}
val: {'epoch': 30, 'time_epoch': 29.92983, 'loss': 0.41867119, 'lr': 0, 'params': 504539, 'time_iter': 1.57525, 'mae': 0.41867, 'r2': 0.36971, 'spearmanr': 0.90299, 'mse': 0.582, 'rmse': 0.74883}
test: {'epoch': 30, 'time_epoch': 32.17507, 'loss': 0.43054022, 'lr': 0, 'params': 504539, 'time_iter': 1.69342, 'mae': 0.43054, 'r2': 0.4027, 'spearmanr': 0.90303, 'mse': 0.60605, 'rmse': 0.76408}
> Epoch 30: took 665.0s (avg 731.1s) | Best so far: epoch 19	train_loss: 0.2773 train_mae: 0.2773	val_loss: 0.2629 val_mae: 0.2629	test_loss: 0.2684 test_mae: 0.2684
train: {'epoch': 31, 'time_epoch': 599.51102, 'eta': 111029.80386, 'eta_hours': 30.84161, 'loss': 0.26682182, 'lr': 0.00029105, 'params': 504539, 'time_iter': 7.05307, 'mae': 0.26682, 'r2': 0.74104, 'spearmanr': 0.9021, 'mse': 0.26139, 'rmse': 0.49519}
val: {'epoch': 31, 'time_epoch': 31.00613, 'loss': 0.29800067, 'lr': 0, 'params': 504539, 'time_iter': 1.6319, 'mae': 0.298, 'r2': 0.67755, 'spearmanr': 0.90416, 'mse': 0.30149, 'rmse': 0.5365}
test: {'epoch': 31, 'time_epoch': 31.01932, 'loss': 0.30423681, 'lr': 0, 'params': 504539, 'time_iter': 1.6326, 'mae': 0.30424, 'r2': 0.69663, 'spearmanr': 0.90463, 'mse': 0.30776, 'rmse': 0.54169}
> Epoch 31: took 661.8s (avg 729.0s) | Best so far: epoch 19	train_loss: 0.2773 train_mae: 0.2773	val_loss: 0.2629 val_mae: 0.2629	test_loss: 0.2684 test_mae: 0.2684
train: {'epoch': 32, 'time_epoch': 597.46453, 'eta': 110047.93231, 'eta_hours': 30.56887, 'loss': 0.26869079, 'lr': 0.00029018, 'params': 504539, 'time_iter': 7.02899, 'mae': 0.26869, 'r2': 0.73715, 'spearmanr': 0.90108, 'mse': 0.26533, 'rmse': 0.49899}
val: {'epoch': 32, 'time_epoch': 29.53645, 'loss': 0.27996113, 'lr': 0, 'params': 504539, 'time_iter': 1.55455, 'mae': 0.27996, 'r2': 0.71373, 'spearmanr': 0.9047, 'mse': 0.26885, 'rmse': 0.50673}
test: {'epoch': 32, 'time_epoch': 31.46102, 'loss': 0.28669678, 'lr': 0, 'params': 504539, 'time_iter': 1.65584, 'mae': 0.2867, 'r2': 0.71198, 'spearmanr': 0.90418, 'mse': 0.29191, 'rmse': 0.52825}
> Epoch 32: took 658.6s (avg 726.8s) | Best so far: epoch 19	train_loss: 0.2773 train_mae: 0.2773	val_loss: 0.2629 val_mae: 0.2629	test_loss: 0.2684 test_mae: 0.2684
train: {'epoch': 33, 'time_epoch': 589.49196, 'eta': 109049.74803, 'eta_hours': 30.2916, 'loss': 0.26765276, 'lr': 0.00028928, 'params': 504539, 'time_iter': 6.9352, 'mae': 0.26765, 'r2': 0.73903, 'spearmanr': 0.90251, 'mse': 0.26343, 'rmse': 0.49797}
val: {'epoch': 33, 'time_epoch': 28.91859, 'loss': 0.25833349, 'lr': 0, 'params': 504539, 'time_iter': 1.52203, 'mae': 0.25833, 'r2': 0.75392, 'spearmanr': 0.90289, 'mse': 0.23206, 'rmse': 0.46362}
test: {'epoch': 33, 'time_epoch': 29.73128, 'loss': 0.26043097, 'lr': 0, 'params': 504539, 'time_iter': 1.5648, 'mae': 0.26043, 'r2': 0.76461, 'spearmanr': 0.90305, 'mse': 0.23869, 'rmse': 0.46924}
> Epoch 33: took 648.3s (avg 724.5s) | Best so far: epoch 33	train_loss: 0.2677 train_mae: 0.2676	val_loss: 0.2583 val_mae: 0.2583	test_loss: 0.2604 test_mae: 0.2604
train: {'epoch': 34, 'time_epoch': 594.44728, 'eta': 108098.2784, 'eta_hours': 30.0273, 'loss': 0.26466477, 'lr': 0.00028834, 'params': 504539, 'time_iter': 6.9935, 'mae': 0.26466, 'r2': 0.74609, 'spearmanr': 0.90283, 'mse': 0.25628, 'rmse': 0.49009}
val: {'epoch': 34, 'time_epoch': 30.31236, 'loss': 0.2641048, 'lr': 0, 'params': 504539, 'time_iter': 1.59539, 'mae': 0.2641, 'r2': 0.74447, 'spearmanr': 0.90484, 'mse': 0.24057, 'rmse': 0.47506}
test: {'epoch': 34, 'time_epoch': 31.18614, 'loss': 0.2691978, 'lr': 0, 'params': 504539, 'time_iter': 1.64138, 'mae': 0.2692, 'r2': 0.75154, 'spearmanr': 0.90512, 'mse': 0.25183, 'rmse': 0.48567}
> Epoch 34: took 656.1s (avg 722.6s) | Best so far: epoch 33	train_loss: 0.2677 train_mae: 0.2676	val_loss: 0.2583 val_mae: 0.2583	test_loss: 0.2604 test_mae: 0.2604
train: {'epoch': 35, 'time_epoch': 598.80564, 'eta': 107186.49808, 'eta_hours': 29.77403, 'loss': 0.26600074, 'lr': 0.00028737, 'params': 504539, 'time_iter': 7.04477, 'mae': 0.266, 'r2': 0.74407, 'spearmanr': 0.90179, 'mse': 0.25833, 'rmse': 0.49222}
val: {'epoch': 35, 'time_epoch': 30.6529, 'loss': 0.32631235, 'lr': 0, 'params': 504539, 'time_iter': 1.61331, 'mae': 0.32631, 'r2': 0.63855, 'spearmanr': 0.90457, 'mse': 0.33781, 'rmse': 0.57363}
test: {'epoch': 35, 'time_epoch': 31.29193, 'loss': 0.33553963, 'lr': 0, 'params': 504539, 'time_iter': 1.64694, 'mae': 0.33554, 'r2': 0.64978, 'spearmanr': 0.90402, 'mse': 0.35463, 'rmse': 0.58824}
> Epoch 35: took 660.9s (avg 720.9s) | Best so far: epoch 33	train_loss: 0.2677 train_mae: 0.2676	val_loss: 0.2583 val_mae: 0.2583	test_loss: 0.2604 test_mae: 0.2604
train: {'epoch': 36, 'time_epoch': 595.67863, 'eta': 106277.85956, 'eta_hours': 29.52163, 'loss': 0.26729448, 'lr': 0.00028635, 'params': 504539, 'time_iter': 7.00798, 'mae': 0.26729, 'r2': 0.73868, 'spearmanr': 0.90261, 'mse': 0.2638, 'rmse': 0.49812}
val: {'epoch': 36, 'time_epoch': 33.33835, 'loss': 0.29541792, 'lr': 0, 'params': 504539, 'time_iter': 1.75465, 'mae': 0.29542, 'r2': 0.68272, 'spearmanr': 0.90334, 'mse': 0.29685, 'rmse': 0.53078}
test: {'epoch': 36, 'time_epoch': 31.0129, 'loss': 0.30346392, 'lr': 0, 'params': 504539, 'time_iter': 1.63226, 'mae': 0.30346, 'r2': 0.69606, 'spearmanr': 0.90318, 'mse': 0.30879, 'rmse': 0.53979}
> Epoch 36: took 660.2s (avg 719.2s) | Best so far: epoch 33	train_loss: 0.2677 train_mae: 0.2676	val_loss: 0.2583 val_mae: 0.2583	test_loss: 0.2604 test_mae: 0.2604
train: {'epoch': 37, 'time_epoch': 594.7573, 'eta': 105381.76485, 'eta_hours': 29.27271, 'loss': 0.26191402, 'lr': 0.0002853, 'params': 504539, 'time_iter': 6.99714, 'mae': 0.26191, 'r2': 0.75086, 'spearmanr': 0.90387, 'mse': 0.25144, 'rmse': 0.48515}
val: {'epoch': 37, 'time_epoch': 30.67298, 'loss': 0.26288648, 'lr': 0, 'params': 504539, 'time_iter': 1.61437, 'mae': 0.26289, 'r2': 0.74075, 'spearmanr': 0.90546, 'mse': 0.24355, 'rmse': 0.47505}
test: {'epoch': 37, 'time_epoch': 30.98525, 'loss': 0.26850311, 'lr': 0, 'params': 504539, 'time_iter': 1.6308, 'mae': 0.2685, 'r2': 0.73514, 'spearmanr': 0.9041, 'mse': 0.2693, 'rmse': 0.4984}
> Epoch 37: took 656.6s (avg 717.6s) | Best so far: epoch 33	train_loss: 0.2677 train_mae: 0.2676	val_loss: 0.2583 val_mae: 0.2583	test_loss: 0.2604 test_mae: 0.2604
train: {'epoch': 38, 'time_epoch': 604.19563, 'eta': 104540.08672, 'eta_hours': 29.03891, 'loss': 0.26542636, 'lr': 0.00028421, 'params': 504539, 'time_iter': 7.10818, 'mae': 0.26543, 'r2': 0.74059, 'spearmanr': 0.90347, 'mse': 0.26187, 'rmse': 0.49567}
val: {'epoch': 38, 'time_epoch': 29.04116, 'loss': 0.29419712, 'lr': 0, 'params': 504539, 'time_iter': 1.52848, 'mae': 0.2942, 'r2': 0.68023, 'spearmanr': 0.90457, 'mse': 0.29896, 'rmse': 0.53349}
test: {'epoch': 38, 'time_epoch': 33.12637, 'loss': 0.30288531, 'lr': 0, 'params': 504539, 'time_iter': 1.74349, 'mae': 0.30289, 'r2': 0.67485, 'spearmanr': 0.90392, 'mse': 0.33063, 'rmse': 0.56}
> Epoch 38: took 666.5s (avg 716.3s) | Best so far: epoch 33	train_loss: 0.2677 train_mae: 0.2676	val_loss: 0.2583 val_mae: 0.2583	test_loss: 0.2604 test_mae: 0.2604
train: {'epoch': 39, 'time_epoch': 586.32877, 'eta': 103638.81526, 'eta_hours': 28.78856, 'loss': 0.26444752, 'lr': 0.00028308, 'params': 504539, 'time_iter': 6.89799, 'mae': 0.26445, 'r2': 0.74561, 'spearmanr': 0.90374, 'mse': 0.25677, 'rmse': 0.49157}
val: {'epoch': 39, 'time_epoch': 31.06016, 'loss': 0.25532412, 'lr': 0, 'params': 504539, 'time_iter': 1.63475, 'mae': 0.25532, 'r2': 0.76997, 'spearmanr': 0.90554, 'mse': 0.21728, 'rmse': 0.44811}
test: {'epoch': 39, 'time_epoch': 35.16799, 'loss': 0.25953719, 'lr': 0, 'params': 504539, 'time_iter': 1.85095, 'mae': 0.25954, 'r2': 0.76996, 'spearmanr': 0.90591, 'mse': 0.23329, 'rmse': 0.46396}
> Epoch 39: took 652.8s (avg 714.7s) | Best so far: epoch 39	train_loss: 0.2644 train_mae: 0.2645	val_loss: 0.2553 val_mae: 0.2553	test_loss: 0.2595 test_mae: 0.2595
train: {'epoch': 40, 'time_epoch': 596.75987, 'eta': 102793.35917, 'eta_hours': 28.55371, 'loss': 0.26495745, 'lr': 0.00028192, 'params': 504539, 'time_iter': 7.0207, 'mae': 0.26496, 'r2': 0.74461, 'spearmanr': 0.90302, 'mse': 0.25777, 'rmse': 0.49202}
val: {'epoch': 40, 'time_epoch': 31.11265, 'loss': 0.25706518, 'lr': 0, 'params': 504539, 'time_iter': 1.63751, 'mae': 0.25707, 'r2': 0.76539, 'spearmanr': 0.90496, 'mse': 0.22136, 'rmse': 0.4522}
test: {'epoch': 40, 'time_epoch': 30.73411, 'loss': 0.26122378, 'lr': 0, 'params': 504539, 'time_iter': 1.61758, 'mae': 0.26122, 'r2': 0.76001, 'spearmanr': 0.90384, 'mse': 0.2435, 'rmse': 0.47453}
> Epoch 40: took 658.8s (avg 713.3s) | Best so far: epoch 39	train_loss: 0.2644 train_mae: 0.2645	val_loss: 0.2553 val_mae: 0.2553	test_loss: 0.2595 test_mae: 0.2595
train: {'epoch': 41, 'time_epoch': 653.0511, 'eta': 102171.50799, 'eta_hours': 28.38097, 'loss': 0.26216599, 'lr': 0.00028072, 'params': 504539, 'time_iter': 7.68295, 'mae': 0.26217, 'r2': 0.74915, 'spearmanr': 0.90375, 'mse': 0.25317, 'rmse': 0.48686}
val: {'epoch': 41, 'time_epoch': 33.03569, 'loss': 0.30011963, 'lr': 0, 'params': 504539, 'time_iter': 1.73872, 'mae': 0.30012, 'r2': 0.66418, 'spearmanr': 0.90529, 'mse': 0.31394, 'rmse': 0.55164}
test: {'epoch': 41, 'time_epoch': 32.8789, 'loss': 0.30972758, 'lr': 0, 'params': 504539, 'time_iter': 1.73047, 'mae': 0.30973, 'r2': 0.65312, 'spearmanr': 0.9044, 'mse': 0.3517, 'rmse': 0.58381}
> Epoch 41: took 719.2s (avg 713.5s) | Best so far: epoch 39	train_loss: 0.2644 train_mae: 0.2645	val_loss: 0.2553 val_mae: 0.2553	test_loss: 0.2595 test_mae: 0.2595
train: {'epoch': 42, 'time_epoch': 630.04569, 'eta': 101464.20915, 'eta_hours': 28.1845, 'loss': 0.26183412, 'lr': 0.00027949, 'params': 504539, 'time_iter': 7.4123, 'mae': 0.26183, 'r2': 0.75228, 'spearmanr': 0.90498, 'mse': 0.25001, 'rmse': 0.48386}
val: {'epoch': 42, 'time_epoch': 30.30812, 'loss': 0.2780416, 'lr': 0, 'params': 504539, 'time_iter': 1.59516, 'mae': 0.27804, 'r2': 0.73822, 'spearmanr': 0.90507, 'mse': 0.24618, 'rmse': 0.47976}
test: {'epoch': 42, 'time_epoch': 31.40844, 'loss': 0.285755, 'lr': 0, 'params': 504539, 'time_iter': 1.65308, 'mae': 0.28576, 'r2': 0.73589, 'spearmanr': 0.90448, 'mse': 0.26828, 'rmse': 0.49953}
> Epoch 42: took 691.9s (avg 713.0s) | Best so far: epoch 39	train_loss: 0.2644 train_mae: 0.2645	val_loss: 0.2553 val_mae: 0.2553	test_loss: 0.2595 test_mae: 0.2595
train: {'epoch': 43, 'time_epoch': 585.98014, 'eta': 100604.18942, 'eta_hours': 27.94561, 'loss': 0.26175512, 'lr': 0.00027822, 'params': 504539, 'time_iter': 6.89388, 'mae': 0.26176, 'r2': 0.75765, 'spearmanr': 0.90428, 'mse': 0.24457, 'rmse': 0.47891}
val: {'epoch': 43, 'time_epoch': 28.88246, 'loss': 0.32761079, 'lr': 0, 'params': 504539, 'time_iter': 1.52013, 'mae': 0.32761, 'r2': 0.64319, 'spearmanr': 0.90443, 'mse': 0.33391, 'rmse': 0.56966}
test: {'epoch': 43, 'time_epoch': 30.73735, 'loss': 0.33995047, 'lr': 0, 'params': 504539, 'time_iter': 1.61776, 'mae': 0.33995, 'r2': 0.63616, 'spearmanr': 0.90391, 'mse': 0.3677, 'rmse': 0.59841}
> Epoch 43: took 645.8s (avg 711.4s) | Best so far: epoch 39	train_loss: 0.2644 train_mae: 0.2645	val_loss: 0.2553 val_mae: 0.2553	test_loss: 0.2595 test_mae: 0.2595
train: {'epoch': 44, 'time_epoch': 591.21089, 'eta': 99774.36626, 'eta_hours': 27.7151, 'loss': 0.2622023, 'lr': 0.00027691, 'params': 504539, 'time_iter': 6.95542, 'mae': 0.2622, 'r2': 0.75454, 'spearmanr': 0.90332, 'mse': 0.24772, 'rmse': 0.48181}
val: {'epoch': 44, 'time_epoch': 29.77667, 'loss': 0.25814463, 'lr': 0, 'params': 504539, 'time_iter': 1.56719, 'mae': 0.25814, 'r2': 0.75488, 'spearmanr': 0.90607, 'mse': 0.23108, 'rmse': 0.46538}
test: {'epoch': 44, 'time_epoch': 30.58089, 'loss': 0.26491227, 'lr': 0, 'params': 504539, 'time_iter': 1.60952, 'mae': 0.26491, 'r2': 0.75398, 'spearmanr': 0.90501, 'mse': 0.24928, 'rmse': 0.48388}
> Epoch 44: took 651.7s (avg 710.1s) | Best so far: epoch 39	train_loss: 0.2644 train_mae: 0.2645	val_loss: 0.2553 val_mae: 0.2553	test_loss: 0.2595 test_mae: 0.2595
train: {'epoch': 45, 'time_epoch': 583.43188, 'eta': 98928.87476, 'eta_hours': 27.48024, 'loss': 0.25909218, 'lr': 0.00027557, 'params': 504539, 'time_iter': 6.8639, 'mae': 0.25909, 'r2': 0.75935, 'spearmanr': 0.90517, 'mse': 0.24285, 'rmse': 0.47667}
val: {'epoch': 45, 'time_epoch': 30.29102, 'loss': 0.2507012, 'lr': 0, 'params': 504539, 'time_iter': 1.59426, 'mae': 0.2507, 'r2': 0.77703, 'spearmanr': 0.90675, 'mse': 0.21089, 'rmse': 0.44073}
test: {'epoch': 45, 'time_epoch': 30.77698, 'loss': 0.25614304, 'lr': 0, 'params': 504539, 'time_iter': 1.61984, 'mae': 0.25614, 'r2': 0.77009, 'spearmanr': 0.90611, 'mse': 0.233, 'rmse': 0.46398}
> Epoch 45: took 644.7s (avg 708.7s) | Best so far: epoch 45	train_loss: 0.2591 train_mae: 0.2591	val_loss: 0.2507 val_mae: 0.2507	test_loss: 0.2561 test_mae: 0.2561
train: {'epoch': 46, 'time_epoch': 590.0104, 'eta': 98115.94992, 'eta_hours': 27.25443, 'loss': 0.26244108, 'lr': 0.0002742, 'params': 504539, 'time_iter': 6.9413, 'mae': 0.26244, 'r2': 0.75191, 'spearmanr': 0.90407, 'mse': 0.25039, 'rmse': 0.48502}
val: {'epoch': 46, 'time_epoch': 30.57051, 'loss': 0.257047, 'lr': 0, 'params': 504539, 'time_iter': 1.60897, 'mae': 0.25705, 'r2': 0.76169, 'spearmanr': 0.90262, 'mse': 0.225, 'rmse': 0.45904}
test: {'epoch': 46, 'time_epoch': 31.44638, 'loss': 0.26181351, 'lr': 0, 'params': 504539, 'time_iter': 1.65507, 'mae': 0.26181, 'r2': 0.75986, 'spearmanr': 0.90308, 'mse': 0.24314, 'rmse': 0.4779}
> Epoch 46: took 652.2s (avg 707.5s) | Best so far: epoch 45	train_loss: 0.2591 train_mae: 0.2591	val_loss: 0.2507 val_mae: 0.2507	test_loss: 0.2561 test_mae: 0.2561
train: {'epoch': 47, 'time_epoch': 592.67576, 'eta': 97320.75349, 'eta_hours': 27.03354, 'loss': 0.26142633, 'lr': 0.00027279, 'params': 504539, 'time_iter': 6.97266, 'mae': 0.26143, 'r2': 0.7535, 'spearmanr': 0.9045, 'mse': 0.24878, 'rmse': 0.48256}
val: {'epoch': 47, 'time_epoch': 31.309, 'loss': 0.25814871, 'lr': 0, 'params': 504539, 'time_iter': 1.64784, 'mae': 0.25815, 'r2': 0.77243, 'spearmanr': 0.90324, 'mse': 0.21541, 'rmse': 0.44583}
test: {'epoch': 47, 'time_epoch': 32.75217, 'loss': 0.26178119, 'lr': 0, 'params': 504539, 'time_iter': 1.7238, 'mae': 0.26178, 'r2': 0.77494, 'spearmanr': 0.90378, 'mse': 0.2279, 'rmse': 0.45862}
> Epoch 47: took 656.9s (avg 706.4s) | Best so far: epoch 45	train_loss: 0.2591 train_mae: 0.2591	val_loss: 0.2507 val_mae: 0.2507	test_loss: 0.2561 test_mae: 0.2561
train: {'epoch': 48, 'time_epoch': 586.25514, 'eta': 96514.03723, 'eta_hours': 26.80945, 'loss': 0.2593513, 'lr': 0.00027135, 'params': 504539, 'time_iter': 6.89712, 'mae': 0.25935, 'r2': 0.75748, 'spearmanr': 0.90529, 'mse': 0.24474, 'rmse': 0.47916}
val: {'epoch': 48, 'time_epoch': 30.66922, 'loss': 0.25827171, 'lr': 0, 'params': 504539, 'time_iter': 1.61417, 'mae': 0.25827, 'r2': 0.75665, 'spearmanr': 0.90717, 'mse': 0.22898, 'rmse': 0.46071}
test: {'epoch': 48, 'time_epoch': 30.8386, 'loss': 0.26392448, 'lr': 0, 'params': 504539, 'time_iter': 1.62308, 'mae': 0.26392, 'r2': 0.74828, 'spearmanr': 0.90635, 'mse': 0.25577, 'rmse': 0.4856}
> Epoch 48: took 647.9s (avg 705.2s) | Best so far: epoch 45	train_loss: 0.2591 train_mae: 0.2591	val_loss: 0.2507 val_mae: 0.2507	test_loss: 0.2561 test_mae: 0.2561
train: {'epoch': 49, 'time_epoch': 583.7101, 'eta': 95708.50428, 'eta_hours': 26.5857, 'loss': 0.25808718, 'lr': 0.00026988, 'params': 504539, 'time_iter': 6.86718, 'mae': 0.25809, 'r2': 0.76291, 'spearmanr': 0.90593, 'mse': 0.23925, 'rmse': 0.47301}
val: {'epoch': 49, 'time_epoch': 30.82859, 'loss': 0.2561203, 'lr': 0, 'params': 504539, 'time_iter': 1.62256, 'mae': 0.25612, 'r2': 0.76359, 'spearmanr': 0.90302, 'mse': 0.22323, 'rmse': 0.45362}
test: {'epoch': 49, 'time_epoch': 30.6239, 'loss': 0.26052003, 'lr': 0, 'params': 504539, 'time_iter': 1.61178, 'mae': 0.26052, 'r2': 0.76006, 'spearmanr': 0.90323, 'mse': 0.24343, 'rmse': 0.47244}
> Epoch 49: took 645.3s (avg 704.0s) | Best so far: epoch 45	train_loss: 0.2591 train_mae: 0.2591	val_loss: 0.2507 val_mae: 0.2507	test_loss: 0.2561 test_mae: 0.2561
train: {'epoch': 50, 'time_epoch': 577.73848, 'eta': 94894.22379, 'eta_hours': 26.35951, 'loss': 0.26092365, 'lr': 0.00026837, 'params': 504539, 'time_iter': 6.79692, 'mae': 0.26092, 'r2': 0.76127, 'spearmanr': 0.90481, 'mse': 0.24089, 'rmse': 0.47517}
val: {'epoch': 50, 'time_epoch': 29.8001, 'loss': 0.25973043, 'lr': 0, 'params': 504539, 'time_iter': 1.56843, 'mae': 0.25973, 'r2': 0.7643, 'spearmanr': 0.90519, 'mse': 0.22242, 'rmse': 0.45487}
test: {'epoch': 50, 'time_epoch': 31.30748, 'loss': 0.26490747, 'lr': 0, 'params': 504539, 'time_iter': 1.64776, 'mae': 0.26491, 'r2': 0.75675, 'spearmanr': 0.90418, 'mse': 0.24675, 'rmse': 0.4788}
> Epoch 50: took 639.0s (avg 702.8s) | Best so far: epoch 45	train_loss: 0.2591 train_mae: 0.2591	val_loss: 0.2507 val_mae: 0.2507	test_loss: 0.2561 test_mae: 0.2561
train: {'epoch': 51, 'time_epoch': 582.31558, 'eta': 94102.06819, 'eta_hours': 26.13946, 'loss': 0.25955929, 'lr': 0.00026683, 'params': 504539, 'time_iter': 6.85077, 'mae': 0.25956, 'r2': 0.75721, 'spearmanr': 0.90625, 'mse': 0.24503, 'rmse': 0.47893}
val: {'epoch': 51, 'time_epoch': 30.65878, 'loss': 0.26190387, 'lr': 0, 'params': 504539, 'time_iter': 1.61362, 'mae': 0.2619, 'r2': 0.7646, 'spearmanr': 0.90422, 'mse': 0.22245, 'rmse': 0.45321}
test: {'epoch': 51, 'time_epoch': 30.55411, 'loss': 0.26547905, 'lr': 0, 'params': 504539, 'time_iter': 1.60811, 'mae': 0.26548, 'r2': 0.76901, 'spearmanr': 0.9035, 'mse': 0.23427, 'rmse': 0.46394}
> Epoch 51: took 643.7s (avg 701.6s) | Best so far: epoch 45	train_loss: 0.2591 train_mae: 0.2591	val_loss: 0.2507 val_mae: 0.2507	test_loss: 0.2561 test_mae: 0.2561
train: {'epoch': 52, 'time_epoch': 583.7117, 'eta': 93321.70334, 'eta_hours': 25.9227, 'loss': 0.26069596, 'lr': 0.00026526, 'params': 504539, 'time_iter': 6.8672, 'mae': 0.2607, 'r2': 0.75837, 'spearmanr': 0.905, 'mse': 0.24385, 'rmse': 0.47788}
val: {'epoch': 52, 'time_epoch': 30.645, 'loss': 0.2593397, 'lr': 0, 'params': 504539, 'time_iter': 1.61289, 'mae': 0.25934, 'r2': 0.76766, 'spearmanr': 0.90759, 'mse': 0.21958, 'rmse': 0.45367}
test: {'epoch': 52, 'time_epoch': 30.80495, 'loss': 0.26537684, 'lr': 0, 'params': 504539, 'time_iter': 1.62131, 'mae': 0.26538, 'r2': 0.76363, 'spearmanr': 0.90621, 'mse': 0.23913, 'rmse': 0.47464}
> Epoch 52: took 645.3s (avg 700.6s) | Best so far: epoch 45	train_loss: 0.2591 train_mae: 0.2591	val_loss: 0.2507 val_mae: 0.2507	test_loss: 0.2561 test_mae: 0.2561
train: {'epoch': 53, 'time_epoch': 580.45763, 'eta': 92539.8239, 'eta_hours': 25.70551, 'loss': 0.25797233, 'lr': 0.00026366, 'params': 504539, 'time_iter': 6.82891, 'mae': 0.25797, 'r2': 0.76352, 'spearmanr': 0.90606, 'mse': 0.23862, 'rmse': 0.47279}
val: {'epoch': 53, 'time_epoch': 28.41404, 'loss': 0.25514896, 'lr': 0, 'params': 504539, 'time_iter': 1.49548, 'mae': 0.25515, 'r2': 0.77838, 'spearmanr': 0.90463, 'mse': 0.20992, 'rmse': 0.44016}
test: {'epoch': 53, 'time_epoch': 30.17845, 'loss': 0.25945774, 'lr': 0, 'params': 504539, 'time_iter': 1.58834, 'mae': 0.25946, 'r2': 0.7727, 'spearmanr': 0.90511, 'mse': 0.23036, 'rmse': 0.4612}
> Epoch 53: took 639.2s (avg 699.4s) | Best so far: epoch 45	train_loss: 0.2591 train_mae: 0.2591	val_loss: 0.2507 val_mae: 0.2507	test_loss: 0.2561 test_mae: 0.2561
train: {'epoch': 54, 'time_epoch': 576.73812, 'eta': 91755.4629, 'eta_hours': 25.48763, 'loss': 0.26105479, 'lr': 0.00026202, 'params': 504539, 'time_iter': 6.78515, 'mae': 0.26105, 'r2': 0.75885, 'spearmanr': 0.90498, 'mse': 0.24336, 'rmse': 0.4774}
val: {'epoch': 54, 'time_epoch': 30.3466, 'loss': 0.29671197, 'lr': 0, 'params': 504539, 'time_iter': 1.59719, 'mae': 0.29671, 'r2': 0.70707, 'spearmanr': 0.90517, 'mse': 0.27508, 'rmse': 0.514}
test: {'epoch': 54, 'time_epoch': 30.39698, 'loss': 0.30226688, 'lr': 0, 'params': 504539, 'time_iter': 1.59984, 'mae': 0.30227, 'r2': 0.7131, 'spearmanr': 0.90486, 'mse': 0.29015, 'rmse': 0.52791}
> Epoch 54: took 637.7s (avg 698.3s) | Best so far: epoch 45	train_loss: 0.2591 train_mae: 0.2591	val_loss: 0.2507 val_mae: 0.2507	test_loss: 0.2561 test_mae: 0.2561
train: {'epoch': 55, 'time_epoch': 591.92457, 'eta': 91017.56789, 'eta_hours': 25.28266, 'loss': 0.25815924, 'lr': 0.00026036, 'params': 504539, 'time_iter': 6.96382, 'mae': 0.25816, 'r2': 0.76363, 'spearmanr': 0.90653, 'mse': 0.23852, 'rmse': 0.47257}
val: {'epoch': 55, 'time_epoch': 30.27881, 'loss': 0.25082045, 'lr': 0, 'params': 504539, 'time_iter': 1.59362, 'mae': 0.25082, 'r2': 0.78695, 'spearmanr': 0.90608, 'mse': 0.20199, 'rmse': 0.42933}
test: {'epoch': 55, 'time_epoch': 30.76625, 'loss': 0.2544931, 'lr': 0, 'params': 504539, 'time_iter': 1.61928, 'mae': 0.25449, 'r2': 0.78255, 'spearmanr': 0.90574, 'mse': 0.22025, 'rmse': 0.44915}
> Epoch 55: took 653.2s (avg 697.5s) | Best so far: epoch 45	train_loss: 0.2591 train_mae: 0.2591	val_loss: 0.2507 val_mae: 0.2507	test_loss: 0.2561 test_mae: 0.2561
train: {'epoch': 56, 'time_epoch': 582.52749, 'eta': 90261.2195, 'eta_hours': 25.07256, 'loss': 0.2597093, 'lr': 0.00025866, 'params': 504539, 'time_iter': 6.85326, 'mae': 0.25971, 'r2': 0.76016, 'spearmanr': 0.90595, 'mse': 0.24203, 'rmse': 0.4764}
val: {'epoch': 56, 'time_epoch': 29.10056, 'loss': 0.33314273, 'lr': 0, 'params': 504539, 'time_iter': 1.53161, 'mae': 0.33314, 'r2': 0.62012, 'spearmanr': 0.90363, 'mse': 0.35427, 'rmse': 0.58687}
test: {'epoch': 56, 'time_epoch': 31.726, 'loss': 0.34476348, 'lr': 0, 'params': 504539, 'time_iter': 1.66979, 'mae': 0.34476, 'r2': 0.60948, 'spearmanr': 0.90365, 'mse': 0.39523, 'rmse': 0.61976}
> Epoch 56: took 643.5s (avg 696.5s) | Best so far: epoch 45	train_loss: 0.2591 train_mae: 0.2591	val_loss: 0.2507 val_mae: 0.2507	test_loss: 0.2561 test_mae: 0.2561
train: {'epoch': 57, 'time_epoch': 587.37229, 'eta': 89522.72635, 'eta_hours': 24.86742, 'loss': 0.25901222, 'lr': 0.00025694, 'params': 504539, 'time_iter': 6.91026, 'mae': 0.25901, 'r2': 0.76362, 'spearmanr': 0.90691, 'mse': 0.23854, 'rmse': 0.4732}
val: {'epoch': 57, 'time_epoch': 30.24489, 'loss': 0.25004869, 'lr': 0, 'params': 504539, 'time_iter': 1.59184, 'mae': 0.25005, 'r2': 0.77983, 'spearmanr': 0.90694, 'mse': 0.20816, 'rmse': 0.43717}
test: {'epoch': 57, 'time_epoch': 30.65144, 'loss': 0.25538837, 'lr': 0, 'params': 504539, 'time_iter': 1.61323, 'mae': 0.25539, 'r2': 0.77448, 'spearmanr': 0.90521, 'mse': 0.22867, 'rmse': 0.45813}
> Epoch 57: took 648.4s (avg 695.7s) | Best so far: epoch 57	train_loss: 0.2590 train_mae: 0.2590	val_loss: 0.2500 val_mae: 0.2500	test_loss: 0.2554 test_mae: 0.2554
train: {'epoch': 58, 'time_epoch': 578.0614, 'eta': 88767.1045, 'eta_hours': 24.65753, 'loss': 0.25504503, 'lr': 0.00025519, 'params': 504539, 'time_iter': 6.80072, 'mae': 0.25504, 'r2': 0.76923, 'spearmanr': 0.90735, 'mse': 0.23285, 'rmse': 0.46633}
val: {'epoch': 58, 'time_epoch': 28.83915, 'loss': 0.25810773, 'lr': 0, 'params': 504539, 'time_iter': 1.51785, 'mae': 0.25811, 'r2': 0.75637, 'spearmanr': 0.9077, 'mse': 0.22927, 'rmse': 0.46255}
test: {'epoch': 58, 'time_epoch': 30.11527, 'loss': 0.26301106, 'lr': 0, 'params': 504539, 'time_iter': 1.58501, 'mae': 0.26301, 'r2': 0.75014, 'spearmanr': 0.90712, 'mse': 0.25364, 'rmse': 0.48638}
> Epoch 58: took 637.2s (avg 694.7s) | Best so far: epoch 57	train_loss: 0.2590 train_mae: 0.2590	val_loss: 0.2500 val_mae: 0.2500	test_loss: 0.2554 test_mae: 0.2554
train: {'epoch': 59, 'time_epoch': 579.95165, 'eta': 88021.81192, 'eta_hours': 24.4505, 'loss': 0.25766093, 'lr': 0.0002534, 'params': 504539, 'time_iter': 6.82296, 'mae': 0.25766, 'r2': 0.76668, 'spearmanr': 0.90626, 'mse': 0.23543, 'rmse': 0.46922}
val: {'epoch': 59, 'time_epoch': 30.28062, 'loss': 0.25350125, 'lr': 0, 'params': 504539, 'time_iter': 1.59372, 'mae': 0.2535, 'r2': 0.77546, 'spearmanr': 0.90716, 'mse': 0.21207, 'rmse': 0.44215}
test: {'epoch': 59, 'time_epoch': 33.47907, 'loss': 0.25775477, 'lr': 0, 'params': 504539, 'time_iter': 1.76206, 'mae': 0.25775, 'r2': 0.77027, 'spearmanr': 0.90593, 'mse': 0.23306, 'rmse': 0.46298}
> Epoch 59: took 643.9s (avg 693.9s) | Best so far: epoch 57	train_loss: 0.2590 train_mae: 0.2590	val_loss: 0.2500 val_mae: 0.2500	test_loss: 0.2554 test_mae: 0.2554
train: {'epoch': 60, 'time_epoch': 580.76855, 'eta': 87283.8018, 'eta_hours': 24.2455, 'loss': 0.25611272, 'lr': 0.00025159, 'params': 504539, 'time_iter': 6.83257, 'mae': 0.25611, 'r2': 0.77185, 'spearmanr': 0.90617, 'mse': 0.23018, 'rmse': 0.46378}
val: {'epoch': 60, 'time_epoch': 28.75203, 'loss': 0.29138034, 'lr': 0, 'params': 504539, 'time_iter': 1.51326, 'mae': 0.29138, 'r2': 0.68066, 'spearmanr': 0.90738, 'mse': 0.29804, 'rmse': 0.53494}
test: {'epoch': 60, 'time_epoch': 30.31176, 'loss': 0.30153671, 'lr': 0, 'params': 504539, 'time_iter': 1.59536, 'mae': 0.30154, 'r2': 0.66789, 'spearmanr': 0.90521, 'mse': 0.33705, 'rmse': 0.56861}
> Epoch 60: took 640.0s (avg 693.0s) | Best so far: epoch 57	train_loss: 0.2590 train_mae: 0.2590	val_loss: 0.2500 val_mae: 0.2500	test_loss: 0.2554 test_mae: 0.2554
train: {'epoch': 61, 'time_epoch': 584.32584, 'eta': 86558.78184, 'eta_hours': 24.04411, 'loss': 0.25750696, 'lr': 0.00024975, 'params': 504539, 'time_iter': 6.87442, 'mae': 0.25751, 'r2': 0.76672, 'spearmanr': 0.90641, 'mse': 0.2354, 'rmse': 0.46961}
val: {'epoch': 61, 'time_epoch': 29.95577, 'loss': 0.25063178, 'lr': 0, 'params': 504539, 'time_iter': 1.57662, 'mae': 0.25063, 'r2': 0.78316, 'spearmanr': 0.907, 'mse': 0.20534, 'rmse': 0.43444}
test: {'epoch': 61, 'time_epoch': 30.70324, 'loss': 0.25373769, 'lr': 0, 'params': 504539, 'time_iter': 1.61596, 'mae': 0.25374, 'r2': 0.77681, 'spearmanr': 0.90633, 'mse': 0.2262, 'rmse': 0.45655}
> Epoch 61: took 645.2s (avg 692.2s) | Best so far: epoch 57	train_loss: 0.2590 train_mae: 0.2590	val_loss: 0.2500 val_mae: 0.2500	test_loss: 0.2554 test_mae: 0.2554
train: {'epoch': 62, 'time_epoch': 578.94307, 'eta': 85826.52297, 'eta_hours': 23.8407, 'loss': 0.25780091, 'lr': 0.00024789, 'params': 504539, 'time_iter': 6.81109, 'mae': 0.2578, 'r2': 0.76548, 'spearmanr': 0.90642, 'mse': 0.23665, 'rmse': 0.47091}
val: {'epoch': 62, 'time_epoch': 30.49746, 'loss': 0.25184567, 'lr': 0, 'params': 504539, 'time_iter': 1.60513, 'mae': 0.25185, 'r2': 0.77263, 'spearmanr': 0.90717, 'mse': 0.21501, 'rmse': 0.44564}
test: {'epoch': 62, 'time_epoch': 33.10755, 'loss': 0.25942681, 'lr': 0, 'params': 504539, 'time_iter': 1.7425, 'mae': 0.25943, 'r2': 0.7566, 'spearmanr': 0.90494, 'mse': 0.24683, 'rmse': 0.47847}
> Epoch 62: took 642.7s (avg 691.4s) | Best so far: epoch 57	train_loss: 0.2590 train_mae: 0.2590	val_loss: 0.2500 val_mae: 0.2500	test_loss: 0.2554 test_mae: 0.2554
train: {'epoch': 63, 'time_epoch': 615.32408, 'eta': 85176.36485, 'eta_hours': 23.6601, 'loss': 0.25584862, 'lr': 0.000246, 'params': 504539, 'time_iter': 7.23911, 'mae': 0.25585, 'r2': 0.77071, 'spearmanr': 0.90701, 'mse': 0.23135, 'rmse': 0.46519}
val: {'epoch': 63, 'time_epoch': 32.20063, 'loss': 0.29460989, 'lr': 0, 'params': 504539, 'time_iter': 1.69477, 'mae': 0.29461, 'r2': 0.69059, 'spearmanr': 0.90435, 'mse': 0.29032, 'rmse': 0.53001}
test: {'epoch': 63, 'time_epoch': 34.08896, 'loss': 0.30271454, 'lr': 0, 'params': 504539, 'time_iter': 1.79416, 'mae': 0.30271, 'r2': 0.67764, 'spearmanr': 0.90331, 'mse': 0.32664, 'rmse': 0.56235}
> Epoch 63: took 681.8s (avg 691.3s) | Best so far: epoch 57	train_loss: 0.2590 train_mae: 0.2590	val_loss: 0.2500 val_mae: 0.2500	test_loss: 0.2554 test_mae: 0.2554
train: {'epoch': 64, 'time_epoch': 635.4605, 'eta': 84569.10036, 'eta_hours': 23.49142, 'loss': 0.25491155, 'lr': 0.00024408, 'params': 504539, 'time_iter': 7.47601, 'mae': 0.25491, 'r2': 0.76574, 'spearmanr': 0.90834, 'mse': 0.23641, 'rmse': 0.47017}
val: {'epoch': 64, 'time_epoch': 34.79674, 'loss': 0.25211075, 'lr': 0, 'params': 504539, 'time_iter': 1.83141, 'mae': 0.25211, 'r2': 0.77671, 'spearmanr': 0.90664, 'mse': 0.21155, 'rmse': 0.44291}
test: {'epoch': 64, 'time_epoch': 33.12333, 'loss': 0.25971552, 'lr': 0, 'params': 504539, 'time_iter': 1.74333, 'mae': 0.25972, 'r2': 0.76357, 'spearmanr': 0.90492, 'mse': 0.23934, 'rmse': 0.47346}
> Epoch 64: took 703.6s (avg 691.5s) | Best so far: epoch 57	train_loss: 0.2590 train_mae: 0.2590	val_loss: 0.2500 val_mae: 0.2500	test_loss: 0.2554 test_mae: 0.2554
train: {'epoch': 65, 'time_epoch': 590.44114, 'eta': 83869.57848, 'eta_hours': 23.29711, 'loss': 0.25756745, 'lr': 0.00024213, 'params': 504539, 'time_iter': 6.94637, 'mae': 0.25757, 'r2': 0.76248, 'spearmanr': 0.90742, 'mse': 0.23971, 'rmse': 0.4741}
val: {'epoch': 65, 'time_epoch': 30.07636, 'loss': 0.31559037, 'lr': 0, 'params': 504539, 'time_iter': 1.58297, 'mae': 0.31559, 'r2': 0.64963, 'spearmanr': 0.90406, 'mse': 0.32778, 'rmse': 0.56275}
test: {'epoch': 65, 'time_epoch': 30.40945, 'loss': 0.32794573, 'lr': 0, 'params': 504539, 'time_iter': 1.6005, 'mae': 0.32795, 'r2': 0.62799, 'spearmanr': 0.90355, 'mse': 0.37617, 'rmse': 0.60351}
> Epoch 65: took 651.1s (avg 690.9s) | Best so far: epoch 57	train_loss: 0.2590 train_mae: 0.2590	val_loss: 0.2500 val_mae: 0.2500	test_loss: 0.2554 test_mae: 0.2554
train: {'epoch': 66, 'time_epoch': 582.702, 'eta': 83157.94998, 'eta_hours': 23.09943, 'loss': 0.25639603, 'lr': 0.00024016, 'params': 504539, 'time_iter': 6.85532, 'mae': 0.2564, 'r2': 0.77286, 'spearmanr': 0.90698, 'mse': 0.22917, 'rmse': 0.46296}
val: {'epoch': 66, 'time_epoch': 30.29675, 'loss': 0.26589619, 'lr': 0, 'params': 504539, 'time_iter': 1.59457, 'mae': 0.2659, 'r2': 0.75584, 'spearmanr': 0.90451, 'mse': 0.2309, 'rmse': 0.46615}
test: {'epoch': 66, 'time_epoch': 30.54294, 'loss': 0.27099901, 'lr': 0, 'params': 504539, 'time_iter': 1.60752, 'mae': 0.271, 'r2': 0.74849, 'spearmanr': 0.90409, 'mse': 0.25445, 'rmse': 0.49135}
> Epoch 66: took 643.7s (avg 690.2s) | Best so far: epoch 57	train_loss: 0.2590 train_mae: 0.2590	val_loss: 0.2500 val_mae: 0.2500	test_loss: 0.2554 test_mae: 0.2554
train: {'epoch': 67, 'time_epoch': 580.86515, 'eta': 82446.54779, 'eta_hours': 22.90182, 'loss': 0.25505234, 'lr': 0.00023817, 'params': 504539, 'time_iter': 6.83371, 'mae': 0.25505, 'r2': 0.76432, 'spearmanr': 0.90864, 'mse': 0.23787, 'rmse': 0.47233}
val: {'epoch': 67, 'time_epoch': 30.80226, 'loss': 0.26222115, 'lr': 0, 'params': 504539, 'time_iter': 1.62117, 'mae': 0.26222, 'r2': 0.77918, 'spearmanr': 0.90716, 'mse': 0.20902, 'rmse': 0.44008}
test: {'epoch': 67, 'time_epoch': 31.50102, 'loss': 0.26799822, 'lr': 0, 'params': 504539, 'time_iter': 1.65795, 'mae': 0.268, 'r2': 0.77049, 'spearmanr': 0.9057, 'mse': 0.23256, 'rmse': 0.46461}
> Epoch 67: took 643.4s (avg 689.5s) | Best so far: epoch 57	train_loss: 0.2590 train_mae: 0.2590	val_loss: 0.2500 val_mae: 0.2500	test_loss: 0.2554 test_mae: 0.2554
train: {'epoch': 68, 'time_epoch': 581.78587, 'eta': 81740.67732, 'eta_hours': 22.70574, 'loss': 0.25217489, 'lr': 0.00023615, 'params': 504539, 'time_iter': 6.84454, 'mae': 0.25217, 'r2': 0.77687, 'spearmanr': 0.90878, 'mse': 0.22513, 'rmse': 0.45897}
val: {'epoch': 68, 'time_epoch': 30.9353, 'loss': 0.25270056, 'lr': 0, 'params': 504539, 'time_iter': 1.62817, 'mae': 0.2527, 'r2': 0.77869, 'spearmanr': 0.90654, 'mse': 0.20936, 'rmse': 0.4392}
test: {'epoch': 68, 'time_epoch': 30.68965, 'loss': 0.25760053, 'lr': 0, 'params': 504539, 'time_iter': 1.61524, 'mae': 0.2576, 'r2': 0.76767, 'spearmanr': 0.90581, 'mse': 0.23562, 'rmse': 0.46702}
> Epoch 68: took 643.6s (avg 688.8s) | Best so far: epoch 57	train_loss: 0.2590 train_mae: 0.2590	val_loss: 0.2500 val_mae: 0.2500	test_loss: 0.2554 test_mae: 0.2554
train: {'epoch': 69, 'time_epoch': 572.76186, 'eta': 81021.59324, 'eta_hours': 22.506, 'loss': 0.25332676, 'lr': 0.00023411, 'params': 504539, 'time_iter': 6.73837, 'mae': 0.25333, 'r2': 0.77417, 'spearmanr': 0.90875, 'mse': 0.22786, 'rmse': 0.46193}
val: {'epoch': 69, 'time_epoch': 30.60342, 'loss': 0.24852725, 'lr': 0, 'params': 504539, 'time_iter': 1.61071, 'mae': 0.24853, 'r2': 0.78905, 'spearmanr': 0.9069, 'mse': 0.20016, 'rmse': 0.4275}
test: {'epoch': 69, 'time_epoch': 30.97164, 'loss': 0.25088446, 'lr': 0, 'params': 504539, 'time_iter': 1.63009, 'mae': 0.25088, 'r2': 0.78345, 'spearmanr': 0.90567, 'mse': 0.21946, 'rmse': 0.44785}
> Epoch 69: took 634.5s (avg 688.0s) | Best so far: epoch 69	train_loss: 0.2533 train_mae: 0.2533	val_loss: 0.2485 val_mae: 0.2485	test_loss: 0.2509 test_mae: 0.2509
train: {'epoch': 70, 'time_epoch': 576.18055, 'eta': 80312.84234, 'eta_hours': 22.30912, 'loss': 0.2499754, 'lr': 0.00023204, 'params': 504539, 'time_iter': 6.77859, 'mae': 0.24998, 'r2': 0.78791, 'spearmanr': 0.90928, 'mse': 0.21392, 'rmse': 0.44605}
val: {'epoch': 70, 'time_epoch': 32.67875, 'loss': 0.27703836, 'lr': 0, 'params': 504539, 'time_iter': 1.71993, 'mae': 0.27704, 'r2': 0.73485, 'spearmanr': 0.90443, 'mse': 0.24982, 'rmse': 0.48717}
test: {'epoch': 70, 'time_epoch': 31.03024, 'loss': 0.28505756, 'lr': 0, 'params': 504539, 'time_iter': 1.63317, 'mae': 0.28506, 'r2': 0.72497, 'spearmanr': 0.90298, 'mse': 0.27859, 'rmse': 0.51556}
> Epoch 70: took 640.1s (avg 687.4s) | Best so far: epoch 69	train_loss: 0.2533 train_mae: 0.2533	val_loss: 0.2485 val_mae: 0.2485	test_loss: 0.2509 test_mae: 0.2509
train: {'epoch': 71, 'time_epoch': 589.17598, 'eta': 79630.87694, 'eta_hours': 22.11969, 'loss': 0.24899792, 'lr': 0.00022995, 'params': 504539, 'time_iter': 6.93148, 'mae': 0.249, 'r2': 0.78628, 'spearmanr': 0.90944, 'mse': 0.21558, 'rmse': 0.44779}
val: {'epoch': 71, 'time_epoch': 30.35541, 'loss': 0.25014673, 'lr': 0, 'params': 504539, 'time_iter': 1.59765, 'mae': 0.25015, 'r2': 0.78939, 'spearmanr': 0.90803, 'mse': 0.19984, 'rmse': 0.42732}
test: {'epoch': 71, 'time_epoch': 30.4825, 'loss': 0.25504266, 'lr': 0, 'params': 504539, 'time_iter': 1.60434, 'mae': 0.25504, 'r2': 0.77789, 'spearmanr': 0.90613, 'mse': 0.22508, 'rmse': 0.45459}
> Epoch 71: took 650.2s (avg 686.8s) | Best so far: epoch 69	train_loss: 0.2533 train_mae: 0.2533	val_loss: 0.2485 val_mae: 0.2485	test_loss: 0.2509 test_mae: 0.2509
train: {'epoch': 72, 'time_epoch': 566.3195, 'eta': 78911.6897, 'eta_hours': 21.91991, 'loss': 0.25212428, 'lr': 0.00022785, 'params': 504539, 'time_iter': 6.66258, 'mae': 0.25212, 'r2': 0.77803, 'spearmanr': 0.90854, 'mse': 0.22395, 'rmse': 0.45754}
val: {'epoch': 72, 'time_epoch': 30.34545, 'loss': 0.25144343, 'lr': 0, 'params': 504539, 'time_iter': 1.59713, 'mae': 0.25144, 'r2': 0.78291, 'spearmanr': 0.90899, 'mse': 0.20558, 'rmse': 0.43446}
test: {'epoch': 72, 'time_epoch': 30.82754, 'loss': 0.25827164, 'lr': 0, 'params': 504539, 'time_iter': 1.6225, 'mae': 0.25827, 'r2': 0.76487, 'spearmanr': 0.90654, 'mse': 0.23845, 'rmse': 0.46896}
> Epoch 72: took 627.7s (avg 686.0s) | Best so far: epoch 69	train_loss: 0.2533 train_mae: 0.2533	val_loss: 0.2485 val_mae: 0.2485	test_loss: 0.2509 test_mae: 0.2509
train: {'epoch': 73, 'time_epoch': 577.77602, 'eta': 78216.14106, 'eta_hours': 21.72671, 'loss': 0.250875, 'lr': 0.00022571, 'params': 504539, 'time_iter': 6.79736, 'mae': 0.25088, 'r2': 0.78256, 'spearmanr': 0.90887, 'mse': 0.21934, 'rmse': 0.45179}
val: {'epoch': 73, 'time_epoch': 30.05601, 'loss': 0.28543929, 'lr': 0, 'params': 504539, 'time_iter': 1.5819, 'mae': 0.28544, 'r2': 0.727, 'spearmanr': 0.90453, 'mse': 0.25653, 'rmse': 0.49208}
test: {'epoch': 73, 'time_epoch': 30.75261, 'loss': 0.28788092, 'lr': 0, 'params': 504539, 'time_iter': 1.61856, 'mae': 0.28788, 'r2': 0.73517, 'spearmanr': 0.905, 'mse': 0.26893, 'rmse': 0.50221}
> Epoch 73: took 638.8s (avg 685.4s) | Best so far: epoch 69	train_loss: 0.2533 train_mae: 0.2533	val_loss: 0.2485 val_mae: 0.2485	test_loss: 0.2509 test_mae: 0.2509
train: {'epoch': 74, 'time_epoch': 577.44561, 'eta': 77523.18234, 'eta_hours': 21.53422, 'loss': 0.25301666, 'lr': 0.00022356, 'params': 504539, 'time_iter': 6.79348, 'mae': 0.25302, 'r2': 0.78262, 'spearmanr': 0.9091, 'mse': 0.21929, 'rmse': 0.45296}
val: {'epoch': 74, 'time_epoch': 30.06981, 'loss': 0.27663207, 'lr': 0, 'params': 504539, 'time_iter': 1.58262, 'mae': 0.27663, 'r2': 0.72857, 'spearmanr': 0.90388, 'mse': 0.25572, 'rmse': 0.49477}
test: {'epoch': 74, 'time_epoch': 30.85941, 'loss': 0.28395586, 'lr': 0, 'params': 504539, 'time_iter': 1.62418, 'mae': 0.28396, 'r2': 0.72301, 'spearmanr': 0.90374, 'mse': 0.28039, 'rmse': 0.51936}
> Epoch 74: took 638.5s (avg 684.8s) | Best so far: epoch 69	train_loss: 0.2533 train_mae: 0.2533	val_loss: 0.2485 val_mae: 0.2485	test_loss: 0.2509 test_mae: 0.2509
train: {'epoch': 75, 'time_epoch': 576.98588, 'eta': 76832.51336, 'eta_hours': 21.34236, 'loss': 0.25126063, 'lr': 0.00022139, 'params': 504539, 'time_iter': 6.78807, 'mae': 0.25126, 'r2': 0.78329, 'spearmanr': 0.90925, 'mse': 0.21861, 'rmse': 0.45148}
val: {'epoch': 75, 'time_epoch': 29.97103, 'loss': 0.33868466, 'lr': 0, 'params': 504539, 'time_iter': 1.57742, 'mae': 0.33868, 'r2': 0.60511, 'spearmanr': 0.90568, 'mse': 0.36881, 'rmse': 0.59844}
test: {'epoch': 75, 'time_epoch': 31.05931, 'loss': 0.34733238, 'lr': 0, 'params': 504539, 'time_iter': 1.6347, 'mae': 0.34733, 'r2': 0.59433, 'spearmanr': 0.90535, 'mse': 0.40996, 'rmse': 0.63174}
> Epoch 75: took 638.2s (avg 684.2s) | Best so far: epoch 69	train_loss: 0.2533 train_mae: 0.2533	val_loss: 0.2485 val_mae: 0.2485	test_loss: 0.2509 test_mae: 0.2509
train: {'epoch': 76, 'time_epoch': 578.54878, 'eta': 76147.29376, 'eta_hours': 21.15203, 'loss': 0.25092447, 'lr': 0.0002192, 'params': 504539, 'time_iter': 6.80646, 'mae': 0.25092, 'r2': 0.78222, 'spearmanr': 0.9089, 'mse': 0.21968, 'rmse': 0.4528}
val: {'epoch': 76, 'time_epoch': 37.36721, 'loss': 0.24692019, 'lr': 0, 'params': 504539, 'time_iter': 1.9667, 'mae': 0.24692, 'r2': 0.80091, 'spearmanr': 0.90829, 'mse': 0.18934, 'rmse': 0.41445}
test: {'epoch': 76, 'time_epoch': 31.30851, 'loss': 0.25418436, 'lr': 0, 'params': 504539, 'time_iter': 1.64782, 'mae': 0.25418, 'r2': 0.77556, 'spearmanr': 0.90509, 'mse': 0.22744, 'rmse': 0.45721}
> Epoch 76: took 647.4s (avg 683.7s) | Best so far: epoch 76	train_loss: 0.2509 train_mae: 0.2509	val_loss: 0.2469 val_mae: 0.2469	test_loss: 0.2542 test_mae: 0.2542
train: {'epoch': 77, 'time_epoch': 586.08262, 'eta': 75476.59301, 'eta_hours': 20.96572, 'loss': 0.25090662, 'lr': 0.00021699, 'params': 504539, 'time_iter': 6.89509, 'mae': 0.25091, 'r2': 0.78015, 'spearmanr': 0.90999, 'mse': 0.2218, 'rmse': 0.45515}
val: {'epoch': 77, 'time_epoch': 30.71237, 'loss': 0.24722431, 'lr': 0, 'params': 504539, 'time_iter': 1.61644, 'mae': 0.24722, 'r2': 0.79076, 'spearmanr': 0.90716, 'mse': 0.19848, 'rmse': 0.42635}
test: {'epoch': 77, 'time_epoch': 30.37699, 'loss': 0.25177952, 'lr': 0, 'params': 504539, 'time_iter': 1.59879, 'mae': 0.25178, 'r2': 0.77931, 'spearmanr': 0.90627, 'mse': 0.22374, 'rmse': 0.45261}
> Epoch 77: took 647.3s (avg 683.2s) | Best so far: epoch 76	train_loss: 0.2509 train_mae: 0.2509	val_loss: 0.2469 val_mae: 0.2469	test_loss: 0.2542 test_mae: 0.2542
train: {'epoch': 78, 'time_epoch': 580.94437, 'eta': 74800.16452, 'eta_hours': 20.77782, 'loss': 0.25043095, 'lr': 0.00021476, 'params': 504539, 'time_iter': 6.83464, 'mae': 0.25043, 'r2': 0.78365, 'spearmanr': 0.90948, 'mse': 0.21825, 'rmse': 0.451}
val: {'epoch': 78, 'time_epoch': 30.53785, 'loss': 0.26525866, 'lr': 0, 'params': 504539, 'time_iter': 1.60726, 'mae': 0.26526, 'r2': 0.7706, 'spearmanr': 0.9058, 'mse': 0.21701, 'rmse': 0.44949}
test: {'epoch': 78, 'time_epoch': 30.90386, 'loss': 0.26955373, 'lr': 0, 'params': 504539, 'time_iter': 1.62652, 'mae': 0.26955, 'r2': 0.75933, 'spearmanr': 0.90545, 'mse': 0.24406, 'rmse': 0.4774}
> Epoch 78: took 642.6s (avg 682.7s) | Best so far: epoch 76	train_loss: 0.2509 train_mae: 0.2509	val_loss: 0.2469 val_mae: 0.2469	test_loss: 0.2542 test_mae: 0.2542
train: {'epoch': 79, 'time_epoch': 582.3304, 'eta': 74128.20217, 'eta_hours': 20.59117, 'loss': 0.24903365, 'lr': 0.00021252, 'params': 504539, 'time_iter': 6.85095, 'mae': 0.24903, 'r2': 0.78023, 'spearmanr': 0.91023, 'mse': 0.22174, 'rmse': 0.45513}
val: {'epoch': 79, 'time_epoch': 32.33732, 'loss': 0.25293221, 'lr': 0, 'params': 504539, 'time_iter': 1.70196, 'mae': 0.25293, 'r2': 0.77544, 'spearmanr': 0.90884, 'mse': 0.21269, 'rmse': 0.44143}
test: {'epoch': 79, 'time_epoch': 31.23793, 'loss': 0.25927292, 'lr': 0, 'params': 504539, 'time_iter': 1.6441, 'mae': 0.25927, 'r2': 0.75457, 'spearmanr': 0.90663, 'mse': 0.24904, 'rmse': 0.47898}
> Epoch 79: took 646.1s (avg 682.2s) | Best so far: epoch 76	train_loss: 0.2509 train_mae: 0.2509	val_loss: 0.2469 val_mae: 0.2469	test_loss: 0.2542 test_mae: 0.2542
train: {'epoch': 80, 'time_epoch': 576.16993, 'eta': 73449.40239, 'eta_hours': 20.40261, 'loss': 0.24875497, 'lr': 0.00021025, 'params': 504539, 'time_iter': 6.77847, 'mae': 0.24875, 'r2': 0.7845, 'spearmanr': 0.91024, 'mse': 0.21739, 'rmse': 0.45066}
val: {'epoch': 80, 'time_epoch': 30.2514, 'loss': 0.25746269, 'lr': 0, 'params': 504539, 'time_iter': 1.59218, 'mae': 0.25746, 'r2': 0.77269, 'spearmanr': 0.90465, 'mse': 0.215, 'rmse': 0.44843}
test: {'epoch': 80, 'time_epoch': 30.35467, 'loss': 0.2642624, 'lr': 0, 'params': 504539, 'time_iter': 1.59761, 'mae': 0.26426, 'r2': 0.75584, 'spearmanr': 0.90177, 'mse': 0.24728, 'rmse': 0.48273}
> Epoch 80: took 637.0s (avg 681.7s) | Best so far: epoch 76	train_loss: 0.2509 train_mae: 0.2509	val_loss: 0.2469 val_mae: 0.2469	test_loss: 0.2542 test_mae: 0.2542
train: {'epoch': 81, 'time_epoch': 582.6177, 'eta': 72782.38427, 'eta_hours': 20.21733, 'loss': 0.24908333, 'lr': 0.00020797, 'params': 504539, 'time_iter': 6.85433, 'mae': 0.24908, 'r2': 0.78763, 'spearmanr': 0.91006, 'mse': 0.21422, 'rmse': 0.44672}
val: {'epoch': 81, 'time_epoch': 30.55539, 'loss': 0.26249295, 'lr': 0, 'params': 504539, 'time_iter': 1.60818, 'mae': 0.26249, 'r2': 0.75628, 'spearmanr': 0.90322, 'mse': 0.23017, 'rmse': 0.46522}
test: {'epoch': 81, 'time_epoch': 30.49829, 'loss': 0.26871484, 'lr': 0, 'params': 504539, 'time_iter': 1.60517, 'mae': 0.26871, 'r2': 0.74452, 'spearmanr': 0.90197, 'mse': 0.25887, 'rmse': 0.49462}
> Epoch 81: took 643.8s (avg 681.2s) | Best so far: epoch 76	train_loss: 0.2509 train_mae: 0.2509	val_loss: 0.2469 val_mae: 0.2469	test_loss: 0.2542 test_mae: 0.2542
train: {'epoch': 82, 'time_epoch': 607.2436, 'eta': 72152.11353, 'eta_hours': 20.04225, 'loss': 0.24883718, 'lr': 0.00020568, 'params': 504539, 'time_iter': 7.14404, 'mae': 0.24884, 'r2': 0.78836, 'spearmanr': 0.91095, 'mse': 0.2135, 'rmse': 0.44672}
val: {'epoch': 82, 'time_epoch': 30.61513, 'loss': 0.27852342, 'lr': 0, 'params': 504539, 'time_iter': 1.61132, 'mae': 0.27852, 'r2': 0.74222, 'spearmanr': 0.90716, 'mse': 0.24281, 'rmse': 0.48062}
test: {'epoch': 82, 'time_epoch': 32.69186, 'loss': 0.28465932, 'lr': 0, 'params': 504539, 'time_iter': 1.72062, 'mae': 0.28466, 'r2': 0.73522, 'spearmanr': 0.90538, 'mse': 0.26817, 'rmse': 0.50526}
> Epoch 82: took 670.7s (avg 681.1s) | Best so far: epoch 76	train_loss: 0.2509 train_mae: 0.2509	val_loss: 0.2469 val_mae: 0.2469	test_loss: 0.2542 test_mae: 0.2542
train: {'epoch': 83, 'time_epoch': 601.44652, 'eta': 71514.38555, 'eta_hours': 19.86511, 'loss': 0.25000886, 'lr': 0.00020337, 'params': 504539, 'time_iter': 7.07584, 'mae': 0.25001, 'r2': 0.78495, 'spearmanr': 0.90912, 'mse': 0.21694, 'rmse': 0.44995}
val: {'epoch': 83, 'time_epoch': 29.89425, 'loss': 0.25894885, 'lr': 0, 'params': 504539, 'time_iter': 1.57338, 'mae': 0.25895, 'r2': 0.76959, 'spearmanr': 0.90584, 'mse': 0.21787, 'rmse': 0.44919}
test: {'epoch': 83, 'time_epoch': 30.82051, 'loss': 0.26405767, 'lr': 0, 'params': 504539, 'time_iter': 1.62213, 'mae': 0.26406, 'r2': 0.75972, 'spearmanr': 0.90489, 'mse': 0.2438, 'rmse': 0.4754}
> Epoch 83: took 662.4s (avg 680.9s) | Best so far: epoch 76	train_loss: 0.2509 train_mae: 0.2509	val_loss: 0.2469 val_mae: 0.2469	test_loss: 0.2542 test_mae: 0.2542
train: {'epoch': 84, 'time_epoch': 588.76114, 'eta': 70860.34868, 'eta_hours': 19.68343, 'loss': 0.24764991, 'lr': 0.00020104, 'params': 504539, 'time_iter': 6.9266, 'mae': 0.24765, 'r2': 0.78376, 'spearmanr': 0.91138, 'mse': 0.21818, 'rmse': 0.45161}
val: {'epoch': 84, 'time_epoch': 31.04427, 'loss': 0.31894439, 'lr': 0, 'params': 504539, 'time_iter': 1.63391, 'mae': 0.31894, 'r2': 0.65532, 'spearmanr': 0.90208, 'mse': 0.32341, 'rmse': 0.55739}
test: {'epoch': 84, 'time_epoch': 30.79695, 'loss': 0.32896541, 'lr': 0, 'params': 504539, 'time_iter': 1.62089, 'mae': 0.32897, 'r2': 0.6387, 'spearmanr': 0.90116, 'mse': 0.36466, 'rmse': 0.5931}
> Epoch 84: took 650.8s (avg 680.5s) | Best so far: epoch 76	train_loss: 0.2509 train_mae: 0.2509	val_loss: 0.2469 val_mae: 0.2469	test_loss: 0.2542 test_mae: 0.2542
train: {'epoch': 85, 'time_epoch': 586.68225, 'eta': 70205.07412, 'eta_hours': 19.50141, 'loss': 0.24580174, 'lr': 0.0001987, 'params': 504539, 'time_iter': 6.90214, 'mae': 0.2458, 'r2': 0.78622, 'spearmanr': 0.91127, 'mse': 0.21567, 'rmse': 0.44853}
val: {'epoch': 85, 'time_epoch': 31.34164, 'loss': 0.25293825, 'lr': 0, 'params': 504539, 'time_iter': 1.64956, 'mae': 0.25294, 'r2': 0.78844, 'spearmanr': 0.90739, 'mse': 0.20068, 'rmse': 0.42957}
test: {'epoch': 85, 'time_epoch': 30.99561, 'loss': 0.25599795, 'lr': 0, 'params': 504539, 'time_iter': 1.63135, 'mae': 0.256, 'r2': 0.77971, 'spearmanr': 0.90575, 'mse': 0.22315, 'rmse': 0.4536}
> Epoch 85: took 649.2s (avg 680.2s) | Best so far: epoch 76	train_loss: 0.2509 train_mae: 0.2509	val_loss: 0.2469 val_mae: 0.2469	test_loss: 0.2542 test_mae: 0.2542
train: {'epoch': 86, 'time_epoch': 588.75443, 'eta': 69554.06785, 'eta_hours': 19.32057, 'loss': 0.24428598, 'lr': 0.00019635, 'params': 504539, 'time_iter': 6.92652, 'mae': 0.24429, 'r2': 0.79277, 'spearmanr': 0.91171, 'mse': 0.20903, 'rmse': 0.44094}
val: {'epoch': 86, 'time_epoch': 28.84369, 'loss': 0.26001064, 'lr': 0, 'params': 504539, 'time_iter': 1.51809, 'mae': 0.26001, 'r2': 0.77431, 'spearmanr': 0.90628, 'mse': 0.21368, 'rmse': 0.44484}
test: {'epoch': 86, 'time_epoch': 30.50698, 'loss': 0.26448034, 'lr': 0, 'params': 504539, 'time_iter': 1.60563, 'mae': 0.26448, 'r2': 0.76433, 'spearmanr': 0.90531, 'mse': 0.23882, 'rmse': 0.4711}
> Epoch 86: took 648.3s (avg 679.8s) | Best so far: epoch 76	train_loss: 0.2509 train_mae: 0.2509	val_loss: 0.2469 val_mae: 0.2469	test_loss: 0.2542 test_mae: 0.2542
train: {'epoch': 87, 'time_epoch': 585.73663, 'eta': 68900.63555, 'eta_hours': 19.13907, 'loss': 0.24471256, 'lr': 0.00019399, 'params': 504539, 'time_iter': 6.89102, 'mae': 0.24471, 'r2': 0.794, 'spearmanr': 0.91123, 'mse': 0.20777, 'rmse': 0.43985}
val: {'epoch': 87, 'time_epoch': 30.06885, 'loss': 0.25597087, 'lr': 0, 'params': 504539, 'time_iter': 1.58257, 'mae': 0.25597, 'r2': 0.7668, 'spearmanr': 0.90692, 'mse': 0.22049, 'rmse': 0.45183}
test: {'epoch': 87, 'time_epoch': 30.99057, 'loss': 0.25960597, 'lr': 0, 'params': 504539, 'time_iter': 1.63108, 'mae': 0.25961, 'r2': 0.76484, 'spearmanr': 0.90523, 'mse': 0.23838, 'rmse': 0.46946}
> Epoch 87: took 647.0s (avg 679.4s) | Best so far: epoch 76	train_loss: 0.2509 train_mae: 0.2509	val_loss: 0.2469 val_mae: 0.2469	test_loss: 0.2542 test_mae: 0.2542
